Log file open, 11/05/20 10:17:13
LogInit: Display: Running engine for game: A1
LogPlatformFile: Not using cached read wrapper
LogTaskGraph: Started task graph with 5 named threads and 11 total threads with 3 sets of task threads.
LogStats: Stats thread started at 0.382383
LogD3D11RHI: Loaded GFSDK_Aftermath_Lib.x64.dll
LogICUInternationalization: ICU TimeZone Detection - Raw Offset: -5:00, Platform Override: ''
LogPluginManager: Mounting plugin Paper2D
LogPluginManager: Mounting plugin AISupport
LogPluginManager: Mounting plugin LightPropagationVolume
LogPluginManager: Mounting plugin CameraShakePreviewer
LogPluginManager: Mounting plugin ActorLayerUtilities
LogPluginManager: Mounting plugin AnimationSharing
LogPluginManager: Mounting plugin CLionSourceCodeAccess
LogPluginManager: Mounting plugin CodeLiteSourceCodeAccess
LogPluginManager: Mounting plugin GitSourceControl
LogPluginManager: Mounting plugin KDevelopSourceCodeAccess
LogPluginManager: Mounting plugin NullSourceCodeAccess
LogPluginManager: Mounting plugin PerforceSourceControl
LogPluginManager: Mounting plugin PlasticSourceControl
LogPluginManager: Mounting plugin RiderSourceCodeAccess
LogPluginManager: Mounting plugin SubversionSourceControl
LogPluginManager: Mounting plugin UObjectPlugin
LogPluginManager: Mounting plugin VisualStudioCodeSourceCodeAccess
LogPluginManager: Mounting plugin VisualStudioSourceCodeAccess
LogPluginManager: Mounting plugin XCodeSourceCodeAccess
LogPluginManager: Mounting plugin AssetManagerEditor
LogPluginManager: Mounting plugin CryptoKeys
LogPluginManager: Mounting plugin CurveEditorTools
LogPluginManager: Mounting plugin DataValidation
LogPluginManager: Mounting plugin EditorScriptingUtilities
LogPluginManager: Mounting plugin FacialAnimation
LogPluginManager: Mounting plugin GameplayTagsEditor
LogPluginManager: Mounting plugin GeometryMode
LogPluginManager: Mounting plugin MacGraphicsSwitching
LogPluginManager: Mounting plugin MaterialAnalyzer
LogPluginManager: Mounting plugin MobileLauncherProfileWizard
LogPluginManager: Mounting plugin PluginBrowser
LogPluginManager: Mounting plugin SpeedTreeImporter
LogPluginManager: Mounting plugin DatasmithContent
LogPluginManager: Mounting plugin VariantManagerContent
LogPluginManager: Mounting plugin AlembicImporter
LogPluginManager: Mounting plugin AutomationUtils
LogPluginManager: Mounting plugin BackChannel
LogPluginManager: Mounting plugin ChaosCloth
LogPluginManager: Mounting plugin ChaosClothEditor
LogPluginManager: Mounting plugin ChaosEditor
LogPluginManager: Mounting plugin ChaosNiagara
LogPluginManager: Mounting plugin ChaosSolverPlugin
LogPluginManager: Mounting plugin CharacterAI
LogPluginManager: Mounting plugin GeometryCache
LogPluginManager: Mounting plugin GeometryCollectionPlugin
LogPluginManager: Mounting plugin GeometryProcessing
LogPluginManager: Mounting plugin PlanarCut
LogPluginManager: Mounting plugin PlatformCrypto
LogPluginManager: Mounting plugin ProxyLODPlugin
LogPluginManager: Mounting plugin SkeletalReduction
LogPluginManager: Mounting plugin Niagara
LogPluginManager: Mounting plugin MagicLeap
LogPluginManager: Mounting plugin MagicLeapLightEstimation
LogPluginManager: Mounting plugin MagicLeapMedia
LogPluginManager: Mounting plugin MagicLeapPassableWorld
LogPluginManager: Mounting plugin MLSDK
LogPluginManager: Mounting plugin AndroidMedia
LogPluginManager: Mounting plugin AvfMedia
LogPluginManager: Mounting plugin ImgMedia
LogPluginManager: Mounting plugin MediaCompositing
LogPluginManager: Mounting plugin MediaPlayerEditor
LogPluginManager: Mounting plugin WebMMedia
LogPluginManager: Mounting plugin WmfMedia
LogPluginManager: Mounting plugin MeshPainting
LogPluginManager: Mounting plugin TcpMessaging
LogPluginManager: Mounting plugin UdpMessaging
LogPluginManager: Mounting plugin ActorSequence
LogPluginManager: Mounting plugin LevelSequenceEditor
LogPluginManager: Mounting plugin MatineeToLevelSequence
LogPluginManager: Mounting plugin MovieRenderPipeline
LogPluginManager: Mounting plugin TemplateSequence
LogPluginManager: Mounting plugin NetcodeUnitTest
LogPluginManager: Mounting plugin NUTUnrealEngine4
LogPluginManager: Mounting plugin OnlineSubsystemGooglePlay
LogPluginManager: Mounting plugin OnlineSubsystemIOS
LogPluginManager: Mounting plugin OnlineSubsystem
LogPluginManager: Mounting plugin OnlineSubsystemNull
LogPluginManager: Mounting plugin OnlineSubsystemUtils
LogPluginManager: Mounting plugin LauncherChunkInstaller
LogPluginManager: Mounting plugin AndroidDeviceProfileSelector
LogPluginManager: Mounting plugin AndroidMoviePlayer
LogPluginManager: Mounting plugin AndroidPermission
LogPluginManager: Mounting plugin AppleImageUtils
LogPluginManager: Mounting plugin AppleMoviePlayer
LogPluginManager: Mounting plugin ArchVisCharacter
LogPluginManager: Mounting plugin AssetTags
LogPluginManager: Mounting plugin AudioCapture
LogPluginManager: Mounting plugin CableComponent
LogPluginManager: Mounting plugin CustomMeshComponent
LogPluginManager: Mounting plugin EditableMesh
LogPluginManager: Mounting plugin ExampleDeviceProfileSelector
LogPluginManager: Mounting plugin GoogleCloudMessaging
LogPluginManager: Mounting plugin GooglePAD
LogPluginManager: Mounting plugin IOSDeviceProfileSelector
LogPluginManager: Mounting plugin LinuxDeviceProfileSelector
LogPluginManager: Mounting plugin LocationServicesBPLibrary
LogPluginManager: Mounting plugin MobilePatchingUtils
LogPluginManager: Mounting plugin OculusVR
LogPluginManager: Mounting plugin PhysXVehicles
LogPluginManager: Mounting plugin PostSplashScreen
LogPluginManager: Mounting plugin ProceduralMeshComponent
LogPluginManager: Mounting plugin RuntimePhysXCooking
LogPluginManager: Mounting plugin SignificanceManager
LogPluginManager: Mounting plugin SoundFields
LogPluginManager: Mounting plugin SteamVR
LogPluginManager: Mounting plugin Synthesis
LogPluginManager: Mounting plugin WebMMoviePlayer
LogPluginManager: Mounting plugin WindowsMoviePlayer
LogPluginManager: Mounting plugin ScreenshotTools
LogInit: Using libcurl 7.55.1-DEV
LogInit:  - built for x86_64-pc-win32
LogInit:  - supports SSL with OpenSSL/1.1.1
LogInit:  - supports HTTP deflate (compression) using libz 1.2.8
LogInit:  - other features:
LogInit:      CURL_VERSION_SSL
LogInit:      CURL_VERSION_LIBZ
LogInit:      CURL_VERSION_IPV6
LogInit:      CURL_VERSION_ASYNCHDNS
LogInit:      CURL_VERSION_LARGEFILE
LogInit:      CURL_VERSION_IDN
LogInit:  CurlRequestOptions (configurable via config and command line):
LogInit:  - bVerifyPeer = true  - Libcurl will verify peer certificate
LogInit:  - bUseHttpProxy = false  - Libcurl will NOT use HTTP proxy
LogInit:  - bDontReuseConnections = false  - Libcurl will reuse connections
LogInit:  - MaxHostConnections = 16  - Libcurl will limit the number of connections to a host
LogInit:  - LocalHostAddr = Default
LogInit:  - BufferSize = 65536
LogOnline: OSS: Creating online subsystem instance for: NULL
LogInit: WinSock: version 1.1 (2.2), MaxSocks=32767, MaxUdp=65467
LogOnline: OSS: TryLoadSubsystemAndSetDefault: Loaded subsystem for module [NULL]
LogInit: Build: ++UE4+Release-4.25-CL-13942748
LogInit: Engine Version: 4.25.3-13942748+++UE4+Release-4.25
LogInit: Compatible Engine Version: 4.25.0-13144385+++UE4+Release-4.25
LogInit: Net CL: 13144385
LogInit: OS: Windows 10 (Release 1909) (), CPU: Intel(R) Core(TM) i3-6006U CPU @ 2.00GHz, GPU: Intel(R) HD Graphics 520
LogInit: Compiled (64-bit): Jul 25 2020 02:07:48
LogInit: Compiled with Visual C++: 19.24.28315.00
LogInit: Build Configuration: Development
LogInit: Branch Name: ++UE4+Release-4.25
LogInit: Command Line:  -EpicPortal -epicusername=reginaexmachina -epicuserid=d311196ebf5f4137a51cf8f921a1c2e6 -epiclocale=en
LogInit: Base Directory: C:/Program Files/Epic Games/UE_4.25/Engine/Binaries/Win64/
LogInit: Allocator: TBB
LogInit: Installed Engine Build: 1
LogDevObjectVersion: Number of dev versions registered: 26
LogDevObjectVersion:   Dev-Blueprints (B0D832E4-1F89-4F0D-ACCF-7EB736FD4AA2): 10
LogDevObjectVersion:   Dev-Build (E1C64328-A22C-4D53-A36C-8E866417BD8C): 0
LogDevObjectVersion:   Dev-Core (375EC13C-06E4-48FB-B500-84F0262A717E): 4
LogDevObjectVersion:   Dev-Editor (E4B068ED-F494-42E9-A231-DA0B2E46BB41): 38
LogDevObjectVersion:   Dev-Framework (CFFC743F-43B0-4480-9391-14DF171D2073): 37
LogDevObjectVersion:   Dev-Mobile (B02B49B5-BB20-44E9-A304-32B752E40360): 2
LogDevObjectVersion:   Dev-Networking (A4E4105C-59A1-49B5-A7C5-40C4547EDFEE): 0
LogDevObjectVersion:   Dev-Online (39C831C9-5AE6-47DC-9A44-9C173E1C8E7C): 0
LogDevObjectVersion:   Dev-Physics (78F01B33-EBEA-4F98-B9B4-84EACCB95AA2): 4
LogDevObjectVersion:   Dev-Platform (6631380F-2D4D-43E0-8009-CF276956A95A): 0
LogDevObjectVersion:   Dev-Rendering (12F88B9F-8875-4AFC-A67C-D90C383ABD29): 43
LogDevObjectVersion:   Dev-Sequencer (7B5AE74C-D270-4C10-A958-57980B212A5A): 12
LogDevObjectVersion:   Dev-VR (D7296918-1DD6-4BDD-9DE2-64A83CC13884): 3
LogDevObjectVersion:   Dev-LoadTimes (C2A15278-BFE7-4AFE-6C17-90FF531DF755): 1
LogDevObjectVersion:   Private-Geometry (6EACA3D4-40EC-4CC1-B786-8BED09428FC5): 3
LogDevObjectVersion:   Dev-AnimPhys (29E575DD-E0A3-4627-9D10-D276232CDCEA): 17
LogDevObjectVersion:   Dev-Anim (AF43A65D-7FD3-4947-9873-3E8ED9C1BB05): 7
LogDevObjectVersion:   Dev-ReflectionCapture (6B266CEC-1EC7-4B8F-A30B-E4D90942FC07): 1
LogDevObjectVersion:   Dev-Automation (0DF73D61-A23F-47EA-B727-89E90C41499A): 1
LogDevObjectVersion:   FortniteMain (601D1886-AC64-4F84-AA16-D3DE0DEAC7D6): 31
LogDevObjectVersion:   Dev-Enterprise (9DFFBCD6-494F-0158-E221-12823C92A888): 10
LogDevObjectVersion:   Dev-Niagara (F2AED0AC-9AFE-416F-8664-AA7FFA26D6FC): 1
LogDevObjectVersion:   Dev-Destruction (174F1F0B-B4C6-45A5-B13F-2EE8D0FB917D): 10
LogDevObjectVersion:   Dev-Physics-Ext (35F94A83-E258-406C-A318-09F59610247C): 37
LogDevObjectVersion:   Dev-PhysicsMaterial-Chaos (B68FC16E-8B1B-42E2-B453-215C058844FE): 1
LogDevObjectVersion:   Dev-CineCamera (B2E18506-4273-CFC2-A54E-F4BB758BBA07): 1
LogInit: Presizing for max 25165824 objects, including 0 objects not considered by GC, pre-allocating 0 bytes for permanent pool.
LogConfig: Applying CVar settings from Section [/Script/Engine.StreamingSettings] File [E:/A2/GAM537_A1/A1/Saved/Config/Windows/Engine.ini]
LogConfig: Setting CVar [[s.MinBulkDataSizeForAsyncLoading:131072]]
LogConfig: Setting CVar [[s.AsyncLoadingThreadEnabled:0]]
LogConfig: Setting CVar [[s.EventDrivenLoaderEnabled:1]]
LogConfig: Setting CVar [[s.WarnIfTimeLimitExceeded:0]]
LogConfig: Setting CVar [[s.TimeLimitExceededMultiplier:1.5]]
LogConfig: Setting CVar [[s.TimeLimitExceededMinTime:0.005]]
LogConfig: Setting CVar [[s.UseBackgroundLevelStreaming:1]]
LogConfig: Setting CVar [[s.PriorityAsyncLoadingExtraTime:15.0]]
LogConfig: Setting CVar [[s.LevelStreamingActorsUpdateTimeLimit:5.0]]
LogConfig: Setting CVar [[s.PriorityLevelStreamingActorsUpdateExtraTime:5.0]]
LogConfig: Setting CVar [[s.LevelStreamingComponentsRegistrationGranularity:10]]
LogConfig: Setting CVar [[s.UnregisterComponentsTimeLimit:1.0]]
LogConfig: Setting CVar [[s.LevelStreamingComponentsUnregistrationGranularity:5]]
LogConfig: Setting CVar [[s.FlushStreamingOnExit:1]]
LogInit: Object subsystem initialized
LogConfig: Setting CVar [[con.DebugEarlyDefault:1]]
LogConfig: Setting CVar [[r.setres:1280x720]]
[2020.11.05-15.17.13:980][  0]LogConfig: Setting CVar [[r.VSync:0]]
[2020.11.05-15.17.13:980][  0]LogConfig: Setting CVar [[r.RHICmdBypass:0]]
[2020.11.05-15.17.13:980][  0]LogConfig: Applying CVar settings from Section [/Script/Engine.RendererSettings] File [E:/A2/GAM537_A1/A1/Saved/Config/Windows/Engine.ini]
[2020.11.05-15.17.13:980][  0]LogConfig: Setting CVar [[r.GPUCrashDebugging:0]]
[2020.11.05-15.17.13:980][  0]LogConfig: Applying CVar settings from Section [/Script/Engine.RendererOverrideSettings] File [E:/A2/GAM537_A1/A1/Saved/Config/Windows/Engine.ini]
[2020.11.05-15.17.13:980][  0]LogConfig: Applying CVar settings from Section [/Script/Engine.StreamingSettings] File [E:/A2/GAM537_A1/A1/Saved/Config/Windows/Engine.ini]
[2020.11.05-15.17.13:980][  0]LogConfig: Setting CVar [[s.MinBulkDataSizeForAsyncLoading:131072]]
[2020.11.05-15.17.13:980][  0]LogConfig: Setting CVar [[s.AsyncLoadingThreadEnabled:0]]
[2020.11.05-15.17.13:980][  0]LogConfig: Setting CVar [[s.EventDrivenLoaderEnabled:1]]
[2020.11.05-15.17.13:980][  0]LogConfig: Setting CVar [[s.WarnIfTimeLimitExceeded:0]]
[2020.11.05-15.17.13:980][  0]LogConfig: Setting CVar [[s.TimeLimitExceededMultiplier:1.5]]
[2020.11.05-15.17.13:980][  0]LogConfig: Setting CVar [[s.TimeLimitExceededMinTime:0.005]]
[2020.11.05-15.17.13:980][  0]LogConfig: Setting CVar [[s.UseBackgroundLevelStreaming:1]]
[2020.11.05-15.17.13:980][  0]LogConfig: Setting CVar [[s.PriorityAsyncLoadingExtraTime:15.0]]
[2020.11.05-15.17.13:980][  0]LogConfig: Setting CVar [[s.LevelStreamingActorsUpdateTimeLimit:5.0]]
[2020.11.05-15.17.13:981][  0]LogConfig: Setting CVar [[s.PriorityLevelStreamingActorsUpdateExtraTime:5.0]]
[2020.11.05-15.17.13:981][  0]LogConfig: Setting CVar [[s.LevelStreamingComponentsRegistrationGranularity:10]]
[2020.11.05-15.17.13:981][  0]LogConfig: Setting CVar [[s.UnregisterComponentsTimeLimit:1.0]]
[2020.11.05-15.17.13:981][  0]LogConfig: Setting CVar [[s.LevelStreamingComponentsUnregistrationGranularity:5]]
[2020.11.05-15.17.13:981][  0]LogConfig: Setting CVar [[s.FlushStreamingOnExit:1]]
[2020.11.05-15.17.13:981][  0]LogConfig: Applying CVar settings from Section [/Script/Engine.GarbageCollectionSettings] File [E:/A2/GAM537_A1/A1/Saved/Config/Windows/Engine.ini]
[2020.11.05-15.17.13:981][  0]LogConfig: Setting CVar [[gc.MaxObjectsNotConsideredByGC:1]]
[2020.11.05-15.17.13:981][  0]LogConfig: Setting CVar [[gc.SizeOfPermanentObjectPool:0]]
[2020.11.05-15.17.13:981][  0]LogConfig: Setting CVar [[gc.FlushStreamingOnGC:0]]
[2020.11.05-15.17.13:981][  0]LogConfig: Setting CVar [[gc.NumRetriesBeforeForcingGC:10]]
[2020.11.05-15.17.13:981][  0]LogConfig: Setting CVar [[gc.AllowParallelGC:1]]
[2020.11.05-15.17.13:981][  0]LogConfig: Setting CVar [[gc.TimeBetweenPurgingPendingKillObjects:61.1]]
[2020.11.05-15.17.13:981][  0]LogConfig: Setting CVar [[gc.MaxObjectsInEditor:25165824]]
[2020.11.05-15.17.13:981][  0]LogConfig: Setting CVar [[gc.IncrementalBeginDestroyEnabled:1]]
[2020.11.05-15.17.13:981][  0]LogConfig: Setting CVar [[gc.CreateGCClusters:1]]
[2020.11.05-15.17.13:981][  0]LogConfig: Setting CVar [[gc.MinGCClusterSize:5]]
[2020.11.05-15.17.13:981][  0]LogConfig: Setting CVar [[gc.ActorClusteringEnabled:0]]
[2020.11.05-15.17.13:981][  0]LogConfig: Setting CVar [[gc.BlueprintClusteringEnabled:0]]
[2020.11.05-15.17.13:981][  0]LogConfig: Setting CVar [[gc.UseDisregardForGCOnDedicatedServers:0]]
[2020.11.05-15.17.13:981][  0]LogConfig: Applying CVar settings from Section [/Script/Engine.NetworkSettings] File [E:/A2/GAM537_A1/A1/Saved/Config/Windows/Engine.ini]
[2020.11.05-15.17.13:981][  0]LogConfig: Applying CVar settings from Section [/Script/UnrealEd.CookerSettings] File [E:/A2/GAM537_A1/A1/Saved/Config/Windows/Engine.ini]
[2020.11.05-15.17.13:986][  0]LogConfig: Applying CVar settings from Section [ViewDistanceQuality@3] File [E:/A2/GAM537_A1/A1/Saved/Config/Windows/Scalability.ini]
[2020.11.05-15.17.13:986][  0]LogConfig: Setting CVar [[r.SkeletalMeshLODBias:0]]
[2020.11.05-15.17.13:986][  0]LogConfig: Setting CVar [[r.ViewDistanceScale:1.0]]
[2020.11.05-15.17.13:986][  0]LogConfig: Applying CVar settings from Section [AntiAliasingQuality@3] File [E:/A2/GAM537_A1/A1/Saved/Config/Windows/Scalability.ini]
[2020.11.05-15.17.13:986][  0]LogConfig: Setting CVar [[r.PostProcessAAQuality:4]]
[2020.11.05-15.17.13:986][  0]LogConfig: Applying CVar settings from Section [ShadowQuality@3] File [E:/A2/GAM537_A1/A1/Saved/Config/Windows/Scalability.ini]
[2020.11.05-15.17.13:986][  0]LogConfig: Setting CVar [[r.LightFunctionQuality:1]]
[2020.11.05-15.17.13:986][  0]LogConfig: Setting CVar [[r.ShadowQuality:5]]
[2020.11.05-15.17.13:986][  0]LogConfig: Setting CVar [[r.Shadow.CSM.MaxCascades:10]]
[2020.11.05-15.17.13:986][  0]LogConfig: Setting CVar [[r.Shadow.MaxResolution:2048]]
[2020.11.05-15.17.13:986][  0]LogConfig: Setting CVar [[r.Shadow.MaxCSMResolution:2048]]
[2020.11.05-15.17.13:986][  0]LogConfig: Setting CVar [[r.Shadow.RadiusThreshold:0.01]]
[2020.11.05-15.17.13:986][  0]LogConfig: Setting CVar [[r.Shadow.DistanceScale:1.0]]
[2020.11.05-15.17.13:986][  0]LogConfig: Setting CVar [[r.Shadow.CSM.TransitionScale:1.0]]
[2020.11.05-15.17.13:986][  0]LogConfig: Setting CVar [[r.Shadow.PreShadowResolutionFactor:1.0]]
[2020.11.05-15.17.13:986][  0]LogConfig: Setting CVar [[r.DistanceFieldShadowing:1]]
[2020.11.05-15.17.13:986][  0]LogConfig: Setting CVar [[r.DistanceFieldAO:1]]
[2020.11.05-15.17.13:986][  0]LogConfig: Setting CVar [[r.AOQuality:2]]
[2020.11.05-15.17.13:986][  0]LogConfig: Setting CVar [[r.VolumetricFog:1]]
[2020.11.05-15.17.13:986][  0]LogConfig: Setting CVar [[r.VolumetricFog.GridPixelSize:8]]
[2020.11.05-15.17.13:986][  0]LogConfig: Setting CVar [[r.VolumetricFog.GridSizeZ:128]]
[2020.11.05-15.17.13:986][  0]LogConfig: Setting CVar [[r.VolumetricFog.HistoryMissSupersampleCount:4]]
[2020.11.05-15.17.13:987][  0]LogConfig: Setting CVar [[r.LightMaxDrawDistanceScale:1]]
[2020.11.05-15.17.13:987][  0]LogConfig: Setting CVar [[r.CapsuleShadows:1]]
[2020.11.05-15.17.13:987][  0]LogConfig: Applying CVar settings from Section [PostProcessQuality@3] File [E:/A2/GAM537_A1/A1/Saved/Config/Windows/Scalability.ini]
[2020.11.05-15.17.13:987][  0]LogConfig: Setting CVar [[r.MotionBlurQuality:4]]
[2020.11.05-15.17.13:987][  0]LogConfig: Setting CVar [[r.AmbientOcclusionMipLevelFactor:0.4]]
[2020.11.05-15.17.13:987][  0]LogConfig: Setting CVar [[r.AmbientOcclusionMaxQuality:100]]
[2020.11.05-15.17.13:987][  0]LogConfig: Setting CVar [[r.AmbientOcclusionLevels:-1]]
[2020.11.05-15.17.13:987][  0]LogConfig: Setting CVar [[r.AmbientOcclusionRadiusScale:1.0]]
[2020.11.05-15.17.13:987][  0]LogConfig: Setting CVar [[r.DepthOfFieldQuality:2]]
[2020.11.05-15.17.13:987][  0]LogConfig: Setting CVar [[r.RenderTargetPoolMin:400]]
[2020.11.05-15.17.13:987][  0]LogConfig: Setting CVar [[r.LensFlareQuality:2]]
[2020.11.05-15.17.13:987][  0]LogConfig: Setting CVar [[r.SceneColorFringeQuality:1]]
[2020.11.05-15.17.13:987][  0]LogConfig: Setting CVar [[r.EyeAdaptationQuality:2]]
[2020.11.05-15.17.13:987][  0]LogConfig: Setting CVar [[r.BloomQuality:5]]
[2020.11.05-15.17.13:987][  0]LogConfig: Setting CVar [[r.FastBlurThreshold:100]]
[2020.11.05-15.17.13:987][  0]LogConfig: Setting CVar [[r.Upscale.Quality:3]]
[2020.11.05-15.17.13:987][  0]LogConfig: Setting CVar [[r.Tonemapper.GrainQuantization:1]]
[2020.11.05-15.17.13:987][  0]LogConfig: Setting CVar [[r.LightShaftQuality:1]]
[2020.11.05-15.17.13:987][  0]LogConfig: Setting CVar [[r.Filter.SizeScale:1]]
[2020.11.05-15.17.13:987][  0]LogConfig: Setting CVar [[r.Tonemapper.Quality:5]]
[2020.11.05-15.17.13:987][  0]LogConfig: Setting CVar [[r.DOF.Gather.AccumulatorQuality:1        ; higher gathering accumulator quality]]
[2020.11.05-15.17.13:987][  0]LogConfig: Setting CVar [[r.DOF.Gather.PostfilterMethod:1          ; Median3x3 postfilering method]]
[2020.11.05-15.17.13:987][  0]LogConfig: Setting CVar [[r.DOF.Gather.EnableBokehSettings:0       ; no bokeh simulation when gathering]]
[2020.11.05-15.17.13:987][  0]LogConfig: Setting CVar [[r.DOF.Gather.RingCount:4                 ; medium number of samples when gathering]]
[2020.11.05-15.17.13:987][  0]LogConfig: Setting CVar [[r.DOF.Scatter.ForegroundCompositing:1    ; additive foreground scattering]]
[2020.11.05-15.17.13:987][  0]LogConfig: Setting CVar [[r.DOF.Scatter.BackgroundCompositing:2    ; additive background scattering]]
[2020.11.05-15.17.13:987][  0]LogConfig: Setting CVar [[r.DOF.Scatter.EnableBokehSettings:1      ; bokeh simulation when scattering]]
[2020.11.05-15.17.13:987][  0]LogConfig: Setting CVar [[r.DOF.Scatter.MaxSpriteRatio:0.1         ; only a maximum of 10% of scattered bokeh]]
[2020.11.05-15.17.13:987][  0]LogConfig: Setting CVar [[r.DOF.Recombine.Quality:1                ; cheap slight out of focus]]
[2020.11.05-15.17.13:987][  0]LogConfig: Setting CVar [[r.DOF.Recombine.EnableBokehSettings:0    ; no bokeh simulation on slight out of focus]]
[2020.11.05-15.17.13:987][  0]LogConfig: Setting CVar [[r.DOF.TemporalAAQuality:1                ; more stable temporal accumulation]]
[2020.11.05-15.17.13:987][  0]LogConfig: Setting CVar [[r.DOF.Kernel.MaxForegroundRadius:0.025]]
[2020.11.05-15.17.13:987][  0]LogConfig: Setting CVar [[r.DOF.Kernel.MaxBackgroundRadius:0.025]]
[2020.11.05-15.17.13:987][  0]LogConfig: Applying CVar settings from Section [TextureQuality@3] File [E:/A2/GAM537_A1/A1/Saved/Config/Windows/Scalability.ini]
[2020.11.05-15.17.13:987][  0]LogConfig: Setting CVar [[r.Streaming.MipBias:0]]
[2020.11.05-15.17.13:987][  0]LogConfig: Setting CVar [[r.Streaming.AmortizeCPUToGPUCopy:0]]
[2020.11.05-15.17.13:987][  0]LogConfig: Setting CVar [[r.Streaming.MaxNumTexturesToStreamPerFrame:0]]
[2020.11.05-15.17.13:987][  0]LogConfig: Setting CVar [[r.Streaming.Boost:1]]
[2020.11.05-15.17.13:987][  0]LogConfig: Setting CVar [[r.MaxAnisotropy:8]]
[2020.11.05-15.17.13:987][  0]LogConfig: Setting CVar [[r.VT.MaxAnisotropy:8]]
[2020.11.05-15.17.13:987][  0]LogConfig: Setting CVar [[r.Streaming.LimitPoolSizeToVRAM:0]]
[2020.11.05-15.17.13:987][  0]LogConfig: Setting CVar [[r.Streaming.PoolSize:1000]]
[2020.11.05-15.17.13:987][  0]LogConfig: Setting CVar [[r.Streaming.MaxEffectiveScreenSize:0]]
[2020.11.05-15.17.13:987][  0]LogConfig: Applying CVar settings from Section [EffectsQuality@3] File [E:/A2/GAM537_A1/A1/Saved/Config/Windows/Scalability.ini]
[2020.11.05-15.17.13:987][  0]LogConfig: Setting CVar [[r.TranslucencyLightingVolumeDim:64]]
[2020.11.05-15.17.13:987][  0]LogConfig: Setting CVar [[r.RefractionQuality:2]]
[2020.11.05-15.17.13:987][  0]LogConfig: Setting CVar [[r.SSR.Quality:3]]
[2020.11.05-15.17.13:987][  0]LogConfig: Setting CVar [[r.SSR.HalfResSceneColor:0]]
[2020.11.05-15.17.13:988][  0]LogConfig: Setting CVar [[r.SceneColorFormat:4]]
[2020.11.05-15.17.13:988][  0]LogConfig: Setting CVar [[r.DetailMode:2]]
[2020.11.05-15.17.13:988][  0]LogConfig: Setting CVar [[r.TranslucencyVolumeBlur:1]]
[2020.11.05-15.17.13:988][  0]LogConfig: Setting CVar [[r.MaterialQualityLevel:1 ; High quality]]
[2020.11.05-15.17.13:988][  0]LogConfig: Setting CVar [[r.SSS.Scale:1]]
[2020.11.05-15.17.13:988][  0]LogConfig: Setting CVar [[r.SSS.SampleSet:2]]
[2020.11.05-15.17.13:988][  0]LogConfig: Setting CVar [[r.SSS.Quality:1]]
[2020.11.05-15.17.13:988][  0]LogConfig: Setting CVar [[r.SSS.HalfRes:0]]
[2020.11.05-15.17.13:988][  0]LogConfig: Setting CVar [[r.SSGI.Quality:3]]
[2020.11.05-15.17.13:988][  0]LogConfig: Setting CVar [[r.EmitterSpawnRateScale:1.0]]
[2020.11.05-15.17.13:988][  0]LogConfig: Setting CVar [[r.ParticleLightQuality:2]]
[2020.11.05-15.17.13:988][  0]LogConfig: Setting CVar [[r.SkyAtmosphere.AerialPerspectiveLUT.FastApplyOnOpaque:1 ; Always have FastSkyLUT 1 in this case to avoid wrong sky]]
[2020.11.05-15.17.13:988][  0]LogConfig: Setting CVar [[r.SkyAtmosphere.AerialPerspectiveLUT.SampleCountPerSlice:1]]
[2020.11.05-15.17.13:988][  0]LogConfig: Setting CVar [[r.SkyAtmosphere.AerialPerspectiveLUT.DepthResolution:16.0]]
[2020.11.05-15.17.13:988][  0]LogConfig: Setting CVar [[r.SkyAtmosphere.FastSkyLUT:1]]
[2020.11.05-15.17.13:988][  0]LogConfig: Setting CVar [[r.SkyAtmosphere.FastSkyLUT.SampleCountMin:4.0]]
[2020.11.05-15.17.13:988][  0]LogConfig: Setting CVar [[r.SkyAtmosphere.FastSkyLUT.SampleCountMax:32.0]]
[2020.11.05-15.17.13:988][  0]LogConfig: Setting CVar [[r.SkyAtmosphere.SampleCountMin:4.0]]
[2020.11.05-15.17.13:988][  0]LogConfig: Setting CVar [[r.SkyAtmosphere.SampleCountMax:32.0]]
[2020.11.05-15.17.13:988][  0]LogConfig: Setting CVar [[r.SkyAtmosphere.TransmittanceLUT.UseSmallFormat:0]]
[2020.11.05-15.17.13:988][  0]LogConfig: Setting CVar [[r.SkyAtmosphere.TransmittanceLUT.SampleCount:10.0]]
[2020.11.05-15.17.13:988][  0]LogConfig: Setting CVar [[r.SkyAtmosphere.MultiScatteringLUT.SampleCount:15.0]]
[2020.11.05-15.17.13:988][  0]LogConfig: Applying CVar settings from Section [FoliageQuality@3] File [E:/A2/GAM537_A1/A1/Saved/Config/Windows/Scalability.ini]
[2020.11.05-15.17.13:988][  0]LogConfig: Setting CVar [[foliage.DensityScale:1.0]]
[2020.11.05-15.17.13:988][  0]LogConfig: Setting CVar [[grass.DensityScale:1.0]]
[2020.11.05-15.17.13:988][  0]LogConfig: Applying CVar settings from Section [ShadingQuality@3] File [E:/A2/GAM537_A1/A1/Saved/Config/Windows/Scalability.ini]
[2020.11.05-15.17.13:988][  0]LogConfig: Setting CVar [[r.HairStrands.SkyLighting.SampleCount:16]]
[2020.11.05-15.17.13:988][  0]LogConfig: Setting CVar [[r.HairStrands.SkyLighting.JitterIntegration:0]]
[2020.11.05-15.17.13:988][  0]LogConfig: Setting CVar [[r.HairStrands.SkyAO.SampleCount:16]]
[2020.11.05-15.17.13:988][  0]LogConfig: Setting CVar [[r.HairStrands.DeepShadow.SuperSampling:0]]
[2020.11.05-15.17.13:988][  0]LogConfig: Setting CVar [[r.HairStrands.VisibilityPPLL:0]]
[2020.11.05-15.17.13:988][  0]LogConfig: Setting CVar [[r.HairStrands.RasterizationScale:0.5]]
[2020.11.05-15.17.13:988][  0]LogConfig: Setting CVar [[r.HairStrands.VelocityRasterizationScale:1]]
[2020.11.05-15.17.13:989][  0]LogInit: Selected Device Profile: [Windows]
[2020.11.05-15.17.13:989][  0]LogInit: Applying CVar settings loaded from the selected device profile: [Windows]
[2020.11.05-15.17.13:989][  0]LogHAL: Display: Platform has ~ 8 GB [8281792512 / 8589934592 / 8], which maps to Default [LargestMinGB=32, LargerMinGB=12, DefaultMinGB=8, SmallerMinGB=6, SmallestMinGB=0)
[2020.11.05-15.17.13:989][  0]LogInit: Going up to parent DeviceProfile []
[2020.11.05-15.17.13:989][  0]LogConfig: Applying CVar settings from Section [ViewDistanceQuality@3] File [E:/A2/GAM537_A1/A1/Saved/Config/Windows/Scalability.ini]
[2020.11.05-15.17.13:989][  0]LogConfig: Setting CVar [[r.SkeletalMeshLODBias:0]]
[2020.11.05-15.17.13:989][  0]LogConfig: Setting CVar [[r.ViewDistanceScale:1.0]]
[2020.11.05-15.17.13:989][  0]LogConfig: Applying CVar settings from Section [AntiAliasingQuality@3] File [E:/A2/GAM537_A1/A1/Saved/Config/Windows/Scalability.ini]
[2020.11.05-15.17.13:989][  0]LogConfig: Setting CVar [[r.PostProcessAAQuality:4]]
[2020.11.05-15.17.13:989][  0]LogConfig: Applying CVar settings from Section [ShadowQuality@3] File [E:/A2/GAM537_A1/A1/Saved/Config/Windows/Scalability.ini]
[2020.11.05-15.17.13:989][  0]LogConfig: Setting CVar [[r.LightFunctionQuality:1]]
[2020.11.05-15.17.13:989][  0]LogConfig: Setting CVar [[r.ShadowQuality:5]]
[2020.11.05-15.17.13:989][  0]LogConfig: Setting CVar [[r.Shadow.CSM.MaxCascades:10]]
[2020.11.05-15.17.13:989][  0]LogConfig: Setting CVar [[r.Shadow.MaxResolution:2048]]
[2020.11.05-15.17.13:989][  0]LogConfig: Setting CVar [[r.Shadow.MaxCSMResolution:2048]]
[2020.11.05-15.17.13:989][  0]LogConfig: Setting CVar [[r.Shadow.RadiusThreshold:0.01]]
[2020.11.05-15.17.13:989][  0]LogConfig: Setting CVar [[r.Shadow.DistanceScale:1.0]]
[2020.11.05-15.17.13:989][  0]LogConfig: Setting CVar [[r.Shadow.CSM.TransitionScale:1.0]]
[2020.11.05-15.17.13:989][  0]LogConfig: Setting CVar [[r.Shadow.PreShadowResolutionFactor:1.0]]
[2020.11.05-15.17.13:989][  0]LogConfig: Setting CVar [[r.DistanceFieldShadowing:1]]
[2020.11.05-15.17.13:989][  0]LogConfig: Setting CVar [[r.DistanceFieldAO:1]]
[2020.11.05-15.17.13:989][  0]LogConfig: Setting CVar [[r.AOQuality:2]]
[2020.11.05-15.17.13:989][  0]LogConfig: Setting CVar [[r.VolumetricFog:1]]
[2020.11.05-15.17.13:989][  0]LogConfig: Setting CVar [[r.VolumetricFog.GridPixelSize:8]]
[2020.11.05-15.17.13:989][  0]LogConfig: Setting CVar [[r.VolumetricFog.GridSizeZ:128]]
[2020.11.05-15.17.13:989][  0]LogConfig: Setting CVar [[r.VolumetricFog.HistoryMissSupersampleCount:4]]
[2020.11.05-15.17.13:989][  0]LogConfig: Setting CVar [[r.LightMaxDrawDistanceScale:1]]
[2020.11.05-15.17.13:989][  0]LogConfig: Setting CVar [[r.CapsuleShadows:1]]
[2020.11.05-15.17.13:989][  0]LogConfig: Applying CVar settings from Section [PostProcessQuality@3] File [E:/A2/GAM537_A1/A1/Saved/Config/Windows/Scalability.ini]
[2020.11.05-15.17.13:989][  0]LogConfig: Setting CVar [[r.MotionBlurQuality:4]]
[2020.11.05-15.17.13:989][  0]LogConfig: Setting CVar [[r.AmbientOcclusionMipLevelFactor:0.4]]
[2020.11.05-15.17.13:989][  0]LogConfig: Setting CVar [[r.AmbientOcclusionMaxQuality:100]]
[2020.11.05-15.17.13:989][  0]LogConfig: Setting CVar [[r.AmbientOcclusionLevels:-1]]
[2020.11.05-15.17.13:989][  0]LogConfig: Setting CVar [[r.AmbientOcclusionRadiusScale:1.0]]
[2020.11.05-15.17.13:989][  0]LogConfig: Setting CVar [[r.DepthOfFieldQuality:2]]
[2020.11.05-15.17.13:989][  0]LogConfig: Setting CVar [[r.RenderTargetPoolMin:400]]
[2020.11.05-15.17.13:989][  0]LogConfig: Setting CVar [[r.LensFlareQuality:2]]
[2020.11.05-15.17.13:989][  0]LogConfig: Setting CVar [[r.SceneColorFringeQuality:1]]
[2020.11.05-15.17.13:989][  0]LogConfig: Setting CVar [[r.EyeAdaptationQuality:2]]
[2020.11.05-15.17.13:989][  0]LogConfig: Setting CVar [[r.BloomQuality:5]]
[2020.11.05-15.17.13:990][  0]LogConfig: Setting CVar [[r.FastBlurThreshold:100]]
[2020.11.05-15.17.13:990][  0]LogConfig: Setting CVar [[r.Upscale.Quality:3]]
[2020.11.05-15.17.13:990][  0]LogConfig: Setting CVar [[r.Tonemapper.GrainQuantization:1]]
[2020.11.05-15.17.13:990][  0]LogConfig: Setting CVar [[r.LightShaftQuality:1]]
[2020.11.05-15.17.13:990][  0]LogConfig: Setting CVar [[r.Filter.SizeScale:1]]
[2020.11.05-15.17.13:990][  0]LogConfig: Setting CVar [[r.Tonemapper.Quality:5]]
[2020.11.05-15.17.13:990][  0]LogConfig: Setting CVar [[r.DOF.Gather.AccumulatorQuality:1        ; higher gathering accumulator quality]]
[2020.11.05-15.17.13:990][  0]LogConfig: Setting CVar [[r.DOF.Gather.PostfilterMethod:1          ; Median3x3 postfilering method]]
[2020.11.05-15.17.13:990][  0]LogConfig: Setting CVar [[r.DOF.Gather.EnableBokehSettings:0       ; no bokeh simulation when gathering]]
[2020.11.05-15.17.13:990][  0]LogConfig: Setting CVar [[r.DOF.Gather.RingCount:4                 ; medium number of samples when gathering]]
[2020.11.05-15.17.13:990][  0]LogConfig: Setting CVar [[r.DOF.Scatter.ForegroundCompositing:1    ; additive foreground scattering]]
[2020.11.05-15.17.13:990][  0]LogConfig: Setting CVar [[r.DOF.Scatter.BackgroundCompositing:2    ; additive background scattering]]
[2020.11.05-15.17.13:990][  0]LogConfig: Setting CVar [[r.DOF.Scatter.EnableBokehSettings:1      ; bokeh simulation when scattering]]
[2020.11.05-15.17.13:990][  0]LogConfig: Setting CVar [[r.DOF.Scatter.MaxSpriteRatio:0.1         ; only a maximum of 10% of scattered bokeh]]
[2020.11.05-15.17.13:990][  0]LogConfig: Setting CVar [[r.DOF.Recombine.Quality:1                ; cheap slight out of focus]]
[2020.11.05-15.17.13:990][  0]LogConfig: Setting CVar [[r.DOF.Recombine.EnableBokehSettings:0    ; no bokeh simulation on slight out of focus]]
[2020.11.05-15.17.13:990][  0]LogConfig: Setting CVar [[r.DOF.TemporalAAQuality:1                ; more stable temporal accumulation]]
[2020.11.05-15.17.13:990][  0]LogConfig: Setting CVar [[r.DOF.Kernel.MaxForegroundRadius:0.025]]
[2020.11.05-15.17.13:990][  0]LogConfig: Setting CVar [[r.DOF.Kernel.MaxBackgroundRadius:0.025]]
[2020.11.05-15.17.13:990][  0]LogConfig: Applying CVar settings from Section [TextureQuality@3] File [E:/A2/GAM537_A1/A1/Saved/Config/Windows/Scalability.ini]
[2020.11.05-15.17.13:990][  0]LogConfig: Setting CVar [[r.Streaming.MipBias:0]]
[2020.11.05-15.17.13:990][  0]LogConfig: Setting CVar [[r.Streaming.AmortizeCPUToGPUCopy:0]]
[2020.11.05-15.17.13:990][  0]LogConfig: Setting CVar [[r.Streaming.MaxNumTexturesToStreamPerFrame:0]]
[2020.11.05-15.17.13:990][  0]LogConfig: Setting CVar [[r.Streaming.Boost:1]]
[2020.11.05-15.17.13:990][  0]LogConfig: Setting CVar [[r.MaxAnisotropy:8]]
[2020.11.05-15.17.13:990][  0]LogConfig: Setting CVar [[r.VT.MaxAnisotropy:8]]
[2020.11.05-15.17.13:990][  0]LogConfig: Setting CVar [[r.Streaming.LimitPoolSizeToVRAM:0]]
[2020.11.05-15.17.13:990][  0]LogConfig: Setting CVar [[r.Streaming.PoolSize:1000]]
[2020.11.05-15.17.13:990][  0]LogConfig: Setting CVar [[r.Streaming.MaxEffectiveScreenSize:0]]
[2020.11.05-15.17.13:990][  0]LogConfig: Applying CVar settings from Section [EffectsQuality@3] File [E:/A2/GAM537_A1/A1/Saved/Config/Windows/Scalability.ini]
[2020.11.05-15.17.13:990][  0]LogConfig: Setting CVar [[r.TranslucencyLightingVolumeDim:64]]
[2020.11.05-15.17.13:990][  0]LogConfig: Setting CVar [[r.RefractionQuality:2]]
[2020.11.05-15.17.13:990][  0]LogConfig: Setting CVar [[r.SSR.Quality:3]]
[2020.11.05-15.17.13:990][  0]LogConfig: Setting CVar [[r.SSR.HalfResSceneColor:0]]
[2020.11.05-15.17.13:990][  0]LogConfig: Setting CVar [[r.SceneColorFormat:4]]
[2020.11.05-15.17.13:990][  0]LogConfig: Setting CVar [[r.DetailMode:2]]
[2020.11.05-15.17.13:990][  0]LogConfig: Setting CVar [[r.TranslucencyVolumeBlur:1]]
[2020.11.05-15.17.13:990][  0]LogConfig: Setting CVar [[r.MaterialQualityLevel:1 ; High quality]]
[2020.11.05-15.17.13:990][  0]LogConfig: Setting CVar [[r.SSS.Scale:1]]
[2020.11.05-15.17.13:990][  0]LogConfig: Setting CVar [[r.SSS.SampleSet:2]]
[2020.11.05-15.17.13:990][  0]LogConfig: Setting CVar [[r.SSS.Quality:1]]
[2020.11.05-15.17.13:990][  0]LogConfig: Setting CVar [[r.SSS.HalfRes:0]]
[2020.11.05-15.17.13:990][  0]LogConfig: Setting CVar [[r.SSGI.Quality:3]]
[2020.11.05-15.17.13:990][  0]LogConfig: Setting CVar [[r.EmitterSpawnRateScale:1.0]]
[2020.11.05-15.17.13:990][  0]LogConfig: Setting CVar [[r.ParticleLightQuality:2]]
[2020.11.05-15.17.13:990][  0]LogConfig: Setting CVar [[r.SkyAtmosphere.AerialPerspectiveLUT.FastApplyOnOpaque:1 ; Always have FastSkyLUT 1 in this case to avoid wrong sky]]
[2020.11.05-15.17.13:990][  0]LogConfig: Setting CVar [[r.SkyAtmosphere.AerialPerspectiveLUT.SampleCountPerSlice:1]]
[2020.11.05-15.17.13:990][  0]LogConfig: Setting CVar [[r.SkyAtmosphere.AerialPerspectiveLUT.DepthResolution:16.0]]
[2020.11.05-15.17.13:990][  0]LogConfig: Setting CVar [[r.SkyAtmosphere.FastSkyLUT:1]]
[2020.11.05-15.17.13:991][  0]LogConfig: Setting CVar [[r.SkyAtmosphere.FastSkyLUT.SampleCountMin:4.0]]
[2020.11.05-15.17.13:991][  0]LogConfig: Setting CVar [[r.SkyAtmosphere.FastSkyLUT.SampleCountMax:32.0]]
[2020.11.05-15.17.13:991][  0]LogConfig: Setting CVar [[r.SkyAtmosphere.SampleCountMin:4.0]]
[2020.11.05-15.17.13:991][  0]LogConfig: Setting CVar [[r.SkyAtmosphere.SampleCountMax:32.0]]
[2020.11.05-15.17.13:991][  0]LogConfig: Setting CVar [[r.SkyAtmosphere.TransmittanceLUT.UseSmallFormat:0]]
[2020.11.05-15.17.13:991][  0]LogConfig: Setting CVar [[r.SkyAtmosphere.TransmittanceLUT.SampleCount:10.0]]
[2020.11.05-15.17.13:991][  0]LogConfig: Setting CVar [[r.SkyAtmosphere.MultiScatteringLUT.SampleCount:15.0]]
[2020.11.05-15.17.13:991][  0]LogConfig: Applying CVar settings from Section [FoliageQuality@3] File [E:/A2/GAM537_A1/A1/Saved/Config/Windows/Scalability.ini]
[2020.11.05-15.17.13:991][  0]LogConfig: Setting CVar [[foliage.DensityScale:1.0]]
[2020.11.05-15.17.13:991][  0]LogConfig: Setting CVar [[grass.DensityScale:1.0]]
[2020.11.05-15.17.13:991][  0]LogConfig: Applying CVar settings from Section [ShadingQuality@3] File [E:/A2/GAM537_A1/A1/Saved/Config/Windows/Scalability.ini]
[2020.11.05-15.17.13:991][  0]LogConfig: Setting CVar [[r.HairStrands.SkyLighting.SampleCount:16]]
[2020.11.05-15.17.13:991][  0]LogConfig: Setting CVar [[r.HairStrands.SkyLighting.JitterIntegration:0]]
[2020.11.05-15.17.13:991][  0]LogConfig: Setting CVar [[r.HairStrands.SkyAO.SampleCount:16]]
[2020.11.05-15.17.13:991][  0]LogConfig: Setting CVar [[r.HairStrands.DeepShadow.SuperSampling:0]]
[2020.11.05-15.17.13:991][  0]LogConfig: Setting CVar [[r.HairStrands.VisibilityPPLL:0]]
[2020.11.05-15.17.13:991][  0]LogConfig: Setting CVar [[r.HairStrands.RasterizationScale:0.5]]
[2020.11.05-15.17.13:991][  0]LogConfig: Setting CVar [[r.HairStrands.VelocityRasterizationScale:1]]
[2020.11.05-15.17.13:991][  0]LogConfig: Applying CVar settings from Section [Startup] File [../../../Engine/Config/ConsoleVariables.ini]
[2020.11.05-15.17.13:997][  0]LogConfig: Setting CVar [[net.UseAdaptiveNetUpdateFrequency:0]]
[2020.11.05-15.17.13:997][  0]LogConfig: Setting CVar [[p.chaos.AllowCreatePhysxBodies:1]]
[2020.11.05-15.17.13:997][  0]LogConfig: Setting CVar [[fx.SkipVectorVMBackendOptimizations:1]]
[2020.11.05-15.17.13:997][  0]LogConfig: Applying CVar settings from Section [ConsoleVariables] File [E:/A2/GAM537_A1/A1/Saved/Config/Windows/Engine.ini]
[2020.11.05-15.17.13:997][  0]LogInit: Computer: NHLOAN-L-2453
[2020.11.05-15.17.13:997][  0]LogInit: User: AutoLogon
[2020.11.05-15.17.13:997][  0]LogInit: CPU Page size=4096, Cores=2
[2020.11.05-15.17.13:997][  0]LogInit: High frequency timer resolution =10.000000 MHz
[2020.11.05-15.17.13:998][  0]LogMemory: Memory total: Physical=7.7GB (8GB approx)
[2020.11.05-15.17.13:998][  0]LogMemory: Platform Memory Stats for Windows
[2020.11.05-15.17.13:998][  0]LogMemory: Process Physical Memory: 113.51 MB used, 113.52 MB peak
[2020.11.05-15.17.13:998][  0]LogMemory: Process Virtual Memory: 95.21 MB used, 95.21 MB peak
[2020.11.05-15.17.13:998][  0]LogMemory: Physical Memory: 4266.48 MB used,  3631.65 MB free, 7898.13 MB total
[2020.11.05-15.17.13:998][  0]LogMemory: Virtual Memory: 5122.76 MB used,  134212608.00 MB free, 134217728.00 MB total
[2020.11.05-15.17.14:012][  0]LogWindows: WindowsPlatformFeatures enabled
[2020.11.05-15.17.14:094][  0]LogInit: Physics initialised using underlying interface: PhysX
[2020.11.05-15.17.14:096][  0]LogInit: Using OS detected language (en-US).
[2020.11.05-15.17.14:096][  0]LogInit: Using OS detected locale (en-US).
[2020.11.05-15.17.14:113][  0]LogTextLocalizationManager: No specific localization for 'en-US' exists, so the 'en' localization will be used.
[2020.11.05-15.17.14:425][  0]LogInit: Setting process to per monitor DPI aware
[2020.11.05-15.17.14:548][  0]LogSlate: New Slate User Created.  User Index 0, Is Virtual User: 0
[2020.11.05-15.17.14:549][  0]LogSlate: Slate User Registered.  User Index 0, Is Virtual User: 0
[2020.11.05-15.17.18:193][  0]LogHMD: Failed to initialize OpenVR with code 110
[2020.11.05-15.17.18:193][  0]LogD3D11RHI: D3D11 min allowed feature level: 11_0
[2020.11.05-15.17.18:193][  0]LogD3D11RHI: D3D11 max allowed feature level: 11_0
[2020.11.05-15.17.18:193][  0]LogD3D11RHI: D3D11 adapters:
[2020.11.05-15.17.18:430][  0]LogD3D11RHI:    0. 'Intel(R) HD Graphics 520' (Feature Level 11_0)
[2020.11.05-15.17.18:430][  0]LogD3D11RHI:       128/0/3949 MB DedicatedVideo/DedicatedSystem/SharedSystem, Outputs:1, VendorId:0x8086
[2020.11.05-15.17.18:436][  0]LogD3D11RHI:    1. 'Microsoft Basic Render Driver' (Feature Level 11_0)
[2020.11.05-15.17.18:436][  0]LogD3D11RHI:       0/0/3949 MB DedicatedVideo/DedicatedSystem/SharedSystem, Outputs:0, VendorId:0x1414
[2020.11.05-15.17.18:436][  0]LogD3D11RHI: Chosen D3D11 Adapter: 0
[2020.11.05-15.17.18:445][  0]LogD3D11RHI: Creating new Direct3DDevice
[2020.11.05-15.17.18:445][  0]LogD3D11RHI:     GPU DeviceId: 0x1916 (for the marketing name, search the web for "GPU Device Id")
[2020.11.05-15.17.18:445][  0]LogWindows: EnumDisplayDevices:
[2020.11.05-15.17.18:445][  0]LogWindows:    0. 'Intel(R) HD Graphics 520' (P:1 D:1)
[2020.11.05-15.17.18:447][  0]LogWindows:    1. 'Intel(R) HD Graphics 520' (P:0 D:0)
[2020.11.05-15.17.18:448][  0]LogWindows:    2. 'Intel(R) HD Graphics 520' (P:0 D:0)
[2020.11.05-15.17.18:449][  0]LogWindows: DebugString: FoundDriverCount:3 
[2020.11.05-15.17.18:450][  0]LogD3D11RHI:     Adapter Name: Intel(R) HD Graphics 520
[2020.11.05-15.17.18:450][  0]LogD3D11RHI:   Driver Version: 27.20.100.7990 (internal:27.20.100.7990, unified:27.20.100.7990)
[2020.11.05-15.17.18:450][  0]LogD3D11RHI:      Driver Date: 6-5-2020
[2020.11.05-15.17.18:450][  0]LogRHI: Texture pool is 1471 MB (70% of 2102 MB)
[2020.11.05-15.17.18:808][  0]LogD3D11RHI: RHI does not have support for 64 bit atomics
[2020.11.05-15.17.18:809][  0]LogD3D11RHI: [IntelMetricsDiscovery] Started
[2020.11.05-15.17.18:809][  0]LogD3D11RHI: Async texture creation enabled
[2020.11.05-15.17.18:809][  0]LogD3D11RHI: Array index from any shader is supported
[2020.11.05-15.17.18:823][  0]LogD3D11RHI: GPU Timing Frequency: 12.000048 (Debug: 2 0)
[2020.11.05-15.17.21:816][  0]LogTargetPlatformManager: Display: Loaded TargetPlatform 'AllDesktop'
[2020.11.05-15.17.21:856][  0]LogTargetPlatformManager: Display: Loaded TargetPlatform 'Android'
[2020.11.05-15.17.21:856][  0]LogTargetPlatformManager: Display: Loaded TargetPlatform 'Android_ASTC'
[2020.11.05-15.17.21:856][  0]LogTargetPlatformManager: Display: Loaded TargetPlatform 'Android_DXT'
[2020.11.05-15.17.21:856][  0]LogTargetPlatformManager: Display: Loaded TargetPlatform 'Android_ETC2'
[2020.11.05-15.17.21:856][  0]LogTargetPlatformManager: Display: Loaded TargetPlatform 'AndroidClient'
[2020.11.05-15.17.21:856][  0]LogTargetPlatformManager: Display: Loaded TargetPlatform 'Android_ASTCClient'
[2020.11.05-15.17.21:856][  0]LogTargetPlatformManager: Display: Loaded TargetPlatform 'Android_DXTClient'
[2020.11.05-15.17.21:856][  0]LogTargetPlatformManager: Display: Loaded TargetPlatform 'Android_ETC2Client'
[2020.11.05-15.17.21:856][  0]LogTargetPlatformManager: Display: Loaded TargetPlatform 'Android_Multi'
[2020.11.05-15.17.21:856][  0]LogTargetPlatformManager: Display: Loaded TargetPlatform 'Android_MultiClient'
[2020.11.05-15.17.21:918][  0]LogTargetPlatformManager: Display: Loaded TargetPlatform 'IOSClient'
[2020.11.05-15.17.21:918][  0]LogTargetPlatformManager: Display: Loaded TargetPlatform 'IOS'
[2020.11.05-15.17.21:957][  0]LogTargetPlatformManager: Display: Loaded TargetPlatform 'Linux'
[2020.11.05-15.17.21:987][  0]LogTargetPlatformManager: Display: Loaded TargetPlatform 'LinuxNoEditor'
[2020.11.05-15.17.22:016][  0]LogTargetPlatformManager: Display: Loaded TargetPlatform 'LinuxClient'
[2020.11.05-15.17.22:045][  0]LogTargetPlatformManager: Display: Loaded TargetPlatform 'LinuxServer'
[2020.11.05-15.17.22:074][  0]LogTargetPlatformManager: Display: Loaded TargetPlatform 'LinuxAArch64NoEditor'
[2020.11.05-15.17.22:102][  0]LogTargetPlatformManager: Display: Loaded TargetPlatform 'LinuxAArch64Client'
[2020.11.05-15.17.22:125][  0]LogTargetPlatformManager: Display: Loaded TargetPlatform 'LinuxAArch64Server'
[2020.11.05-15.17.22:183][  0]LogTargetPlatformManager: Display: Loaded TargetPlatform 'Lumin'
[2020.11.05-15.17.22:183][  0]LogTargetPlatformManager: Display: Loaded TargetPlatform 'LuminClient'
[2020.11.05-15.17.22:216][  0]LogTargetPlatformManager: Display: Loaded TargetPlatform 'TVOSClient'
[2020.11.05-15.17.22:216][  0]LogTargetPlatformManager: Display: Loaded TargetPlatform 'TVOS'
[2020.11.05-15.17.22:235][  0]LogTargetPlatformManager: Display: Loaded TargetPlatform 'WindowsNoEditor'
[2020.11.05-15.17.22:261][  0]LogTargetPlatformManager: Display: Loaded TargetPlatform 'Windows'
[2020.11.05-15.17.22:280][  0]LogTargetPlatformManager: Display: Loaded TargetPlatform 'WindowsClient'
[2020.11.05-15.17.22:298][  0]LogTargetPlatformManager: Display: Loaded TargetPlatform 'WindowsServer'
[2020.11.05-15.17.22:298][  0]LogTargetPlatformManager: Display: Building Assets For Windows
[2020.11.05-15.17.22:315][  0]LogAudioDebug: Display: Lib vorbis DLL was dynamically loaded.
[2020.11.05-15.17.22:467][  0]LogShaderCompilers: Guid format shader working directory is 31 characters bigger than the processId version (E:/A2/GAM537_A1/A1/Intermediate/Shaders/WorkingDirectory/12708/).
[2020.11.05-15.17.22:468][  0]LogShaderCompilers: Cleaned the shader compiler working directory 'C:/Users/AutoLogon/AppData/Local/Temp/UnrealShaderWorkingDir/EE4387AE48103FCC2F433CBD2D13A722/'.
[2020.11.05-15.17.22:469][  0]LogXGEController: Cannot use XGE Controller as Incredibuild is not installed on this machine.
[2020.11.05-15.17.22:469][  0]LogShaderCompilers: Cannot use XGE Shader Compiler as Incredibuild is not installed on this machine.
[2020.11.05-15.17.22:469][  0]LogShaderCompilers: Display: Using Local Shader Compiler.
[2020.11.05-15.17.26:036][  0]LogDerivedDataCache: Display: Max Cache Size: 512 MB
[2020.11.05-15.17.26:113][  0]LogDerivedDataCache: Loaded boot cache 0.08s 76MB C:/Users/AutoLogon/AppData/Local/UnrealEngine/4.25/DerivedDataCache/Boot.ddc.
[2020.11.05-15.17.26:113][  0]LogDerivedDataCache: Display: Loaded Boot cache: C:/Users/AutoLogon/AppData/Local/UnrealEngine/4.25/DerivedDataCache/Boot.ddc
[2020.11.05-15.17.26:113][  0]LogDerivedDataCache: FDerivedDataBackendGraph:  Pak pak cache file E:/A2/GAM537_A1/A1/DerivedDataCache/DDC.ddp not found, will not use a pak cache.
[2020.11.05-15.17.26:113][  0]LogDerivedDataCache: Unable to find inner node Pak for hierarchical cache Hierarchy.
[2020.11.05-15.17.26:114][  0]LogDerivedDataCache: FDerivedDataBackendGraph:  CompressedPak pak cache file E:/A2/GAM537_A1/A1/DerivedDataCache/Compressed.ddp not found, will not use a pak cache.
[2020.11.05-15.17.26:114][  0]LogDerivedDataCache: Unable to find inner node CompressedPak for hierarchical cache Hierarchy.
[2020.11.05-15.17.26:134][  0]LogDerivedDataCache: Display: Pak cache opened for reading ../../../Engine/DerivedDataCache/Compressed.ddp.
[2020.11.05-15.17.26:134][  0]LogDerivedDataCache: FDerivedDataBackendGraph:  EnterprisePak pak cache file ../../../Enterprise/DerivedDataCache/Compressed.ddp not found, will not use a pak cache.
[2020.11.05-15.17.26:134][  0]LogDerivedDataCache: Unable to find inner node EnterprisePak for hierarchical cache Hierarchy.
[2020.11.05-15.17.26:137][  0]LogDerivedDataCache: Using Local data cache path C:/Users/AutoLogon/AppData/Local/UnrealEngine/Common/DerivedDataCache: Writable
[2020.11.05-15.17.26:137][  0]LogDerivedDataCache: Shared data cache path not found in *engine.ini, will not use an Shared cache.
[2020.11.05-15.17.26:137][  0]LogDerivedDataCache: Unable to find inner node Shared for hierarchical cache Hierarchy.
[2020.11.05-15.17.26:222][  0]LogSlate: Using FreeType 2.10.0
[2020.11.05-15.17.26:237][  0]LogSlate: SlateFontServices - WITH_FREETYPE: 1, WITH_HARFBUZZ: 1
[2020.11.05-15.17.27:887][  0]LogAssetRegistry: FAssetRegistry took 0.0053 seconds to start up
[2020.11.05-15.17.28:369][  0]LogInit: Selected Device Profile: [Windows]
[2020.11.05-15.17.28:720][  0]LogMeshReduction: Using QuadricMeshReduction for automatic static mesh reduction
[2020.11.05-15.17.28:720][  0]LogMeshReduction: Using SimplygonMeshReduction for automatic skeletal mesh reduction
[2020.11.05-15.17.28:720][  0]LogMeshReduction: Using ProxyLODMeshReduction for automatic mesh merging
[2020.11.05-15.17.28:720][  0]LogMeshReduction: No distributed automatic mesh merging module available
[2020.11.05-15.17.28:720][  0]LogMeshMerging: No distributed automatic mesh merging module available
[2020.11.05-15.17.28:774][  0]LogNetVersion: A1 1.0.0, NetCL: 13144385, EngineNetVer: 14, GameNetVer: 0 (Checksum: 757551055)
[2020.11.05-15.17.32:393][  0]LogAISub: UAISubsystem::UAISubsystem AISubsystem (000001F641267400), frame # 0
[2020.11.05-15.17.32:393][  0]LogAISub: UAISubsystem::UAISubsystem AIPerceptionSystem (000001F641256AC0), frame # 0
[2020.11.05-15.17.32:395][  0]LogAISub: UAISubsystem::UAISubsystem EnvQueryManager (000001F6412B1C00), frame # 0
[2020.11.05-15.17.33:052][  0]LogPackageLocalizationCache: Processed 19 localized package path(s) for 1 prioritized culture(s) in 0.644794 seconds
[2020.11.05-15.17.33:062][  0]LogUObjectArray: 15917 objects as part of root set at end of initial load.
[2020.11.05-15.17.33:062][  0]LogUObjectAllocator: 3965568 out of 0 bytes used by permanent object pool.
[2020.11.05-15.17.33:062][  0]LogUObjectArray: CloseDisregardForGC: 0/0 objects in disregard for GC pool
[2020.11.05-15.17.34:170][  0]LogTcpMessaging: Initializing TcpMessaging bridge
[2020.11.05-15.17.34:181][  0]LogUdpMessaging: Initializing bridge on interface 0.0.0.0:0 to multicast group 230.0.0.1:6666.
[2020.11.05-15.17.34:458][  0]SourceControl: Source control is disabled
[2020.11.05-15.17.34:459][  0]LogWindows: Warning: CreateProc failed: The system cannot find the file specified. (0x00000002)
[2020.11.05-15.17.34:459][  0]LogWindows: Warning: URL: C:/Program Files/Git/bin/git.exe version
[2020.11.05-15.17.34:459][  0]LogWindows: Warning: CreateProc failed: The system cannot find the file specified. (0x00000002)
[2020.11.05-15.17.34:459][  0]LogWindows: Warning: URL: C:/Program Files (x86)/Git/bin/git.exe version
[2020.11.05-15.17.34:460][  0]LogWindows: Warning: CreateProc failed: The system cannot find the file specified. (0x00000002)
[2020.11.05-15.17.34:460][  0]LogWindows: Warning: URL: C:\Users\AutoLogon\AppData\Local/Programs/Git/cmd/git.exe version
[2020.11.05-15.17.34:461][  0]LogWindows: Warning: CreateProc failed: The system cannot find the file specified. (0x00000002)
[2020.11.05-15.17.34:461][  0]LogWindows: Warning: URL: C:/Program Files (x86)/SmartGit/git/bin/git.exe version
[2020.11.05-15.17.34:461][  0]LogWindows: Warning: CreateProc failed: The system cannot find the file specified. (0x00000002)
[2020.11.05-15.17.34:461][  0]LogWindows: Warning: URL: C:/Program Files (x86)/SmartGit/bin/git.exe version
[2020.11.05-15.17.34:461][  0]LogWindows: Warning: CreateProc failed: The system cannot find the file specified. (0x00000002)
[2020.11.05-15.17.34:461][  0]LogWindows: Warning: URL: C:\Users\AutoLogon\AppData\Local/Atlassian/SourceTree/git_local/bin/git.exe version
[2020.11.05-15.17.34:462][  0]LogWindows: Warning: CreateProc failed: The system cannot find the file specified. (0x00000002)
[2020.11.05-15.17.34:462][  0]LogWindows: Warning: URL: C:/Program Files (x86)/fournova/Tower/vendor/Git/bin/git.exe version
[2020.11.05-15.17.34:471][  0]LogWindows: Warning: CreateProc failed: The system cannot find the file specified. (0x00000002)
[2020.11.05-15.17.34:471][  0]LogWindows: Warning: URL: C:/Program Files/Git/bin/git.exe version
[2020.11.05-15.17.34:472][  0]LogWindows: Warning: CreateProc failed: The system cannot find the file specified. (0x00000002)
[2020.11.05-15.17.34:472][  0]LogWindows: Warning: URL: C:/Program Files (x86)/Git/bin/git.exe version
[2020.11.05-15.17.34:472][  0]LogWindows: Warning: CreateProc failed: The system cannot find the file specified. (0x00000002)
[2020.11.05-15.17.34:472][  0]LogWindows: Warning: URL: C:\Users\AutoLogon\AppData\Local/Programs/Git/cmd/git.exe version
[2020.11.05-15.17.34:472][  0]LogWindows: Warning: CreateProc failed: The system cannot find the file specified. (0x00000002)
[2020.11.05-15.17.34:472][  0]LogWindows: Warning: URL: C:/Program Files (x86)/SmartGit/git/bin/git.exe version
[2020.11.05-15.17.34:473][  0]LogWindows: Warning: CreateProc failed: The system cannot find the file specified. (0x00000002)
[2020.11.05-15.17.34:473][  0]LogWindows: Warning: URL: C:/Program Files (x86)/SmartGit/bin/git.exe version
[2020.11.05-15.17.34:473][  0]LogWindows: Warning: CreateProc failed: The system cannot find the file specified. (0x00000002)
[2020.11.05-15.17.34:473][  0]LogWindows: Warning: URL: C:\Users\AutoLogon\AppData\Local/Atlassian/SourceTree/git_local/bin/git.exe version
[2020.11.05-15.17.34:474][  0]LogWindows: Warning: CreateProc failed: The system cannot find the file specified. (0x00000002)
[2020.11.05-15.17.34:474][  0]LogWindows: Warning: URL: C:/Program Files (x86)/fournova/Tower/vendor/Git/bin/git.exe version
[2020.11.05-15.17.34:484][  0]LogWindows: Warning: CreateProc failed: The system cannot find the file specified. (0x00000002)
[2020.11.05-15.17.34:484][  0]LogWindows: Warning: URL: C:/Program Files/Git/bin/git.exe version
[2020.11.05-15.17.34:484][  0]LogWindows: Warning: CreateProc failed: The system cannot find the file specified. (0x00000002)
[2020.11.05-15.17.34:485][  0]LogWindows: Warning: URL: C:/Program Files (x86)/Git/bin/git.exe version
[2020.11.05-15.17.34:485][  0]LogWindows: Warning: CreateProc failed: The system cannot find the file specified. (0x00000002)
[2020.11.05-15.17.34:485][  0]LogWindows: Warning: URL: C:\Users\AutoLogon\AppData\Local/Programs/Git/cmd/git.exe version
[2020.11.05-15.17.34:485][  0]LogWindows: Warning: CreateProc failed: The system cannot find the file specified. (0x00000002)
[2020.11.05-15.17.34:485][  0]LogWindows: Warning: URL: C:/Program Files (x86)/SmartGit/git/bin/git.exe version
[2020.11.05-15.17.34:485][  0]LogWindows: Warning: CreateProc failed: The system cannot find the file specified. (0x00000002)
[2020.11.05-15.17.34:485][  0]LogWindows: Warning: URL: C:/Program Files (x86)/SmartGit/bin/git.exe version
[2020.11.05-15.17.34:486][  0]LogWindows: Warning: CreateProc failed: The system cannot find the file specified. (0x00000002)
[2020.11.05-15.17.34:486][  0]LogWindows: Warning: URL: C:\Users\AutoLogon\AppData\Local/Atlassian/SourceTree/git_local/bin/git.exe version
[2020.11.05-15.17.34:486][  0]LogWindows: Warning: CreateProc failed: The system cannot find the file specified. (0x00000002)
[2020.11.05-15.17.34:486][  0]LogWindows: Warning: URL: C:/Program Files (x86)/fournova/Tower/vendor/Git/bin/git.exe version
[2020.11.05-15.17.34:506][  0]LogWindows: Warning: CreateProc failed: The system cannot find the file specified. (0x00000002)
[2020.11.05-15.17.34:506][  0]LogWindows: Warning: URL: C:/Program Files/Git/bin/git.exe version
[2020.11.05-15.17.34:506][  0]LogWindows: Warning: CreateProc failed: The system cannot find the file specified. (0x00000002)
[2020.11.05-15.17.34:506][  0]LogWindows: Warning: URL: C:/Program Files (x86)/Git/bin/git.exe version
[2020.11.05-15.17.34:507][  0]LogWindows: Warning: CreateProc failed: The system cannot find the file specified. (0x00000002)
[2020.11.05-15.17.34:507][  0]LogWindows: Warning: URL: C:\Users\AutoLogon\AppData\Local/Programs/Git/cmd/git.exe version
[2020.11.05-15.17.34:507][  0]LogWindows: Warning: CreateProc failed: The system cannot find the file specified. (0x00000002)
[2020.11.05-15.17.34:507][  0]LogWindows: Warning: URL: C:/Program Files (x86)/SmartGit/git/bin/git.exe version
[2020.11.05-15.17.34:508][  0]LogWindows: Warning: CreateProc failed: The system cannot find the file specified. (0x00000002)
[2020.11.05-15.17.34:508][  0]LogWindows: Warning: URL: C:/Program Files (x86)/SmartGit/bin/git.exe version
[2020.11.05-15.17.34:508][  0]LogWindows: Warning: CreateProc failed: The system cannot find the file specified. (0x00000002)
[2020.11.05-15.17.34:508][  0]LogWindows: Warning: URL: C:\Users\AutoLogon\AppData\Local/Atlassian/SourceTree/git_local/bin/git.exe version
[2020.11.05-15.17.34:509][  0]LogWindows: Warning: CreateProc failed: The system cannot find the file specified. (0x00000002)
[2020.11.05-15.17.34:509][  0]LogWindows: Warning: URL: C:/Program Files (x86)/fournova/Tower/vendor/Git/bin/git.exe version
[2020.11.05-15.17.34:547][  0]LogVSAccessor: Display: Unable to create Visual Studio setup instance: 80040154
[2020.11.05-15.17.34:549][  0]LogVSAccessor: Display: Unable to create Visual Studio setup instance: 80040154
[2020.11.05-15.17.35:256][  0]LogAndroidPermission: UAndroidPermissionCallbackProxy::GetInstance
[2020.11.05-15.17.35:316][  0]LogAudioCaptureCore: Display: No Audio Capture implementations found. Audio input will be silent.
[2020.11.05-15.17.35:316][  0]LogAudioCaptureCore: Display: No Audio Capture implementations found. Audio input will be silent.
[2020.11.05-15.17.35:466][  0]LogOcInput: OculusInput pre-init called
[2020.11.05-15.17.35:503][  0]LogWindows: Failed to load 'OVRPlugin.dll' (GetLastError=126)
[2020.11.05-15.17.35:503][  0]LogWindows: File 'OVRPlugin.dll' does not exist
[2020.11.05-15.17.35:668][  0]LogEngine: Initializing Engine...
[2020.11.05-15.17.35:672][  0]LogHMD: Failed to initialize OpenVR with code 110
[2020.11.05-15.17.35:672][  0]LogMagicLeap: Warning: VR disabled because ZI is not enabled.  To enable, in the editor, Edit -> Project Settings -> Plugins -> Magic Leap Plugin -> Enable Zero Iteration
[2020.11.05-15.17.35:674][  0]LogStats: UGameplayTagsManager::InitializeManager -  0.000 s
[2020.11.05-15.17.35:931][  0]LogInit: Initializing FReadOnlyCVARCache
[2020.11.05-15.17.35:950][  0]LogAIModule: Creating AISystem for world Untitled
[2020.11.05-15.17.35:950][  0]LogAISub: UAISubsystem::UAISubsystem EnvQueryManager (000001F64445FC00), frame # 0
[2020.11.05-15.17.35:950][  0]LogAISub: UAISubsystem::UAISubsystem AIPerceptionSystem (000001F64446BB00), frame # 0
[2020.11.05-15.17.36:140][  0]LogAudioMixer: Display: Audio Mixer Platform Settings:
[2020.11.05-15.17.36:140][  0]LogAudioMixer: Display: 	Sample Rate:						  48000
[2020.11.05-15.17.36:140][  0]LogAudioMixer: Display: 	Callback Buffer Frame Size Requested: 1024
[2020.11.05-15.17.36:140][  0]LogAudioMixer: Display: 	Callback Buffer Frame Size To Use:	  1024
[2020.11.05-15.17.36:140][  0]LogAudioMixer: Display: 	Number of buffers to queue:			  2
[2020.11.05-15.17.36:140][  0]LogAudioMixer: Display: 	Max Channels (voices):				  32
[2020.11.05-15.17.36:140][  0]LogAudioMixer: Display: 	Number of Async Source Workers:		  0
[2020.11.05-15.17.36:140][  0]LogAudio: Display: AudioDevice MaxSources: 32
[2020.11.05-15.17.36:141][  0]LogAudio: Display: Using built-in audio occlusion.
[2020.11.05-15.17.36:141][  0]LogAudioMixer: Display: Initializing audio mixer.
[2020.11.05-15.17.36:190][  0]LogAudioMixer: Display: 0: FrontLeft
[2020.11.05-15.17.36:190][  0]LogAudioMixer: Display: 1: FrontRight
[2020.11.05-15.17.37:398][  0]LogAudioMixer: Display: Using Audio Device Speakers / Headphones (3- Realtek Audio)
[2020.11.05-15.17.37:404][  0]LogAudioMixer: Display: Initializing Sound Submixes...
[2020.11.05-15.17.37:411][  0]LogAudioMixer: Display: Creating Master Submix 'MasterSubmixDefault'
[2020.11.05-15.17.37:411][  0]LogAudioMixer: Display: Creating Master Submix 'MasterReverbSubmixDefault'
[2020.11.05-15.17.37:413][  0]LogAudioMixer: Display: Creating Master Submix 'MasterEQSubmixDefault'
[2020.11.05-15.17.37:414][  0]LogInit: FAudioDevice initialized.
[2020.11.05-15.17.37:415][  0]LogNetVersion: Set ProjectVersion to 1.0.0.0. Version Checksum will be recalculated on next use.
[2020.11.05-15.17.37:580][  0]LogDerivedDataCache: Saved boot cache 0.16s 76MB C:/Users/AutoLogon/AppData/Local/UnrealEngine/4.25/DerivedDataCache/Boot.ddc.
[2020.11.05-15.17.37:582][  0]LogInit: Texture streaming: Enabled
[2020.11.05-15.17.37:630][  0]LogEngineSessionManager: EngineSessionManager initialized
[2020.11.05-15.17.37:630][  0]LogEditorSessionSummary: Verbose: Initializing EditorSessionSummaryWriter for editor session tracking
[2020.11.05-15.17.37:635][  0]LogEditorSessionSummary: EditorSessionSummaryWriter initialized
[2020.11.05-15.17.38:438][  0]LogInit: Transaction tracking system initialized
[2020.11.05-15.17.38:500][  0]BlueprintLog: New page: Editor Load
[2020.11.05-15.17.38:710][  0]LocalizationService: Localization service is disabled
[2020.11.05-15.17.38:982][  0]LogVSAccessor: Display: Unable to create Visual Studio setup instance: 80040154
[2020.11.05-15.17.38:984][  0]LogVSAccessor: Display: Unable to create Visual Studio setup instance: 80040154
[2020.11.05-15.17.39:184][  0]LogCook: Display: Max memory allowance for cook 16384mb min free memory 0mb
[2020.11.05-15.17.39:184][  0]LogCook: Display: Mobile HDR setting 1
[2020.11.05-15.17.39:551][  0]LogFileCache: Scanning file cache for directory 'E:/A2/GAM537_A1/A1/Content/' took 0.03s
[2020.11.05-15.17.41:305][  0]LogWindows: Warning: CreateProc failed: The system cannot find the file specified. (0x00000002)
[2020.11.05-15.17.41:305][  0]LogWindows: Warning: URL: C:/Program Files/Git/bin/git.exe version
[2020.11.05-15.17.41:305][  0]LogWindows: Warning: CreateProc failed: The system cannot find the file specified. (0x00000002)
[2020.11.05-15.17.41:305][  0]LogWindows: Warning: URL: C:/Program Files (x86)/Git/bin/git.exe version
[2020.11.05-15.17.41:305][  0]LogWindows: Warning: CreateProc failed: The system cannot find the file specified. (0x00000002)
[2020.11.05-15.17.41:305][  0]LogWindows: Warning: URL: C:\Users\AutoLogon\AppData\Local/Programs/Git/cmd/git.exe version
[2020.11.05-15.17.41:306][  0]LogWindows: Warning: CreateProc failed: The system cannot find the file specified. (0x00000002)
[2020.11.05-15.17.41:306][  0]LogWindows: Warning: URL: C:/Program Files (x86)/SmartGit/git/bin/git.exe version
[2020.11.05-15.17.41:307][  0]LogWindows: Warning: CreateProc failed: The system cannot find the file specified. (0x00000002)
[2020.11.05-15.17.41:307][  0]LogWindows: Warning: URL: C:/Program Files (x86)/SmartGit/bin/git.exe version
[2020.11.05-15.17.41:307][  0]LogWindows: Warning: CreateProc failed: The system cannot find the file specified. (0x00000002)
[2020.11.05-15.17.41:307][  0]LogWindows: Warning: URL: C:\Users\AutoLogon\AppData\Local/Atlassian/SourceTree/git_local/bin/git.exe version
[2020.11.05-15.17.41:308][  0]LogWindows: Warning: CreateProc failed: The system cannot find the file specified. (0x00000002)
[2020.11.05-15.17.41:308][  0]LogWindows: Warning: URL: C:/Program Files (x86)/fournova/Tower/vendor/Git/bin/git.exe version
[2020.11.05-15.17.41:308][  0]LogUnrealEdMisc: Loading editor; pre map load, took 32.413
[2020.11.05-15.17.41:308][  0]Cmd: MAP LOAD FILE="E:/A2/GAM537_A1/A1/Content/ThirdPersonBP/Maps/Level_1.umap" TEMPLATE=0 SHOWPROGRESS=1 FEATURELEVEL=3
[2020.11.05-15.17.41:326][  0]LightingResults: New page: Lighting Build
[2020.11.05-15.17.41:327][  0]LogWorld: UWorld::CleanupWorld for Untitled, bSessionEnded=true, bCleanupResources=true
[2020.11.05-15.17.41:328][  0]LogSlate: InvalidateAllWidgets triggered.  All widgets were invalidated
[2020.11.05-15.17.41:328][  0]MapCheck: New page: Map Check
[2020.11.05-15.17.41:328][  0]LightingResults: New page: Lighting Build
[2020.11.05-15.17.41:342][  0]LogAISub: UAISubsystem::~UAISubsystem EnvQueryManager (000001F64445FC00), frame # 0
[2020.11.05-15.17.41:342][  0]LogAISub: UAISubsystem::~UAISubsystem AIPerceptionSystem (000001F64446BB00), frame # 0
[2020.11.05-15.17.41:343][  0]LogUObjectHash: Compacting FUObjectHashTables data took   1.13ms
[2020.11.05-15.17.58:856][  0]LogTexture: Display: Building textures: T_CardReader_M (AutoDXT, 4096X4096)
[2020.11.05-15.17.58:856][  0]LogTexture: Display: Building textures: T_CardReader_Diff (AutoDXT, 4096X4096)
[2020.11.05-15.17.58:856][  0]LogTexture: Display: Building textures: T_WasteBin_N_normals (BC5, 4096X4096)
[2020.11.05-15.17.58:856][  0]LogTexture: Display: Building textures: T_WasteBin_M (AutoDXT, 4096X4096)
[2020.11.05-15.17.58:856][  0]LogTexture: Display: Building textures: T_WasteBin_Diff (AutoDXT, 4096X4096)
[2020.11.05-15.17.58:856][  0]LogTexture: Display: Building textures: T_CardReader_N_normals (BC5, 1024X1024)
[2020.11.05-15.17.59:108][  0]LogTexture: Display: Building textures: T_WallCabinet_N_normals (BC5, 4096X4096)
[2020.11.05-15.17.59:162][  0]LogTexture: Display: Building textures: T_LampEmissive (AutoDXT, 2048X2048)
[2020.11.05-15.18.01:978][  0]LogTexture: Display: Building textures: T_Metal_Brushed_M (AutoDXT, 2048X2048)
[2020.11.05-15.18.09:695][  0]LogTexture: Display: Building textures: T_WallCabinet_M (AutoDXT, 4096X4096)
[2020.11.05-15.18.09:696][  0]LogTexture: Display: Building textures: T_WallCabinet_Diff (AutoDXT, 4096X4096)
[2020.11.05-15.18.09:696][  0]LogTexture: Display: Building textures: T_TableLamp_N_normals (BC5, 4096X4096)
[2020.11.05-15.18.09:705][  0]LogMaterial: Display: Missing cached shader map for material M_Base_3C, compiling. 
[2020.11.05-15.18.10:732][  0]LogShaderCompilers: Display: Worker (1/3): shaders left to compile 29
[2020.11.05-15.18.10:732][  0]LogShaderCompilers: Display: Worker (2/3): shaders left to compile 19
[2020.11.05-15.18.10:732][  0]LogShaderCompilers: Display: Worker (3/3): shaders left to compile 9
[2020.11.05-15.18.10:732][  0]LogTexture: Display: Building textures: T_CommDevice_Diff (AutoDXT, 4096X4096)
[2020.11.05-15.18.20:200][  0]LogTexture: Display: Building textures: T_TableLamp_M (AutoDXT, 4096X4096)
[2020.11.05-15.18.20:200][  0]LogTexture: Display: Building textures: T_TableLamp_Diff (AutoDXT, 4096X4096)
[2020.11.05-15.18.20:499][  0]LogTexture: Display: Building textures: T_CommDevice_EM (AutoDXT, 4096X4096)
[2020.11.05-15.18.23:189][  0]LogTexture: Display: Building textures: T_Stool_N_normals (BC5, 4096X4096)
[2020.11.05-15.18.23:471][  0]LogTexture: Display: Building textures: T_CommDevice_M (AutoDXT, 4096X4096)
[2020.11.05-15.18.28:437][  0]LogTexture: Display: Building textures: T_Stool_M (AutoDXT, 4096X4096)
[2020.11.05-15.18.28:855][  0]LogTexture: Display: Building textures: T_CommDevice_N_normals (BC5, 4096X4096)
[2020.11.05-15.18.33:839][  0]LogTexture: Display: Building textures: T_Stool_Diff (AutoDXT, 4096X4096)
[2020.11.05-15.18.33:960][  0]LogStaticMesh: Building static mesh SM_WasteBin...
[2020.11.05-15.18.34:052][  0]LogStaticMesh: Built static mesh [0.09s] /Game/StarterBundle/ModularScifiProps/Meshes/SM_WasteBin.SM_WasteBin
[2020.11.05-15.18.34:182][  0]LogStaticMesh: Building static mesh SM_WallCab_1D...
[2020.11.05-15.18.34:459][  0]LogStaticMesh: Built static mesh [0.28s] /Game/StarterBundle/ModularScifiProps/Meshes/SM_WallCab_1D.SM_WallCab_1D
[2020.11.05-15.18.35:637][  0]LogMaterial: Display: Missing cached shader map for material M_SolidLight_Parent, compiling. 
[2020.11.05-15.18.35:756][  0]LogStaticMesh: Building static mesh SM_TableLamp...
[2020.11.05-15.18.35:909][  0]LogStaticMesh: Built static mesh [0.15s] /Game/StarterBundle/ModularScifiProps/Meshes/SM_TableLamp.SM_TableLamp
[2020.11.05-15.19.03:842][  0]LogTexture: Display: Building textures: T_Shelf_A_N_normals (BC5, 4096X4096)
[2020.11.05-15.19.03:842][  0]LogTexture: Display: Building textures: T_Shelf_A_M (AutoDXT, 4096X4096)
[2020.11.05-15.19.03:842][  0]LogTexture: Display: Building textures: T_Shelf_A_Diff (AutoDXT, 4096X4096)
[2020.11.05-15.19.03:842][  0]LogTexture: Display: Building textures: T_Desk_A_N_b_normals (BC5, 4096X4096)
[2020.11.05-15.19.03:842][  0]LogTexture: Display: Building textures: T_Desk_A_Diff_b_M (AutoDXT, 4096X4096)
[2020.11.05-15.19.03:842][  0]LogStaticMesh: Building static mesh SM_Stool...
[2020.11.05-15.19.04:188][  0]LogStaticMesh: Built static mesh [0.35s] /Game/StarterBundle/ModularScifiProps/Meshes/SM_Stool.SM_Stool
[2020.11.05-15.19.04:317][  0]LogStaticMesh: Building static mesh SM_Shelf_A_v3...
[2020.11.05-15.19.04:410][  0]LogStaticMesh: Built static mesh [0.09s] /Game/StarterBundle/ModularScifiProps/Meshes/SM_Shelf_A_v3.SM_Shelf_A_v3
[2020.11.05-15.19.31:665][  0]LogTexture: Display: Building textures: T_Desk_A_Diff_b (AutoDXT, 4096X4096)
[2020.11.05-15.19.31:665][  0]LogTexture: Display: Building textures: T_Desk_A_N_a_normals (BC5, 4096X4096)
[2020.11.05-15.19.31:665][  0]LogTexture: Display: Building textures: T_Desk_A_Diff_a_M (AutoDXT, 4096X4096)
[2020.11.05-15.19.31:665][  0]LogTexture: Display: Building textures: T_Desk_A_Diff_a (AutoDXT, 4096X4096)
[2020.11.05-15.19.31:665][  0]LogTexture: Display: Building textures: T_WVD_Panel_Rough (AutoDXT, 4096X4096)
[2020.11.05-15.19.31:665][  0]LogStaticMesh: Building static mesh SM_Desk_A_v1...
[2020.11.05-15.19.32:489][  0]LogTexture: Display: Building textures: T_WVD_Panel_N_Normals (BC5, 4096X4096)
[2020.11.05-15.19.32:490][  0]LogStaticMesh: Built static mesh [0.83s] /Game/StarterBundle/ModularScifiProps/Meshes/SM_Desk_A_v1.SM_Desk_A_v1
[2020.11.05-15.20.10:403][  0]LogTexture: Display: Building textures: T_WVD_Panel_Diff (AutoDXT, 4096X4096)
[2020.11.05-15.20.10:403][  0]LogTexture: Display: Building textures: T_Floor_A_normals (BC5, 4096X4096)
[2020.11.05-15.20.10:403][  0]LogTexture: Display: Building textures: T_Floor_A_M (AutoDXT, 4096X4096)
[2020.11.05-15.20.10:403][  0]LogStaticMesh: Building static mesh SM_WVD_Panel_A...
[2020.11.05-15.20.10:462][  0]LogStaticMesh: Built static mesh [0.06s] /Game/ModSciInteriors/Meshes/SM_WVD_Panel_A.SM_WVD_Panel_A
[2020.11.05-15.20.11:162][  0]LogStaticMesh: Building static mesh SM_Wire_Wall_B...
[2020.11.05-15.20.11:282][  0]LogStaticMesh: Built static mesh [0.12s] /Game/ModSci_EngiProps/Meshes/SM_Wire_Wall_B.SM_Wire_Wall_B
[2020.11.05-15.20.11:534][  0]LogStaticMesh: Building static mesh FloorNew_StaticMesh...
[2020.11.05-15.20.11:537][  0]LogStaticMesh: Built static mesh [0.00s] /Game/Assignment/Blueprints/FloorNew_StaticMesh.FloorNew_StaticMesh
[2020.11.05-15.20.28:727][  0]LogTexture: Display: Building textures: T_Floor_A_diff (AutoDXT, 4096X4096)
[2020.11.05-15.20.28:727][  0]LogTexture: Display: Building textures: T_Square_1_M (AutoDXT, 1024X1024)
[2020.11.05-15.20.28:727][  0]LogTexture: Display: Building textures: T_Square_1 (AutoDXT, 1024X1024)
[2020.11.05-15.20.28:727][  0]LogTexture: Display: Building textures: T_FloorSquare_A_M (AutoDXT, 1024X1024)
[2020.11.05-15.20.28:727][  0]LogTexture: Display: Building textures: T_FloorSquare_A (AutoDXT, 1024X1024)
[2020.11.05-15.20.28:727][  0]LogTexture: Display: Building textures: T_Ceiling_C_2_N_normals (BC5, 4096X4096)
[2020.11.05-15.20.28:727][  0]LogTexture: Display: Building textures: T_Ceiling_C_2_M (AutoDXT, 4096X4096)
[2020.11.05-15.20.28:727][  0]LogTexture: Display: Building textures: T_Ceiling_C_2_Diff (AutoDXT, 4096X4096)
[2020.11.05-15.20.28:727][  0]LogMaterial: Display: Missing cached shader map for material M_Base_Tile_Scr, compiling. 
[2020.11.05-15.20.28:764][  0]LogMaterial: Display: Missing cached shader map for material M_Base_Tile_Scr, compiling. 
[2020.11.05-15.20.29:286][  0]LogTexture: Display: Building textures: T_Metal_Scratches_M (AutoDXT, 2048X2048)
[2020.11.05-15.20.29:286][  0]LogMaterial: Display: Missing cached shader map for material M_Decal_Base, compiling. 
[2020.11.05-15.21.08:497][  0]LogTexture: Display: Building textures: T_Hall_Door_L_N_normals (BC5, 4096X4096)
[2020.11.05-15.21.08:497][  0]LogTexture: Display: Building textures: T_Hall_Door_L_M (AutoDXT, 2048X2048)
[2020.11.05-15.21.08:497][  0]LogTexture: Display: Building textures: T_DefaultLight_S (AutoDXT, 64X64)
[2020.11.05-15.21.08:497][  0]LogTexture: Display: Building textures: T_Hall_Door_Diff (AutoDXT, 4096X4096)
[2020.11.05-15.21.08:497][  0]LogTexture: Display: Building textures: T_Scifi_Lamp_S (AutoDXT, 1024X1024)
[2020.11.05-15.21.08:497][  0]LogTexture: Display: Building textures: T_LoginScreen_EM (AutoDXT, 4096X4096)
[2020.11.05-15.21.08:497][  0]LogTexture: Display: Building textures: T_Lapt_Keyb_N_normals (BC5, 4096X4096)
[2020.11.05-15.21.08:497][  0]LogTexture: Display: Building textures: T_Lapt_Keyb_M (AutoDXT, 4096X4096)
[2020.11.05-15.21.08:497][  0]LogTexture: Display: Building textures: T_Lapt_Keyb_Diff (AutoDXT, 4096X4096)
[2020.11.05-15.21.08:498][  0]LogMaterial: Display: Missing cached shader map for material M_Base_2C, compiling. 
[2020.11.05-15.21.09:784][  0]LogTexture: Display: Building textures: T_Keyboard_UI_EM (AutoDXT, 4096X4096)
[2020.11.05-15.21.10:191][  0]LogStaticMesh: Building static mesh SM_CommDevice...
[2020.11.05-15.21.10:355][  0]LogStaticMesh: Built static mesh [0.16s] /Game/StarterBundle/ModularScifiProps/Meshes/SM_CommDevice.SM_CommDevice
[2020.11.05-15.21.10:611][  0]LogStaticMesh: Building static mesh SM_Laptop_Closed...
[2020.11.05-15.21.11:106][  0]LogStaticMesh: Built static mesh [0.49s] /Game/StarterBundle/ModularScifiProps/Meshes/SM_Laptop_Closed.SM_Laptop_Closed
[2020.11.05-15.21.11:189][  0]LogStaticMesh: Building static mesh SM_Scifi_Lamp...
[2020.11.05-15.21.11:240][  0]LogStaticMesh: Built static mesh [0.05s] /Game/SpaceshipInterior/Meshes/SM_Scifi_Lamp.SM_Scifi_Lamp
[2020.11.05-15.21.11:491][  0]LogStaticMesh: Building static mesh SM_Laptop...
[2020.11.05-15.21.11:985][  0]LogTexture: Display: Building textures: T_Lapt_Scre_N_normals (BC5, 4096X4096)
[2020.11.05-15.21.11:985][  0]LogStaticMesh: Built static mesh [0.49s] /Game/StarterBundle/ModularScifiProps/Meshes/SM_Laptop.SM_Laptop
[2020.11.05-15.21.12:018][  0]LogMaterial: Display: Missing cached shader map for material M_Screen_Parent, compiling. 
[2020.11.05-15.21.29:012][  0]LogTexture: Display: Building textures: T_Lapt_Scre_M (AutoDXT, 4096X4096)
[2020.11.05-15.21.29:012][  0]LogTexture: Display: Building textures: T_Lapt_Scre_Diff (AutoDXT, 4096X4096)
[2020.11.05-15.21.29:012][  0]LogTexture: Display: Building textures: T_Scifi_Lamp_R (AutoDXT, 1024X1024)
[2020.11.05-15.21.29:012][  0]LogTexture: Display: Building textures: T_Scifi_Lamp_N (BC5, 1024X1024)
[2020.11.05-15.21.29:012][  0]LogTexture: Display: Building textures: T_Scifi_Lamp_AO (AutoDXT, 1024X1024)
[2020.11.05-15.21.29:012][  0]LogTexture: Display: Building textures: T_Scifi_Lamp_BC (AutoDXT, 1024X1024)
[2020.11.05-15.21.29:012][  0]LogMaterial: Display: Missing cached shader map for material M_Scifi_Glow, compiling. 
[2020.11.05-15.21.29:280][  0]LogEditorServer: Finished looking for orphan Actors (0.000 secs)
[2020.11.05-15.21.29:282][  0]LogAIModule: Creating AISystem for world Level_1
[2020.11.05-15.21.29:282][  0]LogAISub: UAISubsystem::UAISubsystem EnvQueryManager (000001F65FFE3800), frame # 0
[2020.11.05-15.21.29:282][  0]LogAISub: UAISubsystem::UAISubsystem AIPerceptionSystem (000001F65FFDFC40), frame # 0
[2020.11.05-15.21.35:941][  0]LogUObjectHash: Compacting FUObjectHashTables data took   2.64ms
[2020.11.05-15.21.35:976][  0]Cmd: MAP CHECKDEP NOCLEARLOG
[2020.11.05-15.21.35:978][  0]MapCheck: Map check complete: 0 Error(s), 0 Warning(s), took 0.807ms to complete.
[2020.11.05-15.21.35:979][  0]LogFileHelpers: Loading map 'Level_1' took 234.670
[2020.11.05-15.21.36:079][  0]LogUnrealEdMisc: Total Editor Startup Time, took 267.184
[2020.11.05-15.21.36:546][  0]LogSlate: Updating window title bar state: overlay mode, drag disabled, window buttons hidden, title bar hidden
[2020.11.05-15.21.36:568][  0]LogSlate: Updating window title bar state: overlay mode, drag disabled, window buttons hidden, title bar hidden
[2020.11.05-15.21.36:588][  0]LogSlate: Updating window title bar state: overlay mode, drag disabled, window buttons hidden, title bar hidden
[2020.11.05-15.21.36:607][  0]LogSlate: Updating window title bar state: overlay mode, drag disabled, window buttons hidden, title bar hidden
[2020.11.05-15.21.36:691][  0]LogCollectionManager: Loaded 0 collections in 0.010227 seconds
[2020.11.05-15.21.36:803][  0]LogFileCache: Scanning file cache for directory 'E:/A2/GAM537_A1/A1/Saved/Collections/' took 0.01s
[2020.11.05-15.21.36:803][  0]LogFileCache: Scanning file cache for directory 'E:/A2/GAM537_A1/A1/Content/Developers/AutoLogon/Collections/' took 0.01s
[2020.11.05-15.21.36:803][  0]LogFileCache: Scanning file cache for directory 'E:/A2/GAM537_A1/A1/Content/Collections/' took 0.00s
[2020.11.05-15.21.36:803][  0]LogContentBrowser: Native class hierarchy populated in 0.0278 seconds. Added 3427 classes and 821 folders.
[2020.11.05-15.21.36:830][  0]LogContentBrowser: Native class hierarchy updated for 'WidgetCarousel' in 0.0005 seconds. Added 0 classes and 0 folders.
[2020.11.05-15.21.38:235][  0]LogContentBrowser: Native class hierarchy updated for 'AddContentDialog' in 0.0005 seconds. Added 0 classes and 0 folders.
[2020.11.05-15.21.38:245][  0]LogContentBrowser: Native class hierarchy updated for 'SceneOutliner' in 0.0005 seconds. Added 2 classes and 0 folders.
[2020.11.05-15.21.38:774][  0]LogSlate: Took 0.038190 seconds to synchronously load lazily loaded font '../../../Engine/Content/Slate/Fonts/Roboto-Regular.ttf' (155K)
[2020.11.05-15.21.38:806][  0]LogSlate: Took 0.027489 seconds to synchronously load lazily loaded font '../../../Engine/Content/Slate/Fonts/Roboto-Bold.ttf' (160K)
[2020.11.05-15.21.39:032][  0]LogSlate: Took 0.202741 seconds to synchronously load lazily loaded font '../../../Engine/Content/Editor/Slate/Fonts/FontAwesome.ttf' (139K)
[2020.11.05-15.21.39:750][  0]LogRenderer: Reallocating scene render targets to support 748x372 Format 10 NumSamples 1 (Frame:1).
[2020.11.05-15.21.47:729][  0]LogContentBrowser: Native class hierarchy updated for 'HierarchicalLODOutliner' in 0.0006 seconds. Added 0 classes and 0 folders.
[2020.11.05-15.21.47:729][  0]LogLoad: (Engine Initialization) Total time: 278.83 seconds
[2020.11.05-15.21.47:729][  0]LogLoad: (Engine Initialization) Total Blueprint compile time: 0.00 seconds
[2020.11.05-15.21.47:842][  0]LogContentStreaming: Texture pool size now 1000 MB
[2020.11.05-15.21.47:970][  0]LogSlate: Took 0.093475 seconds to synchronously load lazily loaded font '../../../Engine/Content/Slate/Fonts/Roboto-Light.ttf' (167K)
[2020.11.05-15.21.49:185][ 20]LogSlate: Took 0.000322 seconds to synchronously load lazily loaded font '../../../Engine/Content/Slate/Fonts/Roboto-Light.ttf' (167K)
[2020.11.05-15.22.13:371][216]LogShaderCompilers: Display: Worker (3/3): shaders left to compile 178
[2020.11.05-15.22.24:679][296]LogShaderCompilers: Display: Worker (1/3): shaders left to compile 168
[2020.11.05-15.22.29:934][312]LogShaderCompilers: Display: Worker (2/3): shaders left to compile 158
[2020.11.05-15.22.47:329][589]LogShaderCompilers: Display: Worker (3/3): shaders left to compile 148
[2020.11.05-15.22.48:576][617]LogShaderCompilers: Display: Worker (1/3): shaders left to compile 138
[2020.11.05-15.22.50:056][650]LogShaderCompilers: Display: Worker (2/3): shaders left to compile 128
[2020.11.05-15.23.02:718][903]LogShaderCompilers: Display: Worker (1/3): shaders left to compile 118
[2020.11.05-15.23.09:759][ 14]LogShaderCompilers: Display: Worker (3/3): shaders left to compile 108
[2020.11.05-15.23.12:242][ 58]LogShaderCompilers: Display: Worker (2/3): shaders left to compile 98
[2020.11.05-15.23.15:413][121]LogAssetRegistry: Asset discovery search completed in 347.5285 seconds
[2020.11.05-15.23.15:436][121]LogCollectionManager: Fixed up redirectors for 0 collections in 0.000446 seconds (updated 0 objects)
[2020.11.05-15.23.20:922][236]LogShaderCompilers: Display: Worker (1/3): shaders left to compile 88
[2020.11.05-15.23.25:619][335]LogShaderCompilers: Display: Worker (3/3): shaders left to compile 78
[2020.11.05-15.23.30:272][439]LogShaderCompilers: Display: Worker (2/3): shaders left to compile 68
[2020.11.05-15.23.40:614][674]LogShaderCompilers: Display: Worker (1/3): shaders left to compile 58
[2020.11.05-15.23.40:915][682]LogShaderCompilers: Display: Worker (3/3): shaders left to compile 48
[2020.11.05-15.23.49:547][878]LogShaderCompilers: Display: Worker (2/3): shaders left to compile 38
[2020.11.05-15.23.54:081][980]LogShaderCompilers: Display: Worker (1/3): shaders left to compile 28
[2020.11.05-15.23.59:349][ 88]LogShaderCompilers: Display: Worker (3/3): shaders left to compile 18
[2020.11.05-15.24.04:465][206]LogShaderCompilers: Display: Worker (2/3): shaders left to compile 11
[2020.11.05-15.24.08:340][298]LogShaderCompilers: Display: Worker (1/3): shaders left to compile 7
[2020.11.05-15.24.10:397][337]LogShaderCompilers: Display: Worker (2/3): shaders left to compile 4
[2020.11.05-15.24.12:012][375]LogShaderCompilers: Display: Worker (3/3): shaders left to compile 2
[2020.11.05-15.24.12:124][378]LogShaderCompilers: Display: Worker (1/3): shaders left to compile 1
[2020.11.05-15.45.15:983][475]LogAudioMixer: Display: Audio Buffer Underrun detected.
[2020.11.05-15.45.25:162][748]LogTemp: Repeating last play command: Selected Viewport
[2020.11.05-15.45.25:215][748]LogPlayLevel: PlayLevel: No blueprints needed recompiling
[2020.11.05-15.45.25:224][748]PIE: New page: PIE session: Level_1 (Nov 5, 2020, 5:45:25 AM)
[2020.11.05-15.45.25:234][748]LogOnline: OSS: Creating online subsystem instance for: NULL
[2020.11.05-15.45.25:239][748]LogOnline: OSS: TryLoadSubsystemAndSetDefault: Loaded subsystem for module [NULL]
[2020.11.05-15.45.25:242][748]LogPlayLevel: Creating play world package: /Game/Assignment/Maps/UEDPIE_0_Level_1
[2020.11.05-15.45.25:309][748]LogPlayLevel: PIE: StaticDuplicateObject took: (0.066250s)
[2020.11.05-15.45.25:312][748]LogAIModule: Creating AISystem for world Level_1
[2020.11.05-15.45.25:313][748]LogAISub: UAISubsystem::UAISubsystem EnvQueryManager (000001F65D540C00), frame # 6748
[2020.11.05-15.45.25:313][748]LogAISub: UAISubsystem::UAISubsystem AIPerceptionSystem (000001F61B861A80), frame # 6748
[2020.11.05-15.45.25:315][748]LogPlayLevel: PIE: World Init took: (0.006948s)
[2020.11.05-15.45.25:316][748]LogPlayLevel: PIE: Created PIE world by copying editor world from /Game/Assignment/Maps/Level_1.Level_1 to /Game/Assignment/Maps/UEDPIE_0_Level_1.Level_1 (0.074347s)
[2020.11.05-15.45.25:360][748]LogUObjectHash: Compacting FUObjectHashTables data took   7.81ms
[2020.11.05-15.45.25:414][748]LogAudioMixer: Display: Audio Mixer Platform Settings:
[2020.11.05-15.45.25:415][748]LogAudioMixer: Display: 	Sample Rate:						  48000
[2020.11.05-15.45.25:415][748]LogAudioMixer: Display: 	Callback Buffer Frame Size Requested: 1024
[2020.11.05-15.45.25:415][748]LogAudioMixer: Display: 	Callback Buffer Frame Size To Use:	  1024
[2020.11.05-15.45.25:415][748]LogAudioMixer: Display: 	Number of buffers to queue:			  2
[2020.11.05-15.45.25:415][748]LogAudioMixer: Display: 	Max Channels (voices):				  32
[2020.11.05-15.45.25:415][748]LogAudioMixer: Display: 	Number of Async Source Workers:		  0
[2020.11.05-15.45.25:415][748]LogAudio: Display: AudioDevice MaxSources: 32
[2020.11.05-15.45.25:418][748]LogAudio: Display: Using built-in audio occlusion.
[2020.11.05-15.45.25:419][748]LogAudioMixer: Display: Initializing audio mixer.
[2020.11.05-15.45.25:485][748]LogAudioMixer: Display: 0: FrontLeft
[2020.11.05-15.45.25:485][748]LogAudioMixer: Display: 1: FrontRight
[2020.11.05-15.45.25:727][748]LogAudioMixer: Display: Using Audio Device Speakers / Headphones (3- Realtek Audio)
[2020.11.05-15.45.25:733][748]LogAudioMixer: Display: Initializing Sound Submixes...
[2020.11.05-15.45.25:733][748]LogAudioMixer: Display: Creating Master Submix 'MasterSubmixDefault'
[2020.11.05-15.45.25:733][748]LogAudioMixer: Display: Creating Master Submix 'MasterReverbSubmixDefault'
[2020.11.05-15.45.25:737][748]LogAudioMixer: Display: Creating Master Submix 'MasterEQSubmixDefault'
[2020.11.05-15.45.25:764][748]LogInit: FAudioDevice initialized.
[2020.11.05-15.45.51:026][748]LogTexture: Display: Building textures: T_Muriel_Wings_Mask01 (AutoDXT, 4096X4096)
[2020.11.05-15.45.51:026][748]LogAnimationCompression: Building Anim DDC data for AnimSequence /Game/ParagonMuriel/Characters/Heroes/Muriel/Animations/Travel_Rt.Travel_Rt
[2020.11.05-15.45.51:026][748]LogAnimationCompression: Building Anim DDC data for AnimSequence /Game/ParagonMuriel/Characters/Heroes/Muriel/Animations/Travel_Lft.Travel_Lft
[2020.11.05-15.45.51:026][748]LogTexture: Display: Building textures: T_Muriel_Wings_Mask02 (AutoDXT, 4096X4096)
[2020.11.05-15.45.51:026][748]LogTexture: Display: Building textures: T_Muriel_Wings_E (AutoDXT, 4096X4096)
[2020.11.05-15.45.51:026][748]LogTexture: Display: Building textures: T_Muriel_Wings_Decal (AutoDXT, 4096X4096)
[2020.11.05-15.45.51:026][748]LogTexture: Display: Building textures: T_Muriel_Wing_normals (BC5, 4096X4096)
[2020.11.05-15.45.51:026][748]LogTexture: Display: Building textures: T_Muriel_Head_N (BC5, 4096X4096)
[2020.11.05-15.45.51:026][748]LogTexture: Display: Building textures: T_Muriel_Head_MASK_1 (DXT1, 4096X4096)
[2020.11.05-15.45.51:026][748]LogTexture: Display: Building textures: T_Muriel_Head_COLOR (AutoDXT, 4096X4096)
[2020.11.05-15.45.51:026][748]LogTexture: Display: Building textures: T_Muriel_Upperbody_normals (BC5, 4096X4096)
[2020.11.05-15.45.56:950][748]LogTexture: Display: Building textures: T_Muriel_Head_RGBAO (AutoDXT, 4096X4096)
[2020.11.05-15.45.56:950][748]LogTexture: Display: Building textures: T_Muriel_Upperbody_Mask01 (AutoDXT, 4096X4096)
[2020.11.05-15.46.03:534][748]LogTexture: Display: Building textures: T_Brushed_Copper_D (AutoDXT, 2048X2048)
[2020.11.05-15.46.31:326][748]LogTexture: Display: Building textures: T_Metallic_Flakes_N (BC5, 512X512)
[2020.11.05-15.46.31:326][748]LogTexture: Display: Building textures: T_Metallic_Flakes_MASK (AutoDXT, 512X512)
[2020.11.05-15.46.31:326][748]LogTexture: Display: Building textures: T_Pore_Specular (AutoDXT, 1024X1024)
[2020.11.05-15.46.31:326][748]LogTexture: Display: Building textures: T_Pore_Normals2 (BC5, 1024X1024)
[2020.11.05-15.46.31:326][748]LogTexture: Display: Building textures: T_Femme_Eyelashes_N (BC5, 2048X2048)
[2020.11.05-15.46.31:326][748]LogTexture: Display: Building textures: T_Femme_Eyelashes_D (DXT1, 2048X2048)
[2020.11.05-15.46.31:326][748]LogTexture: Display: Building textures: T_EyeOcclusion2 (G8, 512X512)
[2020.11.05-15.46.31:326][748]LogTexture: Display: Building textures: T_Muriel_Eye_Sclara_COLOR (AutoDXT, 2048X2048)
[2020.11.05-15.46.31:326][748]LogTexture: Display: Building textures: T_Muriel_Eye_New_COLOR (AutoDXT, 2048X2048)
[2020.11.05-15.46.31:326][748]LogTexture: Display: Building textures: T_Swirly_Noise (AutoDXT, 1024X1024)
[2020.11.05-15.46.31:326][748]LogTexture: Display: Building textures: T_Brushed_Copper_N (BC5, 2048X2048)
[2020.11.05-15.46.35:187][748]LogTexture: Display: Building textures: T_Sphere_EYE_NORMALS (BC5, 1024X1024)
[2020.11.05-15.46.35:188][748]LogTexture: Display: Building textures: T_EyeScleraBaseColor_Example_2 (AutoDXT, 2048X2048)
[2020.11.05-15.46.35:188][748]LogTexture: Display: Building textures: T_EyeIrisBaseColor_Example_2 (AutoDXT, 512X512)
[2020.11.05-15.46.35:188][748]LogTexture: Display: Building textures: T_Eye_Wet_Normal (BC5, 1024X1024)
[2020.11.05-15.46.35:188][748]LogTexture: Display: Building textures: T_EYE_NORMALS (BC5, 512X512)
[2020.11.05-15.46.35:188][748]LogTexture: Display: Building textures: T_DecalMask_Radial03 (G8, 512X512)
[2020.11.05-15.46.35:188][748]LogTexture: Display: Building textures: T_Muriel_Upperbody_Mask02 (AutoDXT, 4096X4096)
