Log file open, 10/08/20 16:13:31
LogInit: Display: Running engine for game: A1
LogPlatformFile: Not using cached read wrapper
LogTaskGraph: Started task graph with 5 named threads and 11 total threads with 3 sets of task threads.
LogStats: Stats thread started at 0.319461
LogD3D11RHI: Loaded GFSDK_Aftermath_Lib.x64.dll
LogICUInternationalization: ICU TimeZone Detection - Raw Offset: -5:00, Platform Override: ''
LogPluginManager: Mounting plugin Paper2D
LogPluginManager: Mounting plugin AISupport
LogPluginManager: Mounting plugin LightPropagationVolume
LogPluginManager: Mounting plugin CameraShakePreviewer
LogPluginManager: Mounting plugin ActorLayerUtilities
LogPluginManager: Mounting plugin AnimationSharing
LogPluginManager: Mounting plugin CLionSourceCodeAccess
LogPluginManager: Mounting plugin CodeLiteSourceCodeAccess
LogPluginManager: Mounting plugin GitSourceControl
LogPluginManager: Mounting plugin KDevelopSourceCodeAccess
LogPluginManager: Mounting plugin NullSourceCodeAccess
LogPluginManager: Mounting plugin PerforceSourceControl
LogPluginManager: Mounting plugin PlasticSourceControl
LogPluginManager: Mounting plugin RiderSourceCodeAccess
LogPluginManager: Mounting plugin SubversionSourceControl
LogPluginManager: Mounting plugin UObjectPlugin
LogPluginManager: Mounting plugin VisualStudioCodeSourceCodeAccess
LogPluginManager: Mounting plugin VisualStudioSourceCodeAccess
LogPluginManager: Mounting plugin XCodeSourceCodeAccess
LogPluginManager: Mounting plugin AssetManagerEditor
LogPluginManager: Mounting plugin CryptoKeys
LogPluginManager: Mounting plugin CurveEditorTools
LogPluginManager: Mounting plugin DataValidation
LogPluginManager: Mounting plugin EditorScriptingUtilities
LogPluginManager: Mounting plugin FacialAnimation
LogPluginManager: Mounting plugin GameplayTagsEditor
LogPluginManager: Mounting plugin GeometryMode
LogPluginManager: Mounting plugin MacGraphicsSwitching
LogPluginManager: Mounting plugin MaterialAnalyzer
LogPluginManager: Mounting plugin MobileLauncherProfileWizard
LogPluginManager: Mounting plugin PluginBrowser
LogPluginManager: Mounting plugin SpeedTreeImporter
LogPluginManager: Mounting plugin DatasmithContent
LogPluginManager: Mounting plugin VariantManagerContent
LogPluginManager: Mounting plugin AlembicImporter
LogPluginManager: Mounting plugin AutomationUtils
LogPluginManager: Mounting plugin BackChannel
LogPluginManager: Mounting plugin ChaosCloth
LogPluginManager: Mounting plugin ChaosClothEditor
LogPluginManager: Mounting plugin ChaosEditor
LogPluginManager: Mounting plugin ChaosNiagara
LogPluginManager: Mounting plugin ChaosSolverPlugin
LogPluginManager: Mounting plugin CharacterAI
LogPluginManager: Mounting plugin GeometryCache
LogPluginManager: Mounting plugin GeometryCollectionPlugin
LogPluginManager: Mounting plugin GeometryProcessing
LogPluginManager: Mounting plugin PlanarCut
LogPluginManager: Mounting plugin PlatformCrypto
LogPluginManager: Mounting plugin ProxyLODPlugin
LogPluginManager: Mounting plugin SkeletalReduction
LogPluginManager: Mounting plugin Niagara
LogPluginManager: Mounting plugin MagicLeap
LogPluginManager: Mounting plugin MagicLeapLightEstimation
LogPluginManager: Mounting plugin MagicLeapMedia
LogPluginManager: Mounting plugin MagicLeapPassableWorld
LogPluginManager: Mounting plugin MLSDK
LogPluginManager: Mounting plugin AndroidMedia
LogPluginManager: Mounting plugin AvfMedia
LogPluginManager: Mounting plugin ImgMedia
LogPluginManager: Mounting plugin MediaCompositing
LogPluginManager: Mounting plugin MediaPlayerEditor
LogPluginManager: Mounting plugin WebMMedia
LogPluginManager: Mounting plugin WmfMedia
LogPluginManager: Mounting plugin MeshPainting
LogPluginManager: Mounting plugin TcpMessaging
LogPluginManager: Mounting plugin UdpMessaging
LogPluginManager: Mounting plugin ActorSequence
LogPluginManager: Mounting plugin LevelSequenceEditor
LogPluginManager: Mounting plugin MatineeToLevelSequence
LogPluginManager: Mounting plugin MovieRenderPipeline
LogPluginManager: Mounting plugin TemplateSequence
LogPluginManager: Mounting plugin NetcodeUnitTest
LogPluginManager: Mounting plugin NUTUnrealEngine4
LogPluginManager: Mounting plugin OnlineSubsystemGooglePlay
LogPluginManager: Mounting plugin OnlineSubsystemIOS
LogPluginManager: Mounting plugin OnlineSubsystem
LogPluginManager: Mounting plugin OnlineSubsystemNull
LogPluginManager: Mounting plugin OnlineSubsystemUtils
LogPluginManager: Mounting plugin LauncherChunkInstaller
LogPluginManager: Mounting plugin AndroidDeviceProfileSelector
LogPluginManager: Mounting plugin AndroidMoviePlayer
LogPluginManager: Mounting plugin AndroidPermission
LogPluginManager: Mounting plugin AppleImageUtils
LogPluginManager: Mounting plugin AppleMoviePlayer
LogPluginManager: Mounting plugin ArchVisCharacter
LogPluginManager: Mounting plugin AssetTags
LogPluginManager: Mounting plugin AudioCapture
LogPluginManager: Mounting plugin CableComponent
LogPluginManager: Mounting plugin CustomMeshComponent
LogPluginManager: Mounting plugin EditableMesh
LogPluginManager: Mounting plugin ExampleDeviceProfileSelector
LogPluginManager: Mounting plugin GoogleCloudMessaging
LogPluginManager: Mounting plugin GooglePAD
LogPluginManager: Mounting plugin IOSDeviceProfileSelector
LogPluginManager: Mounting plugin LinuxDeviceProfileSelector
LogPluginManager: Mounting plugin LocationServicesBPLibrary
LogPluginManager: Mounting plugin MobilePatchingUtils
LogPluginManager: Mounting plugin OculusVR
LogPluginManager: Mounting plugin PhysXVehicles
LogPluginManager: Mounting plugin PostSplashScreen
LogPluginManager: Mounting plugin ProceduralMeshComponent
LogPluginManager: Mounting plugin RuntimePhysXCooking
LogPluginManager: Mounting plugin SignificanceManager
LogPluginManager: Mounting plugin SoundFields
LogPluginManager: Mounting plugin SteamVR
LogPluginManager: Mounting plugin Synthesis
LogPluginManager: Mounting plugin WebMMoviePlayer
LogPluginManager: Mounting plugin WindowsMoviePlayer
LogPluginManager: Mounting plugin ScreenshotTools
LogInit: Using libcurl 7.55.1-DEV
LogInit:  - built for x86_64-pc-win32
LogInit:  - supports SSL with OpenSSL/1.1.1
LogInit:  - supports HTTP deflate (compression) using libz 1.2.8
LogInit:  - other features:
LogInit:      CURL_VERSION_SSL
LogInit:      CURL_VERSION_LIBZ
LogInit:      CURL_VERSION_IPV6
LogInit:      CURL_VERSION_ASYNCHDNS
LogInit:      CURL_VERSION_LARGEFILE
LogInit:      CURL_VERSION_IDN
LogInit:  CurlRequestOptions (configurable via config and command line):
LogInit:  - bVerifyPeer = true  - Libcurl will verify peer certificate
LogInit:  - bUseHttpProxy = false  - Libcurl will NOT use HTTP proxy
LogInit:  - bDontReuseConnections = false  - Libcurl will reuse connections
LogInit:  - MaxHostConnections = 16  - Libcurl will limit the number of connections to a host
LogInit:  - LocalHostAddr = Default
LogInit:  - BufferSize = 65536
LogOnline: OSS: Creating online subsystem instance for: NULL
LogInit: WinSock: version 1.1 (2.2), MaxSocks=32767, MaxUdp=65467
LogOnline: OSS: TryLoadSubsystemAndSetDefault: Loaded subsystem for module [NULL]
LogInit: Build: ++UE4+Release-4.25-CL-13942748
LogInit: Engine Version: 4.25.3-13942748+++UE4+Release-4.25
LogInit: Compatible Engine Version: 4.25.0-13144385+++UE4+Release-4.25
LogInit: Net CL: 13144385
LogInit: OS: Windows 10 (Release 1909) (), CPU: Intel(R) Core(TM) i3-6006U CPU @ 2.00GHz, GPU: Intel(R) HD Graphics 520
LogInit: Compiled (64-bit): Jul 25 2020 02:07:48
LogInit: Compiled with Visual C++: 19.24.28315.00
LogInit: Build Configuration: Development
LogInit: Branch Name: ++UE4+Release-4.25
LogInit: Command Line:  -EpicPortal -epicusername=reginaexmachina -epicuserid=d311196ebf5f4137a51cf8f921a1c2e6 -epiclocale=en
LogInit: Base Directory: C:/Program Files/Epic Games/UE_4.25/Engine/Binaries/Win64/
LogInit: Allocator: TBB
LogInit: Installed Engine Build: 1
LogDevObjectVersion: Number of dev versions registered: 26
LogDevObjectVersion:   Dev-Blueprints (B0D832E4-1F89-4F0D-ACCF-7EB736FD4AA2): 10
LogDevObjectVersion:   Dev-Build (E1C64328-A22C-4D53-A36C-8E866417BD8C): 0
LogDevObjectVersion:   Dev-Core (375EC13C-06E4-48FB-B500-84F0262A717E): 4
LogDevObjectVersion:   Dev-Editor (E4B068ED-F494-42E9-A231-DA0B2E46BB41): 38
LogDevObjectVersion:   Dev-Framework (CFFC743F-43B0-4480-9391-14DF171D2073): 37
LogDevObjectVersion:   Dev-Mobile (B02B49B5-BB20-44E9-A304-32B752E40360): 2
LogDevObjectVersion:   Dev-Networking (A4E4105C-59A1-49B5-A7C5-40C4547EDFEE): 0
LogDevObjectVersion:   Dev-Online (39C831C9-5AE6-47DC-9A44-9C173E1C8E7C): 0
LogDevObjectVersion:   Dev-Physics (78F01B33-EBEA-4F98-B9B4-84EACCB95AA2): 4
LogDevObjectVersion:   Dev-Platform (6631380F-2D4D-43E0-8009-CF276956A95A): 0
LogDevObjectVersion:   Dev-Rendering (12F88B9F-8875-4AFC-A67C-D90C383ABD29): 43
LogDevObjectVersion:   Dev-Sequencer (7B5AE74C-D270-4C10-A958-57980B212A5A): 12
LogDevObjectVersion:   Dev-VR (D7296918-1DD6-4BDD-9DE2-64A83CC13884): 3
LogDevObjectVersion:   Dev-LoadTimes (C2A15278-BFE7-4AFE-6C17-90FF531DF755): 1
LogDevObjectVersion:   Private-Geometry (6EACA3D4-40EC-4CC1-B786-8BED09428FC5): 3
LogDevObjectVersion:   Dev-AnimPhys (29E575DD-E0A3-4627-9D10-D276232CDCEA): 17
LogDevObjectVersion:   Dev-Anim (AF43A65D-7FD3-4947-9873-3E8ED9C1BB05): 7
LogDevObjectVersion:   Dev-ReflectionCapture (6B266CEC-1EC7-4B8F-A30B-E4D90942FC07): 1
LogDevObjectVersion:   Dev-Automation (0DF73D61-A23F-47EA-B727-89E90C41499A): 1
LogDevObjectVersion:   FortniteMain (601D1886-AC64-4F84-AA16-D3DE0DEAC7D6): 31
LogDevObjectVersion:   Dev-Enterprise (9DFFBCD6-494F-0158-E221-12823C92A888): 10
LogDevObjectVersion:   Dev-Niagara (F2AED0AC-9AFE-416F-8664-AA7FFA26D6FC): 1
LogDevObjectVersion:   Dev-Destruction (174F1F0B-B4C6-45A5-B13F-2EE8D0FB917D): 10
LogDevObjectVersion:   Dev-Physics-Ext (35F94A83-E258-406C-A318-09F59610247C): 37
LogDevObjectVersion:   Dev-PhysicsMaterial-Chaos (B68FC16E-8B1B-42E2-B453-215C058844FE): 1
LogDevObjectVersion:   Dev-CineCamera (B2E18506-4273-CFC2-A54E-F4BB758BBA07): 1
LogInit: Presizing for max 25165824 objects, including 0 objects not considered by GC, pre-allocating 0 bytes for permanent pool.
LogConfig: Applying CVar settings from Section [/Script/Engine.StreamingSettings] File [C:/Users/AutoLogon/Documents/GitHub/GAM537_A1/A1/Saved/Config/Windows/Engine.ini]
LogConfig: Setting CVar [[s.MinBulkDataSizeForAsyncLoading:131072]]
LogConfig: Setting CVar [[s.AsyncLoadingThreadEnabled:0]]
LogConfig: Setting CVar [[s.EventDrivenLoaderEnabled:1]]
LogConfig: Setting CVar [[s.WarnIfTimeLimitExceeded:0]]
LogConfig: Setting CVar [[s.TimeLimitExceededMultiplier:1.5]]
LogConfig: Setting CVar [[s.TimeLimitExceededMinTime:0.005]]
LogConfig: Setting CVar [[s.UseBackgroundLevelStreaming:1]]
LogConfig: Setting CVar [[s.PriorityAsyncLoadingExtraTime:15.0]]
LogConfig: Setting CVar [[s.LevelStreamingActorsUpdateTimeLimit:5.0]]
LogConfig: Setting CVar [[s.PriorityLevelStreamingActorsUpdateExtraTime:5.0]]
LogConfig: Setting CVar [[s.LevelStreamingComponentsRegistrationGranularity:10]]
LogConfig: Setting CVar [[s.UnregisterComponentsTimeLimit:1.0]]
LogConfig: Setting CVar [[s.LevelStreamingComponentsUnregistrationGranularity:5]]
LogConfig: Setting CVar [[s.FlushStreamingOnExit:1]]
LogInit: Object subsystem initialized
LogConfig: Setting CVar [[con.DebugEarlyDefault:1]]
LogConfig: Setting CVar [[r.setres:1280x720]]
[2020.10.08-20.13.32:756][  0]LogConfig: Setting CVar [[r.VSync:0]]
[2020.10.08-20.13.32:756][  0]LogConfig: Setting CVar [[r.RHICmdBypass:0]]
[2020.10.08-20.13.32:757][  0]LogConfig: Applying CVar settings from Section [/Script/Engine.RendererSettings] File [C:/Users/AutoLogon/Documents/GitHub/GAM537_A1/A1/Saved/Config/Windows/Engine.ini]
[2020.10.08-20.13.32:757][  0]LogConfig: Setting CVar [[r.GPUCrashDebugging:0]]
[2020.10.08-20.13.32:757][  0]LogConfig: Applying CVar settings from Section [/Script/Engine.RendererOverrideSettings] File [C:/Users/AutoLogon/Documents/GitHub/GAM537_A1/A1/Saved/Config/Windows/Engine.ini]
[2020.10.08-20.13.32:757][  0]LogConfig: Applying CVar settings from Section [/Script/Engine.StreamingSettings] File [C:/Users/AutoLogon/Documents/GitHub/GAM537_A1/A1/Saved/Config/Windows/Engine.ini]
[2020.10.08-20.13.32:757][  0]LogConfig: Setting CVar [[s.MinBulkDataSizeForAsyncLoading:131072]]
[2020.10.08-20.13.32:757][  0]LogConfig: Setting CVar [[s.AsyncLoadingThreadEnabled:0]]
[2020.10.08-20.13.32:757][  0]LogConfig: Setting CVar [[s.EventDrivenLoaderEnabled:1]]
[2020.10.08-20.13.32:757][  0]LogConfig: Setting CVar [[s.WarnIfTimeLimitExceeded:0]]
[2020.10.08-20.13.32:757][  0]LogConfig: Setting CVar [[s.TimeLimitExceededMultiplier:1.5]]
[2020.10.08-20.13.32:757][  0]LogConfig: Setting CVar [[s.TimeLimitExceededMinTime:0.005]]
[2020.10.08-20.13.32:757][  0]LogConfig: Setting CVar [[s.UseBackgroundLevelStreaming:1]]
[2020.10.08-20.13.32:757][  0]LogConfig: Setting CVar [[s.PriorityAsyncLoadingExtraTime:15.0]]
[2020.10.08-20.13.32:757][  0]LogConfig: Setting CVar [[s.LevelStreamingActorsUpdateTimeLimit:5.0]]
[2020.10.08-20.13.32:757][  0]LogConfig: Setting CVar [[s.PriorityLevelStreamingActorsUpdateExtraTime:5.0]]
[2020.10.08-20.13.32:757][  0]LogConfig: Setting CVar [[s.LevelStreamingComponentsRegistrationGranularity:10]]
[2020.10.08-20.13.32:757][  0]LogConfig: Setting CVar [[s.UnregisterComponentsTimeLimit:1.0]]
[2020.10.08-20.13.32:757][  0]LogConfig: Setting CVar [[s.LevelStreamingComponentsUnregistrationGranularity:5]]
[2020.10.08-20.13.32:757][  0]LogConfig: Setting CVar [[s.FlushStreamingOnExit:1]]
[2020.10.08-20.13.32:757][  0]LogConfig: Applying CVar settings from Section [/Script/Engine.GarbageCollectionSettings] File [C:/Users/AutoLogon/Documents/GitHub/GAM537_A1/A1/Saved/Config/Windows/Engine.ini]
[2020.10.08-20.13.32:757][  0]LogConfig: Setting CVar [[gc.MaxObjectsNotConsideredByGC:1]]
[2020.10.08-20.13.32:757][  0]LogConfig: Setting CVar [[gc.SizeOfPermanentObjectPool:0]]
[2020.10.08-20.13.32:757][  0]LogConfig: Setting CVar [[gc.FlushStreamingOnGC:0]]
[2020.10.08-20.13.32:757][  0]LogConfig: Setting CVar [[gc.NumRetriesBeforeForcingGC:10]]
[2020.10.08-20.13.32:757][  0]LogConfig: Setting CVar [[gc.AllowParallelGC:1]]
[2020.10.08-20.13.32:757][  0]LogConfig: Setting CVar [[gc.TimeBetweenPurgingPendingKillObjects:61.1]]
[2020.10.08-20.13.32:758][  0]LogConfig: Setting CVar [[gc.MaxObjectsInEditor:25165824]]
[2020.10.08-20.13.32:758][  0]LogConfig: Setting CVar [[gc.IncrementalBeginDestroyEnabled:1]]
[2020.10.08-20.13.32:758][  0]LogConfig: Setting CVar [[gc.CreateGCClusters:1]]
[2020.10.08-20.13.32:758][  0]LogConfig: Setting CVar [[gc.MinGCClusterSize:5]]
[2020.10.08-20.13.32:758][  0]LogConfig: Setting CVar [[gc.ActorClusteringEnabled:0]]
[2020.10.08-20.13.32:758][  0]LogConfig: Setting CVar [[gc.BlueprintClusteringEnabled:0]]
[2020.10.08-20.13.32:758][  0]LogConfig: Setting CVar [[gc.UseDisregardForGCOnDedicatedServers:0]]
[2020.10.08-20.13.32:758][  0]LogConfig: Applying CVar settings from Section [/Script/Engine.NetworkSettings] File [C:/Users/AutoLogon/Documents/GitHub/GAM537_A1/A1/Saved/Config/Windows/Engine.ini]
[2020.10.08-20.13.32:758][  0]LogConfig: Applying CVar settings from Section [/Script/UnrealEd.CookerSettings] File [C:/Users/AutoLogon/Documents/GitHub/GAM537_A1/A1/Saved/Config/Windows/Engine.ini]
[2020.10.08-20.13.32:761][  0]LogConfig: Applying CVar settings from Section [ViewDistanceQuality@3] File [C:/Users/AutoLogon/Documents/GitHub/GAM537_A1/A1/Saved/Config/Windows/Scalability.ini]
[2020.10.08-20.13.32:761][  0]LogConfig: Setting CVar [[r.SkeletalMeshLODBias:0]]
[2020.10.08-20.13.32:761][  0]LogConfig: Setting CVar [[r.ViewDistanceScale:1.0]]
[2020.10.08-20.13.32:761][  0]LogConfig: Applying CVar settings from Section [AntiAliasingQuality@3] File [C:/Users/AutoLogon/Documents/GitHub/GAM537_A1/A1/Saved/Config/Windows/Scalability.ini]
[2020.10.08-20.13.32:761][  0]LogConfig: Setting CVar [[r.PostProcessAAQuality:4]]
[2020.10.08-20.13.32:761][  0]LogConfig: Applying CVar settings from Section [ShadowQuality@3] File [C:/Users/AutoLogon/Documents/GitHub/GAM537_A1/A1/Saved/Config/Windows/Scalability.ini]
[2020.10.08-20.13.32:761][  0]LogConfig: Setting CVar [[r.LightFunctionQuality:1]]
[2020.10.08-20.13.32:761][  0]LogConfig: Setting CVar [[r.ShadowQuality:5]]
[2020.10.08-20.13.32:761][  0]LogConfig: Setting CVar [[r.Shadow.CSM.MaxCascades:10]]
[2020.10.08-20.13.32:761][  0]LogConfig: Setting CVar [[r.Shadow.MaxResolution:2048]]
[2020.10.08-20.13.32:761][  0]LogConfig: Setting CVar [[r.Shadow.MaxCSMResolution:2048]]
[2020.10.08-20.13.32:761][  0]LogConfig: Setting CVar [[r.Shadow.RadiusThreshold:0.01]]
[2020.10.08-20.13.32:762][  0]LogConfig: Setting CVar [[r.Shadow.DistanceScale:1.0]]
[2020.10.08-20.13.32:762][  0]LogConfig: Setting CVar [[r.Shadow.CSM.TransitionScale:1.0]]
[2020.10.08-20.13.32:762][  0]LogConfig: Setting CVar [[r.Shadow.PreShadowResolutionFactor:1.0]]
[2020.10.08-20.13.32:762][  0]LogConfig: Setting CVar [[r.DistanceFieldShadowing:1]]
[2020.10.08-20.13.32:762][  0]LogConfig: Setting CVar [[r.DistanceFieldAO:1]]
[2020.10.08-20.13.32:762][  0]LogConfig: Setting CVar [[r.AOQuality:2]]
[2020.10.08-20.13.32:762][  0]LogConfig: Setting CVar [[r.VolumetricFog:1]]
[2020.10.08-20.13.32:762][  0]LogConfig: Setting CVar [[r.VolumetricFog.GridPixelSize:8]]
[2020.10.08-20.13.32:762][  0]LogConfig: Setting CVar [[r.VolumetricFog.GridSizeZ:128]]
[2020.10.08-20.13.32:762][  0]LogConfig: Setting CVar [[r.VolumetricFog.HistoryMissSupersampleCount:4]]
[2020.10.08-20.13.32:762][  0]LogConfig: Setting CVar [[r.LightMaxDrawDistanceScale:1]]
[2020.10.08-20.13.32:762][  0]LogConfig: Setting CVar [[r.CapsuleShadows:1]]
[2020.10.08-20.13.32:762][  0]LogConfig: Applying CVar settings from Section [PostProcessQuality@3] File [C:/Users/AutoLogon/Documents/GitHub/GAM537_A1/A1/Saved/Config/Windows/Scalability.ini]
[2020.10.08-20.13.32:762][  0]LogConfig: Setting CVar [[r.MotionBlurQuality:4]]
[2020.10.08-20.13.32:762][  0]LogConfig: Setting CVar [[r.AmbientOcclusionMipLevelFactor:0.4]]
[2020.10.08-20.13.32:762][  0]LogConfig: Setting CVar [[r.AmbientOcclusionMaxQuality:100]]
[2020.10.08-20.13.32:762][  0]LogConfig: Setting CVar [[r.AmbientOcclusionLevels:-1]]
[2020.10.08-20.13.32:762][  0]LogConfig: Setting CVar [[r.AmbientOcclusionRadiusScale:1.0]]
[2020.10.08-20.13.32:762][  0]LogConfig: Setting CVar [[r.DepthOfFieldQuality:2]]
[2020.10.08-20.13.32:762][  0]LogConfig: Setting CVar [[r.RenderTargetPoolMin:400]]
[2020.10.08-20.13.32:762][  0]LogConfig: Setting CVar [[r.LensFlareQuality:2]]
[2020.10.08-20.13.32:762][  0]LogConfig: Setting CVar [[r.SceneColorFringeQuality:1]]
[2020.10.08-20.13.32:762][  0]LogConfig: Setting CVar [[r.EyeAdaptationQuality:2]]
[2020.10.08-20.13.32:762][  0]LogConfig: Setting CVar [[r.BloomQuality:5]]
[2020.10.08-20.13.32:762][  0]LogConfig: Setting CVar [[r.FastBlurThreshold:100]]
[2020.10.08-20.13.32:763][  0]LogConfig: Setting CVar [[r.Upscale.Quality:3]]
[2020.10.08-20.13.32:763][  0]LogConfig: Setting CVar [[r.Tonemapper.GrainQuantization:1]]
[2020.10.08-20.13.32:763][  0]LogConfig: Setting CVar [[r.LightShaftQuality:1]]
[2020.10.08-20.13.32:763][  0]LogConfig: Setting CVar [[r.Filter.SizeScale:1]]
[2020.10.08-20.13.32:763][  0]LogConfig: Setting CVar [[r.Tonemapper.Quality:5]]
[2020.10.08-20.13.32:763][  0]LogConfig: Setting CVar [[r.DOF.Gather.AccumulatorQuality:1        ; higher gathering accumulator quality]]
[2020.10.08-20.13.32:763][  0]LogConfig: Setting CVar [[r.DOF.Gather.PostfilterMethod:1          ; Median3x3 postfilering method]]
[2020.10.08-20.13.32:763][  0]LogConfig: Setting CVar [[r.DOF.Gather.EnableBokehSettings:0       ; no bokeh simulation when gathering]]
[2020.10.08-20.13.32:763][  0]LogConfig: Setting CVar [[r.DOF.Gather.RingCount:4                 ; medium number of samples when gathering]]
[2020.10.08-20.13.32:763][  0]LogConfig: Setting CVar [[r.DOF.Scatter.ForegroundCompositing:1    ; additive foreground scattering]]
[2020.10.08-20.13.32:763][  0]LogConfig: Setting CVar [[r.DOF.Scatter.BackgroundCompositing:2    ; additive background scattering]]
[2020.10.08-20.13.32:763][  0]LogConfig: Setting CVar [[r.DOF.Scatter.EnableBokehSettings:1      ; bokeh simulation when scattering]]
[2020.10.08-20.13.32:763][  0]LogConfig: Setting CVar [[r.DOF.Scatter.MaxSpriteRatio:0.1         ; only a maximum of 10% of scattered bokeh]]
[2020.10.08-20.13.32:763][  0]LogConfig: Setting CVar [[r.DOF.Recombine.Quality:1                ; cheap slight out of focus]]
[2020.10.08-20.13.32:763][  0]LogConfig: Setting CVar [[r.DOF.Recombine.EnableBokehSettings:0    ; no bokeh simulation on slight out of focus]]
[2020.10.08-20.13.32:763][  0]LogConfig: Setting CVar [[r.DOF.TemporalAAQuality:1                ; more stable temporal accumulation]]
[2020.10.08-20.13.32:763][  0]LogConfig: Setting CVar [[r.DOF.Kernel.MaxForegroundRadius:0.025]]
[2020.10.08-20.13.32:763][  0]LogConfig: Setting CVar [[r.DOF.Kernel.MaxBackgroundRadius:0.025]]
[2020.10.08-20.13.32:763][  0]LogConfig: Applying CVar settings from Section [TextureQuality@3] File [C:/Users/AutoLogon/Documents/GitHub/GAM537_A1/A1/Saved/Config/Windows/Scalability.ini]
[2020.10.08-20.13.32:763][  0]LogConfig: Setting CVar [[r.Streaming.MipBias:0]]
[2020.10.08-20.13.32:763][  0]LogConfig: Setting CVar [[r.Streaming.AmortizeCPUToGPUCopy:0]]
[2020.10.08-20.13.32:763][  0]LogConfig: Setting CVar [[r.Streaming.MaxNumTexturesToStreamPerFrame:0]]
[2020.10.08-20.13.32:763][  0]LogConfig: Setting CVar [[r.Streaming.Boost:1]]
[2020.10.08-20.13.32:763][  0]LogConfig: Setting CVar [[r.MaxAnisotropy:8]]
[2020.10.08-20.13.32:763][  0]LogConfig: Setting CVar [[r.VT.MaxAnisotropy:8]]
[2020.10.08-20.13.32:763][  0]LogConfig: Setting CVar [[r.Streaming.LimitPoolSizeToVRAM:0]]
[2020.10.08-20.13.32:763][  0]LogConfig: Setting CVar [[r.Streaming.PoolSize:1000]]
[2020.10.08-20.13.32:763][  0]LogConfig: Setting CVar [[r.Streaming.MaxEffectiveScreenSize:0]]
[2020.10.08-20.13.32:763][  0]LogConfig: Applying CVar settings from Section [EffectsQuality@3] File [C:/Users/AutoLogon/Documents/GitHub/GAM537_A1/A1/Saved/Config/Windows/Scalability.ini]
[2020.10.08-20.13.32:763][  0]LogConfig: Setting CVar [[r.TranslucencyLightingVolumeDim:64]]
[2020.10.08-20.13.32:763][  0]LogConfig: Setting CVar [[r.RefractionQuality:2]]
[2020.10.08-20.13.32:763][  0]LogConfig: Setting CVar [[r.SSR.Quality:3]]
[2020.10.08-20.13.32:763][  0]LogConfig: Setting CVar [[r.SSR.HalfResSceneColor:0]]
[2020.10.08-20.13.32:763][  0]LogConfig: Setting CVar [[r.SceneColorFormat:4]]
[2020.10.08-20.13.32:763][  0]LogConfig: Setting CVar [[r.DetailMode:2]]
[2020.10.08-20.13.32:763][  0]LogConfig: Setting CVar [[r.TranslucencyVolumeBlur:1]]
[2020.10.08-20.13.32:763][  0]LogConfig: Setting CVar [[r.MaterialQualityLevel:1 ; High quality]]
[2020.10.08-20.13.32:763][  0]LogConfig: Setting CVar [[r.SSS.Scale:1]]
[2020.10.08-20.13.32:763][  0]LogConfig: Setting CVar [[r.SSS.SampleSet:2]]
[2020.10.08-20.13.32:763][  0]LogConfig: Setting CVar [[r.SSS.Quality:1]]
[2020.10.08-20.13.32:763][  0]LogConfig: Setting CVar [[r.SSS.HalfRes:0]]
[2020.10.08-20.13.32:763][  0]LogConfig: Setting CVar [[r.SSGI.Quality:3]]
[2020.10.08-20.13.32:763][  0]LogConfig: Setting CVar [[r.EmitterSpawnRateScale:1.0]]
[2020.10.08-20.13.32:763][  0]LogConfig: Setting CVar [[r.ParticleLightQuality:2]]
[2020.10.08-20.13.32:763][  0]LogConfig: Setting CVar [[r.SkyAtmosphere.AerialPerspectiveLUT.FastApplyOnOpaque:1 ; Always have FastSkyLUT 1 in this case to avoid wrong sky]]
[2020.10.08-20.13.32:763][  0]LogConfig: Setting CVar [[r.SkyAtmosphere.AerialPerspectiveLUT.SampleCountPerSlice:1]]
[2020.10.08-20.13.32:763][  0]LogConfig: Setting CVar [[r.SkyAtmosphere.AerialPerspectiveLUT.DepthResolution:16.0]]
[2020.10.08-20.13.32:763][  0]LogConfig: Setting CVar [[r.SkyAtmosphere.FastSkyLUT:1]]
[2020.10.08-20.13.32:763][  0]LogConfig: Setting CVar [[r.SkyAtmosphere.FastSkyLUT.SampleCountMin:4.0]]
[2020.10.08-20.13.32:764][  0]LogConfig: Setting CVar [[r.SkyAtmosphere.FastSkyLUT.SampleCountMax:32.0]]
[2020.10.08-20.13.32:764][  0]LogConfig: Setting CVar [[r.SkyAtmosphere.SampleCountMin:4.0]]
[2020.10.08-20.13.32:764][  0]LogConfig: Setting CVar [[r.SkyAtmosphere.SampleCountMax:32.0]]
[2020.10.08-20.13.32:764][  0]LogConfig: Setting CVar [[r.SkyAtmosphere.TransmittanceLUT.UseSmallFormat:0]]
[2020.10.08-20.13.32:764][  0]LogConfig: Setting CVar [[r.SkyAtmosphere.TransmittanceLUT.SampleCount:10.0]]
[2020.10.08-20.13.32:764][  0]LogConfig: Setting CVar [[r.SkyAtmosphere.MultiScatteringLUT.SampleCount:15.0]]
[2020.10.08-20.13.32:764][  0]LogConfig: Applying CVar settings from Section [FoliageQuality@3] File [C:/Users/AutoLogon/Documents/GitHub/GAM537_A1/A1/Saved/Config/Windows/Scalability.ini]
[2020.10.08-20.13.32:764][  0]LogConfig: Setting CVar [[foliage.DensityScale:1.0]]
[2020.10.08-20.13.32:764][  0]LogConfig: Setting CVar [[grass.DensityScale:1.0]]
[2020.10.08-20.13.32:764][  0]LogConfig: Applying CVar settings from Section [ShadingQuality@3] File [C:/Users/AutoLogon/Documents/GitHub/GAM537_A1/A1/Saved/Config/Windows/Scalability.ini]
[2020.10.08-20.13.32:764][  0]LogConfig: Setting CVar [[r.HairStrands.SkyLighting.SampleCount:16]]
[2020.10.08-20.13.32:764][  0]LogConfig: Setting CVar [[r.HairStrands.SkyLighting.JitterIntegration:0]]
[2020.10.08-20.13.32:764][  0]LogConfig: Setting CVar [[r.HairStrands.SkyAO.SampleCount:16]]
[2020.10.08-20.13.32:764][  0]LogConfig: Setting CVar [[r.HairStrands.DeepShadow.SuperSampling:0]]
[2020.10.08-20.13.32:764][  0]LogConfig: Setting CVar [[r.HairStrands.VisibilityPPLL:0]]
[2020.10.08-20.13.32:764][  0]LogConfig: Setting CVar [[r.HairStrands.RasterizationScale:0.5]]
[2020.10.08-20.13.32:764][  0]LogConfig: Setting CVar [[r.HairStrands.VelocityRasterizationScale:1]]
[2020.10.08-20.13.32:764][  0]LogInit: Selected Device Profile: [Windows]
[2020.10.08-20.13.32:764][  0]LogInit: Applying CVar settings loaded from the selected device profile: [Windows]
[2020.10.08-20.13.32:764][  0]LogHAL: Display: Platform has ~ 8 GB [8281792512 / 8589934592 / 8], which maps to Default [LargestMinGB=32, LargerMinGB=12, DefaultMinGB=8, SmallerMinGB=6, SmallestMinGB=0)
[2020.10.08-20.13.32:764][  0]LogInit: Going up to parent DeviceProfile []
[2020.10.08-20.13.32:764][  0]LogConfig: Applying CVar settings from Section [ViewDistanceQuality@3] File [C:/Users/AutoLogon/Documents/GitHub/GAM537_A1/A1/Saved/Config/Windows/Scalability.ini]
[2020.10.08-20.13.32:764][  0]LogConfig: Setting CVar [[r.SkeletalMeshLODBias:0]]
[2020.10.08-20.13.32:764][  0]LogConfig: Setting CVar [[r.ViewDistanceScale:1.0]]
[2020.10.08-20.13.32:764][  0]LogConfig: Applying CVar settings from Section [AntiAliasingQuality@3] File [C:/Users/AutoLogon/Documents/GitHub/GAM537_A1/A1/Saved/Config/Windows/Scalability.ini]
[2020.10.08-20.13.32:764][  0]LogConfig: Setting CVar [[r.PostProcessAAQuality:4]]
[2020.10.08-20.13.32:764][  0]LogConfig: Applying CVar settings from Section [ShadowQuality@3] File [C:/Users/AutoLogon/Documents/GitHub/GAM537_A1/A1/Saved/Config/Windows/Scalability.ini]
[2020.10.08-20.13.32:764][  0]LogConfig: Setting CVar [[r.LightFunctionQuality:1]]
[2020.10.08-20.13.32:764][  0]LogConfig: Setting CVar [[r.ShadowQuality:5]]
[2020.10.08-20.13.32:764][  0]LogConfig: Setting CVar [[r.Shadow.CSM.MaxCascades:10]]
[2020.10.08-20.13.32:764][  0]LogConfig: Setting CVar [[r.Shadow.MaxResolution:2048]]
[2020.10.08-20.13.32:764][  0]LogConfig: Setting CVar [[r.Shadow.MaxCSMResolution:2048]]
[2020.10.08-20.13.32:764][  0]LogConfig: Setting CVar [[r.Shadow.RadiusThreshold:0.01]]
[2020.10.08-20.13.32:764][  0]LogConfig: Setting CVar [[r.Shadow.DistanceScale:1.0]]
[2020.10.08-20.13.32:764][  0]LogConfig: Setting CVar [[r.Shadow.CSM.TransitionScale:1.0]]
[2020.10.08-20.13.32:764][  0]LogConfig: Setting CVar [[r.Shadow.PreShadowResolutionFactor:1.0]]
[2020.10.08-20.13.32:764][  0]LogConfig: Setting CVar [[r.DistanceFieldShadowing:1]]
[2020.10.08-20.13.32:764][  0]LogConfig: Setting CVar [[r.DistanceFieldAO:1]]
[2020.10.08-20.13.32:764][  0]LogConfig: Setting CVar [[r.AOQuality:2]]
[2020.10.08-20.13.32:764][  0]LogConfig: Setting CVar [[r.VolumetricFog:1]]
[2020.10.08-20.13.32:764][  0]LogConfig: Setting CVar [[r.VolumetricFog.GridPixelSize:8]]
[2020.10.08-20.13.32:765][  0]LogConfig: Setting CVar [[r.VolumetricFog.GridSizeZ:128]]
[2020.10.08-20.13.32:765][  0]LogConfig: Setting CVar [[r.VolumetricFog.HistoryMissSupersampleCount:4]]
[2020.10.08-20.13.32:765][  0]LogConfig: Setting CVar [[r.LightMaxDrawDistanceScale:1]]
[2020.10.08-20.13.32:765][  0]LogConfig: Setting CVar [[r.CapsuleShadows:1]]
[2020.10.08-20.13.32:765][  0]LogConfig: Applying CVar settings from Section [PostProcessQuality@3] File [C:/Users/AutoLogon/Documents/GitHub/GAM537_A1/A1/Saved/Config/Windows/Scalability.ini]
[2020.10.08-20.13.32:765][  0]LogConfig: Setting CVar [[r.MotionBlurQuality:4]]
[2020.10.08-20.13.32:765][  0]LogConfig: Setting CVar [[r.AmbientOcclusionMipLevelFactor:0.4]]
[2020.10.08-20.13.32:765][  0]LogConfig: Setting CVar [[r.AmbientOcclusionMaxQuality:100]]
[2020.10.08-20.13.32:765][  0]LogConfig: Setting CVar [[r.AmbientOcclusionLevels:-1]]
[2020.10.08-20.13.32:765][  0]LogConfig: Setting CVar [[r.AmbientOcclusionRadiusScale:1.0]]
[2020.10.08-20.13.32:765][  0]LogConfig: Setting CVar [[r.DepthOfFieldQuality:2]]
[2020.10.08-20.13.32:765][  0]LogConfig: Setting CVar [[r.RenderTargetPoolMin:400]]
[2020.10.08-20.13.32:765][  0]LogConfig: Setting CVar [[r.LensFlareQuality:2]]
[2020.10.08-20.13.32:765][  0]LogConfig: Setting CVar [[r.SceneColorFringeQuality:1]]
[2020.10.08-20.13.32:765][  0]LogConfig: Setting CVar [[r.EyeAdaptationQuality:2]]
[2020.10.08-20.13.32:765][  0]LogConfig: Setting CVar [[r.BloomQuality:5]]
[2020.10.08-20.13.32:765][  0]LogConfig: Setting CVar [[r.FastBlurThreshold:100]]
[2020.10.08-20.13.32:765][  0]LogConfig: Setting CVar [[r.Upscale.Quality:3]]
[2020.10.08-20.13.32:765][  0]LogConfig: Setting CVar [[r.Tonemapper.GrainQuantization:1]]
[2020.10.08-20.13.32:765][  0]LogConfig: Setting CVar [[r.LightShaftQuality:1]]
[2020.10.08-20.13.32:765][  0]LogConfig: Setting CVar [[r.Filter.SizeScale:1]]
[2020.10.08-20.13.32:765][  0]LogConfig: Setting CVar [[r.Tonemapper.Quality:5]]
[2020.10.08-20.13.32:765][  0]LogConfig: Setting CVar [[r.DOF.Gather.AccumulatorQuality:1        ; higher gathering accumulator quality]]
[2020.10.08-20.13.32:765][  0]LogConfig: Setting CVar [[r.DOF.Gather.PostfilterMethod:1          ; Median3x3 postfilering method]]
[2020.10.08-20.13.32:765][  0]LogConfig: Setting CVar [[r.DOF.Gather.EnableBokehSettings:0       ; no bokeh simulation when gathering]]
[2020.10.08-20.13.32:765][  0]LogConfig: Setting CVar [[r.DOF.Gather.RingCount:4                 ; medium number of samples when gathering]]
[2020.10.08-20.13.32:765][  0]LogConfig: Setting CVar [[r.DOF.Scatter.ForegroundCompositing:1    ; additive foreground scattering]]
[2020.10.08-20.13.32:765][  0]LogConfig: Setting CVar [[r.DOF.Scatter.BackgroundCompositing:2    ; additive background scattering]]
[2020.10.08-20.13.32:765][  0]LogConfig: Setting CVar [[r.DOF.Scatter.EnableBokehSettings:1      ; bokeh simulation when scattering]]
[2020.10.08-20.13.32:765][  0]LogConfig: Setting CVar [[r.DOF.Scatter.MaxSpriteRatio:0.1         ; only a maximum of 10% of scattered bokeh]]
[2020.10.08-20.13.32:765][  0]LogConfig: Setting CVar [[r.DOF.Recombine.Quality:1                ; cheap slight out of focus]]
[2020.10.08-20.13.32:765][  0]LogConfig: Setting CVar [[r.DOF.Recombine.EnableBokehSettings:0    ; no bokeh simulation on slight out of focus]]
[2020.10.08-20.13.32:765][  0]LogConfig: Setting CVar [[r.DOF.TemporalAAQuality:1                ; more stable temporal accumulation]]
[2020.10.08-20.13.32:765][  0]LogConfig: Setting CVar [[r.DOF.Kernel.MaxForegroundRadius:0.025]]
[2020.10.08-20.13.32:765][  0]LogConfig: Setting CVar [[r.DOF.Kernel.MaxBackgroundRadius:0.025]]
[2020.10.08-20.13.32:765][  0]LogConfig: Applying CVar settings from Section [TextureQuality@3] File [C:/Users/AutoLogon/Documents/GitHub/GAM537_A1/A1/Saved/Config/Windows/Scalability.ini]
[2020.10.08-20.13.32:765][  0]LogConfig: Setting CVar [[r.Streaming.MipBias:0]]
[2020.10.08-20.13.32:765][  0]LogConfig: Setting CVar [[r.Streaming.AmortizeCPUToGPUCopy:0]]
[2020.10.08-20.13.32:765][  0]LogConfig: Setting CVar [[r.Streaming.MaxNumTexturesToStreamPerFrame:0]]
[2020.10.08-20.13.32:765][  0]LogConfig: Setting CVar [[r.Streaming.Boost:1]]
[2020.10.08-20.13.32:765][  0]LogConfig: Setting CVar [[r.MaxAnisotropy:8]]
[2020.10.08-20.13.32:765][  0]LogConfig: Setting CVar [[r.VT.MaxAnisotropy:8]]
[2020.10.08-20.13.32:765][  0]LogConfig: Setting CVar [[r.Streaming.LimitPoolSizeToVRAM:0]]
[2020.10.08-20.13.32:765][  0]LogConfig: Setting CVar [[r.Streaming.PoolSize:1000]]
[2020.10.08-20.13.32:765][  0]LogConfig: Setting CVar [[r.Streaming.MaxEffectiveScreenSize:0]]
[2020.10.08-20.13.32:765][  0]LogConfig: Applying CVar settings from Section [EffectsQuality@3] File [C:/Users/AutoLogon/Documents/GitHub/GAM537_A1/A1/Saved/Config/Windows/Scalability.ini]
[2020.10.08-20.13.32:765][  0]LogConfig: Setting CVar [[r.TranslucencyLightingVolumeDim:64]]
[2020.10.08-20.13.32:765][  0]LogConfig: Setting CVar [[r.RefractionQuality:2]]
[2020.10.08-20.13.32:765][  0]LogConfig: Setting CVar [[r.SSR.Quality:3]]
[2020.10.08-20.13.32:765][  0]LogConfig: Setting CVar [[r.SSR.HalfResSceneColor:0]]
[2020.10.08-20.13.32:766][  0]LogConfig: Setting CVar [[r.SceneColorFormat:4]]
[2020.10.08-20.13.32:766][  0]LogConfig: Setting CVar [[r.DetailMode:2]]
[2020.10.08-20.13.32:766][  0]LogConfig: Setting CVar [[r.TranslucencyVolumeBlur:1]]
[2020.10.08-20.13.32:766][  0]LogConfig: Setting CVar [[r.MaterialQualityLevel:1 ; High quality]]
[2020.10.08-20.13.32:766][  0]LogConfig: Setting CVar [[r.SSS.Scale:1]]
[2020.10.08-20.13.32:766][  0]LogConfig: Setting CVar [[r.SSS.SampleSet:2]]
[2020.10.08-20.13.32:766][  0]LogConfig: Setting CVar [[r.SSS.Quality:1]]
[2020.10.08-20.13.32:766][  0]LogConfig: Setting CVar [[r.SSS.HalfRes:0]]
[2020.10.08-20.13.32:766][  0]LogConfig: Setting CVar [[r.SSGI.Quality:3]]
[2020.10.08-20.13.32:766][  0]LogConfig: Setting CVar [[r.EmitterSpawnRateScale:1.0]]
[2020.10.08-20.13.32:766][  0]LogConfig: Setting CVar [[r.ParticleLightQuality:2]]
[2020.10.08-20.13.32:766][  0]LogConfig: Setting CVar [[r.SkyAtmosphere.AerialPerspectiveLUT.FastApplyOnOpaque:1 ; Always have FastSkyLUT 1 in this case to avoid wrong sky]]
[2020.10.08-20.13.32:766][  0]LogConfig: Setting CVar [[r.SkyAtmosphere.AerialPerspectiveLUT.SampleCountPerSlice:1]]
[2020.10.08-20.13.32:766][  0]LogConfig: Setting CVar [[r.SkyAtmosphere.AerialPerspectiveLUT.DepthResolution:16.0]]
[2020.10.08-20.13.32:766][  0]LogConfig: Setting CVar [[r.SkyAtmosphere.FastSkyLUT:1]]
[2020.10.08-20.13.32:766][  0]LogConfig: Setting CVar [[r.SkyAtmosphere.FastSkyLUT.SampleCountMin:4.0]]
[2020.10.08-20.13.32:766][  0]LogConfig: Setting CVar [[r.SkyAtmosphere.FastSkyLUT.SampleCountMax:32.0]]
[2020.10.08-20.13.32:766][  0]LogConfig: Setting CVar [[r.SkyAtmosphere.SampleCountMin:4.0]]
[2020.10.08-20.13.32:766][  0]LogConfig: Setting CVar [[r.SkyAtmosphere.SampleCountMax:32.0]]
[2020.10.08-20.13.32:766][  0]LogConfig: Setting CVar [[r.SkyAtmosphere.TransmittanceLUT.UseSmallFormat:0]]
[2020.10.08-20.13.32:766][  0]LogConfig: Setting CVar [[r.SkyAtmosphere.TransmittanceLUT.SampleCount:10.0]]
[2020.10.08-20.13.32:766][  0]LogConfig: Setting CVar [[r.SkyAtmosphere.MultiScatteringLUT.SampleCount:15.0]]
[2020.10.08-20.13.32:766][  0]LogConfig: Applying CVar settings from Section [FoliageQuality@3] File [C:/Users/AutoLogon/Documents/GitHub/GAM537_A1/A1/Saved/Config/Windows/Scalability.ini]
[2020.10.08-20.13.32:766][  0]LogConfig: Setting CVar [[foliage.DensityScale:1.0]]
[2020.10.08-20.13.32:766][  0]LogConfig: Setting CVar [[grass.DensityScale:1.0]]
[2020.10.08-20.13.32:766][  0]LogConfig: Applying CVar settings from Section [ShadingQuality@3] File [C:/Users/AutoLogon/Documents/GitHub/GAM537_A1/A1/Saved/Config/Windows/Scalability.ini]
[2020.10.08-20.13.32:766][  0]LogConfig: Setting CVar [[r.HairStrands.SkyLighting.SampleCount:16]]
[2020.10.08-20.13.32:766][  0]LogConfig: Setting CVar [[r.HairStrands.SkyLighting.JitterIntegration:0]]
[2020.10.08-20.13.32:766][  0]LogConfig: Setting CVar [[r.HairStrands.SkyAO.SampleCount:16]]
[2020.10.08-20.13.32:767][  0]LogConfig: Setting CVar [[r.HairStrands.DeepShadow.SuperSampling:0]]
[2020.10.08-20.13.32:767][  0]LogConfig: Setting CVar [[r.HairStrands.VisibilityPPLL:0]]
[2020.10.08-20.13.32:767][  0]LogConfig: Setting CVar [[r.HairStrands.RasterizationScale:0.5]]
[2020.10.08-20.13.32:767][  0]LogConfig: Setting CVar [[r.HairStrands.VelocityRasterizationScale:1]]
[2020.10.08-20.13.32:767][  0]LogConfig: Applying CVar settings from Section [Startup] File [../../../Engine/Config/ConsoleVariables.ini]
[2020.10.08-20.13.32:774][  0]LogConfig: Setting CVar [[net.UseAdaptiveNetUpdateFrequency:0]]
[2020.10.08-20.13.32:774][  0]LogConfig: Setting CVar [[p.chaos.AllowCreatePhysxBodies:1]]
[2020.10.08-20.13.32:774][  0]LogConfig: Setting CVar [[fx.SkipVectorVMBackendOptimizations:1]]
[2020.10.08-20.13.32:774][  0]LogConfig: Applying CVar settings from Section [ConsoleVariables] File [C:/Users/AutoLogon/Documents/GitHub/GAM537_A1/A1/Saved/Config/Windows/Engine.ini]
[2020.10.08-20.13.32:774][  0]LogInit: Computer: NHLOAN-L-2453
[2020.10.08-20.13.32:774][  0]LogInit: User: AutoLogon
[2020.10.08-20.13.32:774][  0]LogInit: CPU Page size=4096, Cores=2
[2020.10.08-20.13.32:774][  0]LogInit: High frequency timer resolution =10.000000 MHz
[2020.10.08-20.13.32:775][  0]LogMemory: Memory total: Physical=7.7GB (8GB approx)
[2020.10.08-20.13.32:775][  0]LogMemory: Platform Memory Stats for Windows
[2020.10.08-20.13.32:775][  0]LogMemory: Process Physical Memory: 112.40 MB used, 112.40 MB peak
[2020.10.08-20.13.32:775][  0]LogMemory: Process Virtual Memory: 94.91 MB used, 94.91 MB peak
[2020.10.08-20.13.32:775][  0]LogMemory: Physical Memory: 4048.43 MB used,  3849.70 MB free, 7898.13 MB total
[2020.10.08-20.13.32:775][  0]LogMemory: Virtual Memory: 5122.73 MB used,  134212608.00 MB free, 134217728.00 MB total
[2020.10.08-20.13.32:786][  0]LogWindows: WindowsPlatformFeatures enabled
[2020.10.08-20.13.32:852][  0]LogInit: Physics initialised using underlying interface: PhysX
[2020.10.08-20.13.32:854][  0]LogInit: Using OS detected language (en-US).
[2020.10.08-20.13.32:854][  0]LogInit: Using OS detected locale (en-US).
[2020.10.08-20.13.32:861][  0]LogTextLocalizationManager: No specific localization for 'en-US' exists, so the 'en' localization will be used.
[2020.10.08-20.13.33:252][  0]LogInit: Setting process to per monitor DPI aware
[2020.10.08-20.13.33:310][  0]LogSlate: New Slate User Created.  User Index 0, Is Virtual User: 0
[2020.10.08-20.13.33:310][  0]LogSlate: Slate User Registered.  User Index 0, Is Virtual User: 0
[2020.10.08-20.13.37:374][  0]LogHMD: Failed to initialize OpenVR with code 110
[2020.10.08-20.13.37:374][  0]LogD3D11RHI: D3D11 min allowed feature level: 11_0
[2020.10.08-20.13.37:374][  0]LogD3D11RHI: D3D11 max allowed feature level: 11_0
[2020.10.08-20.13.37:374][  0]LogD3D11RHI: D3D11 adapters:
[2020.10.08-20.13.37:515][  0]LogD3D11RHI:    0. 'Intel(R) HD Graphics 520' (Feature Level 11_0)
[2020.10.08-20.13.37:515][  0]LogD3D11RHI:       128/0/3949 MB DedicatedVideo/DedicatedSystem/SharedSystem, Outputs:1, VendorId:0x8086
[2020.10.08-20.13.37:520][  0]LogD3D11RHI:    1. 'Microsoft Basic Render Driver' (Feature Level 11_0)
[2020.10.08-20.13.37:520][  0]LogD3D11RHI:       0/0/3949 MB DedicatedVideo/DedicatedSystem/SharedSystem, Outputs:0, VendorId:0x1414
[2020.10.08-20.13.37:520][  0]LogD3D11RHI: Chosen D3D11 Adapter: 0
[2020.10.08-20.13.37:526][  0]LogD3D11RHI: Creating new Direct3DDevice
[2020.10.08-20.13.37:526][  0]LogD3D11RHI:     GPU DeviceId: 0x1916 (for the marketing name, search the web for "GPU Device Id")
[2020.10.08-20.13.37:527][  0]LogWindows: EnumDisplayDevices:
[2020.10.08-20.13.37:527][  0]LogWindows:    0. 'Intel(R) HD Graphics 520' (P:1 D:1)
[2020.10.08-20.13.37:527][  0]LogWindows:    1. 'Intel(R) HD Graphics 520' (P:0 D:0)
[2020.10.08-20.13.37:528][  0]LogWindows:    2. 'Intel(R) HD Graphics 520' (P:0 D:0)
[2020.10.08-20.13.37:528][  0]LogWindows: DebugString: FoundDriverCount:3 
[2020.10.08-20.13.37:528][  0]LogD3D11RHI:     Adapter Name: Intel(R) HD Graphics 520
[2020.10.08-20.13.37:528][  0]LogD3D11RHI:   Driver Version: 27.20.100.7990 (internal:27.20.100.7990, unified:27.20.100.7990)
[2020.10.08-20.13.37:529][  0]LogD3D11RHI:      Driver Date: 6-5-2020
[2020.10.08-20.13.37:529][  0]LogRHI: Texture pool is 1471 MB (70% of 2102 MB)
[2020.10.08-20.13.37:656][  0]LogD3D11RHI: RHI does not have support for 64 bit atomics
[2020.10.08-20.13.37:657][  0]LogD3D11RHI: [IntelMetricsDiscovery] Started
[2020.10.08-20.13.37:657][  0]LogD3D11RHI: Async texture creation enabled
[2020.10.08-20.13.37:657][  0]LogD3D11RHI: Array index from any shader is supported
[2020.10.08-20.13.37:670][  0]LogD3D11RHI: GPU Timing Frequency: 12.000048 (Debug: 2 0)
[2020.10.08-20.13.38:330][  0]LogTargetPlatformManager: Display: Loaded TargetPlatform 'AllDesktop'
[2020.10.08-20.13.38:373][  0]LogTargetPlatformManager: Display: Loaded TargetPlatform 'Android'
[2020.10.08-20.13.38:373][  0]LogTargetPlatformManager: Display: Loaded TargetPlatform 'Android_ASTC'
[2020.10.08-20.13.38:373][  0]LogTargetPlatformManager: Display: Loaded TargetPlatform 'Android_DXT'
[2020.10.08-20.13.38:373][  0]LogTargetPlatformManager: Display: Loaded TargetPlatform 'Android_ETC2'
[2020.10.08-20.13.38:373][  0]LogTargetPlatformManager: Display: Loaded TargetPlatform 'AndroidClient'
[2020.10.08-20.13.38:373][  0]LogTargetPlatformManager: Display: Loaded TargetPlatform 'Android_ASTCClient'
[2020.10.08-20.13.38:373][  0]LogTargetPlatformManager: Display: Loaded TargetPlatform 'Android_DXTClient'
[2020.10.08-20.13.38:373][  0]LogTargetPlatformManager: Display: Loaded TargetPlatform 'Android_ETC2Client'
[2020.10.08-20.13.38:373][  0]LogTargetPlatformManager: Display: Loaded TargetPlatform 'Android_Multi'
[2020.10.08-20.13.38:373][  0]LogTargetPlatformManager: Display: Loaded TargetPlatform 'Android_MultiClient'
[2020.10.08-20.13.38:422][  0]LogTargetPlatformManager: Display: Loaded TargetPlatform 'IOSClient'
[2020.10.08-20.13.38:422][  0]LogTargetPlatformManager: Display: Loaded TargetPlatform 'IOS'
[2020.10.08-20.13.38:443][  0]LogTargetPlatformManager: Display: Loaded TargetPlatform 'Linux'
[2020.10.08-20.13.38:460][  0]LogTargetPlatformManager: Display: Loaded TargetPlatform 'LinuxNoEditor'
[2020.10.08-20.13.38:477][  0]LogTargetPlatformManager: Display: Loaded TargetPlatform 'LinuxClient'
[2020.10.08-20.13.38:494][  0]LogTargetPlatformManager: Display: Loaded TargetPlatform 'LinuxServer'
[2020.10.08-20.13.38:512][  0]LogTargetPlatformManager: Display: Loaded TargetPlatform 'LinuxAArch64NoEditor'
[2020.10.08-20.13.38:528][  0]LogTargetPlatformManager: Display: Loaded TargetPlatform 'LinuxAArch64Client'
[2020.10.08-20.13.38:546][  0]LogTargetPlatformManager: Display: Loaded TargetPlatform 'LinuxAArch64Server'
[2020.10.08-20.13.38:601][  0]LogTargetPlatformManager: Display: Loaded TargetPlatform 'Lumin'
[2020.10.08-20.13.38:601][  0]LogTargetPlatformManager: Display: Loaded TargetPlatform 'LuminClient'
[2020.10.08-20.13.38:634][  0]LogTargetPlatformManager: Display: Loaded TargetPlatform 'TVOSClient'
[2020.10.08-20.13.38:634][  0]LogTargetPlatformManager: Display: Loaded TargetPlatform 'TVOS'
[2020.10.08-20.13.38:652][  0]LogTargetPlatformManager: Display: Loaded TargetPlatform 'WindowsNoEditor'
[2020.10.08-20.13.38:670][  0]LogTargetPlatformManager: Display: Loaded TargetPlatform 'Windows'
[2020.10.08-20.13.38:687][  0]LogTargetPlatformManager: Display: Loaded TargetPlatform 'WindowsClient'
[2020.10.08-20.13.38:706][  0]LogTargetPlatformManager: Display: Loaded TargetPlatform 'WindowsServer'
[2020.10.08-20.13.38:706][  0]LogTargetPlatformManager: Display: Building Assets For Windows
[2020.10.08-20.13.38:721][  0]LogAudioDebug: Display: Lib vorbis DLL was dynamically loaded.
[2020.10.08-20.13.38:833][  0]LogShaderCompilers: Guid format shader working directory is -14 characters bigger than the processId version (../../../../../../Users/AutoLogon/Documents/GitHub/GAM537_A1/A1/Intermediate/Shaders/WorkingDirectory/13592/).
[2020.10.08-20.13.38:833][  0]LogShaderCompilers: Cleaned the shader compiler working directory 'C:/Users/AutoLogon/AppData/Local/Temp/UnrealShaderWorkingDir/24B984F44F83711ECD41BAB2104378B6/'.
[2020.10.08-20.13.38:834][  0]LogXGEController: Cleaning working directory: C:/Users/AutoLogon/AppData/Local/Temp/UnrealXGEWorkingDir/
[2020.10.08-20.13.38:834][  0]LogXGEController: Cannot use XGE Controller as Incredibuild is not installed on this machine.
[2020.10.08-20.13.38:834][  0]LogShaderCompilers: Cannot use XGE Shader Compiler as Incredibuild is not installed on this machine.
[2020.10.08-20.13.38:834][  0]LogShaderCompilers: Display: Using Local Shader Compiler.
[2020.10.08-20.13.42:860][  0]LogDerivedDataCache: Display: Max Cache Size: 512 MB
[2020.10.08-20.13.42:943][  0]LogDerivedDataCache: Loaded boot cache 0.08s 76MB C:/Users/AutoLogon/AppData/Local/UnrealEngine/4.25/DerivedDataCache/Boot.ddc.
[2020.10.08-20.13.42:943][  0]LogDerivedDataCache: Display: Loaded Boot cache: C:/Users/AutoLogon/AppData/Local/UnrealEngine/4.25/DerivedDataCache/Boot.ddc
[2020.10.08-20.13.42:943][  0]LogDerivedDataCache: FDerivedDataBackendGraph:  Pak pak cache file ../../../../../../Users/AutoLogon/Documents/GitHub/GAM537_A1/A1/DerivedDataCache/DDC.ddp not found, will not use a pak cache.
[2020.10.08-20.13.42:943][  0]LogDerivedDataCache: Unable to find inner node Pak for hierarchical cache Hierarchy.
[2020.10.08-20.13.42:944][  0]LogDerivedDataCache: FDerivedDataBackendGraph:  CompressedPak pak cache file ../../../../../../Users/AutoLogon/Documents/GitHub/GAM537_A1/A1/DerivedDataCache/Compressed.ddp not found, will not use a pak cache.
[2020.10.08-20.13.42:944][  0]LogDerivedDataCache: Unable to find inner node CompressedPak for hierarchical cache Hierarchy.
[2020.10.08-20.13.42:964][  0]LogDerivedDataCache: Display: Pak cache opened for reading ../../../Engine/DerivedDataCache/Compressed.ddp.
[2020.10.08-20.13.42:964][  0]LogDerivedDataCache: FDerivedDataBackendGraph:  EnterprisePak pak cache file ../../../Enterprise/DerivedDataCache/Compressed.ddp not found, will not use a pak cache.
[2020.10.08-20.13.42:964][  0]LogDerivedDataCache: Unable to find inner node EnterprisePak for hierarchical cache Hierarchy.
[2020.10.08-20.13.42:966][  0]LogDerivedDataCache: Using Local data cache path C:/Users/AutoLogon/AppData/Local/UnrealEngine/Common/DerivedDataCache: Writable
[2020.10.08-20.13.42:967][  0]LogDerivedDataCache: Shared data cache path not found in *engine.ini, will not use an Shared cache.
[2020.10.08-20.13.42:967][  0]LogDerivedDataCache: Unable to find inner node Shared for hierarchical cache Hierarchy.
[2020.10.08-20.13.43:063][  0]LogSlate: Using FreeType 2.10.0
[2020.10.08-20.13.43:064][  0]LogSlate: SlateFontServices - WITH_FREETYPE: 1, WITH_HARFBUZZ: 1
[2020.10.08-20.13.43:146][  0]LogAssetRegistry: FAssetRegistry took 0.0040 seconds to start up
[2020.10.08-20.13.43:633][  0]LogInit: Selected Device Profile: [Windows]
[2020.10.08-20.13.43:904][  0]LogMeshReduction: Using QuadricMeshReduction for automatic static mesh reduction
[2020.10.08-20.13.43:905][  0]LogMeshReduction: Using SimplygonMeshReduction for automatic skeletal mesh reduction
[2020.10.08-20.13.43:905][  0]LogMeshReduction: Using ProxyLODMeshReduction for automatic mesh merging
[2020.10.08-20.13.43:905][  0]LogMeshReduction: No distributed automatic mesh merging module available
[2020.10.08-20.13.43:905][  0]LogMeshMerging: No distributed automatic mesh merging module available
[2020.10.08-20.13.43:958][  0]LogNetVersion: A1 1.0.0, NetCL: 13144385, EngineNetVer: 14, GameNetVer: 0 (Checksum: 757551055)
[2020.10.08-20.13.47:640][  0]LogAISub: UAISubsystem::UAISubsystem AISubsystem (0000018BE2F5F700), frame # 0
[2020.10.08-20.13.47:640][  0]LogAISub: UAISubsystem::UAISubsystem AIPerceptionSystem (0000018BE2F62AC0), frame # 0
[2020.10.08-20.13.47:643][  0]LogAISub: UAISubsystem::UAISubsystem EnvQueryManager (0000018BE2FB1C00), frame # 0
[2020.10.08-20.13.47:868][  0]LogPackageLocalizationCache: Processed 19 localized package path(s) for 1 prioritized culture(s) in 0.191250 seconds
[2020.10.08-20.13.47:883][  0]LogUObjectArray: 15917 objects as part of root set at end of initial load.
[2020.10.08-20.13.47:883][  0]LogUObjectAllocator: 3965568 out of 0 bytes used by permanent object pool.
[2020.10.08-20.13.47:883][  0]LogUObjectArray: CloseDisregardForGC: 0/0 objects in disregard for GC pool
[2020.10.08-20.13.49:024][  0]LogTcpMessaging: Initializing TcpMessaging bridge
[2020.10.08-20.13.49:033][  0]LogUdpMessaging: Initializing bridge on interface 0.0.0.0:0 to multicast group 230.0.0.1:6666.
[2020.10.08-20.13.49:220][  0]SourceControl: Source control is disabled
[2020.10.08-20.13.49:220][  0]SourceControl: Source control is disabled
[2020.10.08-20.13.49:224][  0]SourceControl: Source control is disabled
[2020.10.08-20.13.49:229][  0]SourceControl: Source control is disabled
[2020.10.08-20.13.49:244][  0]SourceControl: Source control is disabled
[2020.10.08-20.13.49:271][  0]LogVSAccessor: Display: Unable to create Visual Studio setup instance: 80040154
[2020.10.08-20.13.49:272][  0]LogVSAccessor: Display: Unable to create Visual Studio setup instance: 80040154
[2020.10.08-20.13.51:249][  0]LogAndroidPermission: UAndroidPermissionCallbackProxy::GetInstance
[2020.10.08-20.13.51:284][  0]LogAudioCaptureCore: Display: No Audio Capture implementations found. Audio input will be silent.
[2020.10.08-20.13.51:284][  0]LogAudioCaptureCore: Display: No Audio Capture implementations found. Audio input will be silent.
[2020.10.08-20.13.51:402][  0]LogOcInput: OculusInput pre-init called
[2020.10.08-20.13.51:422][  0]LogWindows: Failed to load 'OVRPlugin.dll' (GetLastError=126)
[2020.10.08-20.13.51:422][  0]LogWindows: File 'OVRPlugin.dll' does not exist
[2020.10.08-20.13.51:567][  0]LogEngine: Initializing Engine...
[2020.10.08-20.13.51:570][  0]LogHMD: Failed to initialize OpenVR with code 110
[2020.10.08-20.13.51:570][  0]LogMagicLeap: Warning: VR disabled because ZI is not enabled.  To enable, in the editor, Edit -> Project Settings -> Plugins -> Magic Leap Plugin -> Enable Zero Iteration
[2020.10.08-20.13.51:572][  0]LogStats: UGameplayTagsManager::InitializeManager -  0.000 s
[2020.10.08-20.13.52:023][  0]LogInit: Initializing FReadOnlyCVARCache
[2020.10.08-20.13.52:039][  0]LogAIModule: Creating AISystem for world Untitled
[2020.10.08-20.13.52:039][  0]LogAISub: UAISubsystem::UAISubsystem EnvQueryManager (0000018BE6B73C00), frame # 0
[2020.10.08-20.13.52:039][  0]LogAISub: UAISubsystem::UAISubsystem AIPerceptionSystem (0000018BE6BBE0C0), frame # 0
[2020.10.08-20.13.52:046][  0]LogAudioMixer: Display: Audio Mixer Platform Settings:
[2020.10.08-20.13.52:046][  0]LogAudioMixer: Display: 	Sample Rate:						  48000
[2020.10.08-20.13.52:046][  0]LogAudioMixer: Display: 	Callback Buffer Frame Size Requested: 1024
[2020.10.08-20.13.52:046][  0]LogAudioMixer: Display: 	Callback Buffer Frame Size To Use:	  1024
[2020.10.08-20.13.52:046][  0]LogAudioMixer: Display: 	Number of buffers to queue:			  2
[2020.10.08-20.13.52:046][  0]LogAudioMixer: Display: 	Max Channels (voices):				  32
[2020.10.08-20.13.52:046][  0]LogAudioMixer: Display: 	Number of Async Source Workers:		  0
[2020.10.08-20.13.52:046][  0]LogAudio: Display: AudioDevice MaxSources: 32
[2020.10.08-20.13.52:047][  0]LogAudio: Display: Using built-in audio occlusion.
[2020.10.08-20.13.52:047][  0]LogAudioMixer: Display: Initializing audio mixer.
[2020.10.08-20.13.52:075][  0]LogAudioMixer: Display: 0: FrontLeft
[2020.10.08-20.13.52:075][  0]LogAudioMixer: Display: 1: FrontRight
[2020.10.08-20.13.52:246][  0]LogAudioMixer: Display: Using Audio Device Speakers / Headphones (3- Realtek Audio)
[2020.10.08-20.13.52:247][  0]LogAudioMixer: Display: Initializing Sound Submixes...
[2020.10.08-20.13.52:272][  0]LogAudioMixer: Display: Creating Master Submix 'MasterSubmixDefault'
[2020.10.08-20.13.52:272][  0]LogAudioMixer: Display: Creating Master Submix 'MasterReverbSubmixDefault'
[2020.10.08-20.13.52:276][  0]LogAudioMixer: Display: Creating Master Submix 'MasterEQSubmixDefault'
[2020.10.08-20.13.52:278][  0]LogInit: FAudioDevice initialized.
[2020.10.08-20.13.52:278][  0]LogNetVersion: Set ProjectVersion to 1.0.0.0. Version Checksum will be recalculated on next use.
[2020.10.08-20.13.52:385][  0]LogDerivedDataCache: Saved boot cache 0.11s 76MB C:/Users/AutoLogon/AppData/Local/UnrealEngine/4.25/DerivedDataCache/Boot.ddc.
[2020.10.08-20.13.52:387][  0]LogInit: Texture streaming: Enabled
[2020.10.08-20.13.52:416][  0]LogEngineSessionManager: EngineSessionManager initialized
[2020.10.08-20.13.52:416][  0]LogEngineSessionManager: EngineSessionManager sent abnormal shutdown report. Type=Crashed, SessionId={21C9CD5D-4B91-559B-C5ED-3D952E0250FD}
[2020.10.08-20.13.52:417][  0]LogEditorSessionSummary: Verbose: Initializing EditorSessionSummaryWriter for editor session tracking
[2020.10.08-20.13.52:419][  0]LogEditorSessionSummary: EditorSessionSummaryWriter initialized
[2020.10.08-20.13.52:526][  0]LogInit: Transaction tracking system initialized
[2020.10.08-20.13.52:570][  0]BlueprintLog: New page: Editor Load
[2020.10.08-20.13.52:703][  0]LocalizationService: Localization service is disabled
[2020.10.08-20.13.52:950][  0]LogSlate: Took 0.011842 seconds to synchronously load lazily loaded font '../../../Engine/Content/Slate/Fonts/Roboto-Regular.ttf' (155K)
[2020.10.08-20.13.55:736][  0]LogSlate: Window 'Low drive space warning' being destroyed
[2020.10.08-20.13.55:737][  0]LogWindowsTextInputMethodSystem: Display: IME system now deactivated.
[2020.10.08-20.13.55:743][  0]Message dialog closed, result: Ok, title: Low drive space warning, text: The following drive locations have limited free space.
It is recommended that you free some space to avoid issues such as crashed and data loss due to files not being able to be written and saved.

  4,256 MB Free 		 C:/Program Files/Epic Games/UE_4.25/Engine/Binaries/Win64/
 				 The base engine directory. 

  4,256 MB Free 		 C:/Users/AutoLogon/Documents/GitHub/GAM537_A1/A1/
 				 The project directory. 

[2020.10.08-20.13.55:745][  0]LogVSAccessor: Display: Unable to create Visual Studio setup instance: 80040154
[2020.10.08-20.13.55:746][  0]LogVSAccessor: Display: Unable to create Visual Studio setup instance: 80040154
[2020.10.08-20.13.56:236][  0]LogCook: Display: Max memory allowance for cook 16384mb min free memory 0mb
[2020.10.08-20.13.56:236][  0]LogCook: Display: Mobile HDR setting 1
[2020.10.08-20.13.56:682][  0]LogFileCache: Scanning file cache for directory 'C:/Users/AutoLogon/Documents/GitHub/GAM537_A1/A1/Content/' took 0.02s
[2020.10.08-20.13.57:424][  0]SourceControl: Source control is disabled
[2020.10.08-20.13.57:424][  0]LogUnrealEdMisc: Loading editor; pre map load, took 29.686
[2020.10.08-20.13.57:424][  0]Cmd: MAP LOAD FILE="../../../../../../Users/AutoLogon/Documents/GitHub/GAM537_A1/A1/Content/ThirdPersonBP/Maps/ThirdPersonExampleMap.umap" TEMPLATE=0 SHOWPROGRESS=1 FEATURELEVEL=3
[2020.10.08-20.13.57:424][  0]LogEditorServer: Warning: Can't find file '../../../../../../Users/AutoLogon/Documents/GitHub/GAM537_A1/A1/Content/ThirdPersonBP/Maps/ThirdPersonExampleMap.umap'
[2020.10.08-20.13.57:424][  0]Cmd: MAP CHECKDEP NOCLEARLOG
[2020.10.08-20.13.57:424][  0]MapCheck: Map check complete: 0 Error(s), 0 Warning(s), took 0.229ms to complete.
[2020.10.08-20.13.57:424][  0]LogFileHelpers: Loading map 'ThirdPersonExampleMap' took 0.001
[2020.10.08-20.13.57:427][  0]LogUnrealEdMisc: Total Editor Startup Time, took 29.690
[2020.10.08-20.13.57:538][  0]LogWindowsTextInputMethodSystem: Display: IME system now deactivated.
[2020.10.08-20.13.57:648][  0]LogSlate: Updating window title bar state: overlay mode, drag disabled, window buttons hidden, title bar hidden
[2020.10.08-20.13.57:671][  0]LogSlate: Updating window title bar state: overlay mode, drag disabled, window buttons hidden, title bar hidden
[2020.10.08-20.13.57:692][  0]LogSlate: Updating window title bar state: overlay mode, drag disabled, window buttons hidden, title bar hidden
[2020.10.08-20.13.57:709][  0]LogSlate: Updating window title bar state: overlay mode, drag disabled, window buttons hidden, title bar hidden
[2020.10.08-20.13.57:729][  0]LogCollectionManager: Loaded 0 collections in 0.004575 seconds
[2020.10.08-20.13.57:764][  0]LogFileCache: Scanning file cache for directory 'C:/Users/AutoLogon/Documents/GitHub/GAM537_A1/A1/Saved/Collections/' took 0.00s
[2020.10.08-20.13.57:764][  0]LogFileCache: Scanning file cache for directory 'C:/Users/AutoLogon/Documents/GitHub/GAM537_A1/A1/Content/Developers/AutoLogon/Collections/' took 0.00s
[2020.10.08-20.13.57:764][  0]LogFileCache: Scanning file cache for directory 'C:/Users/AutoLogon/Documents/GitHub/GAM537_A1/A1/Content/Collections/' took 0.00s
[2020.10.08-20.13.57:764][  0]LogContentBrowser: Native class hierarchy populated in 0.0230 seconds. Added 3427 classes and 821 folders.
[2020.10.08-20.13.57:774][  0]LogContentBrowser: Native class hierarchy updated for 'WidgetCarousel' in 0.0006 seconds. Added 0 classes and 0 folders.
[2020.10.08-20.13.58:151][  0]LogContentBrowser: Native class hierarchy updated for 'AddContentDialog' in 0.0006 seconds. Added 0 classes and 0 folders.
[2020.10.08-20.13.58:153][  0]LogContentBrowser: Native class hierarchy updated for 'SceneOutliner' in 0.0006 seconds. Added 2 classes and 0 folders.
[2020.10.08-20.13.58:215][  0]LogSlate: Took 0.014511 seconds to synchronously load lazily loaded font '../../../Engine/Content/Slate/Fonts/Roboto-Bold.ttf' (160K)
[2020.10.08-20.13.58:267][  0]LogSlate: Took 0.041166 seconds to synchronously load lazily loaded font '../../../Engine/Content/Editor/Slate/Fonts/FontAwesome.ttf' (139K)
[2020.10.08-20.13.58:394][  0]LogRenderer: Reallocating scene render targets to support 748x372 Format 10 NumSamples 1 (Frame:1).
[2020.10.08-20.13.58:575][  0]LogContentBrowser: Native class hierarchy updated for 'HierarchicalLODOutliner' in 0.0006 seconds. Added 0 classes and 0 folders.
[2020.10.08-20.13.58:575][  0]LogLoad: (Engine Initialization) Total time: 30.84 seconds
[2020.10.08-20.13.58:575][  0]LogLoad: (Engine Initialization) Total Blueprint compile time: 0.00 seconds
[2020.10.08-20.13.58:652][  0]LogContentStreaming: Texture pool size now 1000 MB
[2020.10.08-20.13.58:675][  0]LogSlate: Took 0.012530 seconds to synchronously load lazily loaded font '../../../Engine/Content/Slate/Fonts/Roboto-Light.ttf' (167K)
[2020.10.08-20.13.58:711][  1]LogAssetRegistry: Asset discovery search completed in 15.5660 seconds
[2020.10.08-20.13.58:721][  1]LogCollectionManager: Fixed up redirectors for 0 collections in 0.000004 seconds (updated 0 objects)
[2020.10.08-20.13.58:963][  2]LogEditorViewport: Clicking Background
[2020.10.08-20.14.09:424][197]LogSlate: Took 0.000336 seconds to synchronously load lazily loaded font '../../../Engine/Content/Slate/Fonts/Roboto-Light.ttf' (167K)
[2020.10.08-20.14.10:080][197]LogAssetEditorSubsystem: Opening Asset editor for World /Game/ThirdPersonBP/Maps/Level_1.Level_1
[2020.10.08-20.14.10:098][197]LogUObjectHash: Compacting FUObjectHashTables data took   2.26ms
[2020.10.08-20.14.10:101][197]Cmd: MAP LOAD FILE="../../../../../../Users/AutoLogon/Documents/GitHub/GAM537_A1/A1/Content/ThirdPersonBP/Maps/Level_1.umap" TEMPLATE=0 SHOWPROGRESS=1 FEATURELEVEL=3
[2020.10.08-20.14.10:101][197]LightingResults: New page: Lighting Build
[2020.10.08-20.14.10:102][197]LogContentBrowser: Native class hierarchy updated for 'StatsViewer' in 0.0004 seconds. Added 6 classes and 0 folders.
[2020.10.08-20.14.10:102][197]LoadErrors: New page: Loading map: Level_1.umap
[2020.10.08-20.14.10:102][197]LogWorld: UWorld::CleanupWorld for Untitled, bSessionEnded=true, bCleanupResources=true
[2020.10.08-20.14.10:103][197]LogSlate: InvalidateAllWidgets triggered.  All widgets were invalidated
[2020.10.08-20.14.10:103][197]MapCheck: New page: Map Check
[2020.10.08-20.14.10:103][197]LightingResults: New page: Lighting Build
[2020.10.08-20.14.10:116][197]LogAISub: UAISubsystem::~UAISubsystem EnvQueryManager (0000018BE6B73C00), frame # 197
[2020.10.08-20.14.10:116][197]LogAISub: UAISubsystem::~UAISubsystem AIPerceptionSystem (0000018BE6BBE0C0), frame # 197
[2020.10.08-20.14.10:118][197]LogUObjectHash: Compacting FUObjectHashTables data took   1.72ms
[2020.10.08-20.14.10:130][197]LogEditorServer: Finished looking for orphan Actors (0.000 secs)
[2020.10.08-20.14.10:130][197]LogAIModule: Creating AISystem for world Level_1
[2020.10.08-20.14.10:130][197]LogAISub: UAISubsystem::UAISubsystem EnvQueryManager (0000018BDADE1E00), frame # 197
[2020.10.08-20.14.10:130][197]LogAISub: UAISubsystem::UAISubsystem AIPerceptionSystem (0000018BFC32F100), frame # 197
[2020.10.08-20.14.10:151][197]LogUObjectHash: Compacting FUObjectHashTables data took   1.55ms
[2020.10.08-20.14.10:190][197]Cmd: MAP CHECKDEP NOCLEARLOG
[2020.10.08-20.14.10:190][197]MapCheck: Map check complete: 0 Error(s), 0 Warning(s), took 0.216ms to complete.
[2020.10.08-20.14.10:190][197]LogFileHelpers: Loading map 'Level_1' took 0.089
[2020.10.08-20.14.28:661][875]LogEditorViewport: Clicking on Actor (LMB): StaticMeshActor (Wall8)
[2020.10.08-20.14.29:645][892]Cmd: EDIT COPY
[2020.10.08-20.14.29:874][902]Cmd: EDIT PASTE
[2020.10.08-20.15.12:025][848]LogEditorViewport: Clicking on Actor (LMB): LightmassImportanceVolume (LightmassImportanceVolume)
[2020.10.08-20.15.13:248][900]LogUObjectHash: Compacting FUObjectHashTables data took   1.34ms
[2020.10.08-20.15.13:303][900]LogSavePackage: Moving '../../../../../../Users/AutoLogon/Documents/GitHub/GAM537_A1/A1/Saved/Level_1F864A86C41BB12B020EEE386563699D5.tmp' to '../../../../../../Users/AutoLogon/Documents/GitHub/GAM537_A1/A1/Content/ThirdPersonBP/Maps/Level_1.umap'
[2020.10.08-20.15.13:757][900]LogSavePackage: Moving '../../../../../../Users/AutoLogon/Documents/GitHub/GAM537_A1/A1/Saved/Level_1_BuiltData42D62D584296AE9E6D161582EBF2D068.tmp' to '../../../../../../Users/AutoLogon/Documents/GitHub/GAM537_A1/A1/Content/ThirdPersonBP/Maps/Level_1_BuiltData.uasset'
[2020.10.08-20.15.13:776][900]AssetCheck: New page: Asset Save: multiple assets
[2020.10.08-20.15.13:776][900]LogContentValidation: Display: Validating World /Game/ThirdPersonBP/Maps/Level_1.Level_1
[2020.10.08-20.15.13:776][900]LogContentValidation: Display: Validating MapBuildDataRegistry /Game/ThirdPersonBP/Maps/Level_1_BuiltData.Level_1_BuiltData
[2020.10.08-20.15.22:604][328]LogEditorViewport: Clicking on Actor (LMB): StaticMeshActor (Floor)
[2020.10.08-20.15.23:634][373]LogEditorViewport: Clicking Background
[2020.10.08-20.15.25:491][471]LogEditorViewport: Clicking on Actor (LMB): StaticMeshActor (Wall13)
[2020.10.08-20.15.28:067][592]Cmd: EDIT COPY
[2020.10.08-20.15.31:459][753]Cmd: TRANSACTION UNDO
[2020.10.08-20.15.31:459][753]LogEditorTransaction: Undo Move Actors
[2020.10.08-20.15.32:223][776]Cmd: EDIT COPY
[2020.10.08-20.15.32:445][786]Cmd: EDIT PASTE
[2020.10.08-20.16.06:652][513]LogEditorViewport: Clicking Background
[2020.10.08-20.16.08:229][572]LogEditorViewport: Clicking on Actor (LMB): StaticMeshActor (Wall16)
[2020.10.08-20.16.11:952][735]LogEditorViewport: Clicking Background
[2020.10.08-20.16.16:452][981]LogEditorViewport: Clicking on Actor (LMB): StaticMeshActor (Wall16)
[2020.10.08-20.16.19:058][112]LogEditorViewport: Clicking Background
[2020.10.08-20.16.19:886][155]LogUObjectHash: Compacting FUObjectHashTables data took   0.91ms
[2020.10.08-20.16.19:931][155]LogSavePackage: Moving '../../../../../../Users/AutoLogon/Documents/GitHub/GAM537_A1/A1/Saved/Level_16AA9DD104DE246DD313DE6B8D1DAE98F.tmp' to '../../../../../../Users/AutoLogon/Documents/GitHub/GAM537_A1/A1/Content/ThirdPersonBP/Maps/Level_1.umap'
[2020.10.08-20.16.20:324][155]LogSavePackage: Moving '../../../../../../Users/AutoLogon/Documents/GitHub/GAM537_A1/A1/Saved/Level_1_BuiltDataAF5499814AC46CFA35E2439D5DB460DF.tmp' to '../../../../../../Users/AutoLogon/Documents/GitHub/GAM537_A1/A1/Content/ThirdPersonBP/Maps/Level_1_BuiltData.uasset'
[2020.10.08-20.16.20:346][155]AssetCheck: New page: Asset Save: multiple assets
[2020.10.08-20.16.20:346][155]LogContentValidation: Display: Validating World /Game/ThirdPersonBP/Maps/Level_1.Level_1
[2020.10.08-20.16.20:346][155]LogContentValidation: Display: Validating MapBuildDataRegistry /Game/ThirdPersonBP/Maps/Level_1_BuiltData.Level_1_BuiltData
[2020.10.08-20.16.30:346][685]LogEditorViewport: Clicking on Actor (LMB): StaticMeshActor (Wall16)
[2020.10.08-20.16.31:253][725]Cmd: EDIT COPY
[2020.10.08-20.16.31:601][741]Cmd: EDIT PASTE
[2020.10.08-20.16.58:949][ 34]LogEditorViewport: Clicking Background
[2020.10.08-20.17.04:584][329]Cmd: TRANSACTION UNDO
[2020.10.08-20.17.04:584][329]LogEditorTransaction: Undo Move Actors
[2020.10.08-20.17.06:471][410]LogEditorViewport: Clicking on Actor (LMB): StaticMeshActor (Wall17)
[2020.10.08-20.17.08:364][499]LogEditorViewport: Clicking on Actor (LMB): StaticMeshActor (Wall17)
[2020.10.08-20.17.09:242][542]Cmd: TRANSACTION UNDO
[2020.10.08-20.17.09:242][542]LogEditorTransaction: Undo Move Actors
[2020.10.08-20.17.27:820][396]LogUObjectHash: Compacting FUObjectHashTables data took   1.17ms
[2020.10.08-20.17.27:867][396]LogSavePackage: Moving '../../../../../../Users/AutoLogon/Documents/GitHub/GAM537_A1/A1/Saved/Level_12FF222A3456D472163FC8AA2059BBA21.tmp' to '../../../../../../Users/AutoLogon/Documents/GitHub/GAM537_A1/A1/Content/ThirdPersonBP/Maps/Level_1.umap'
[2020.10.08-20.17.28:257][396]LogSavePackage: Moving '../../../../../../Users/AutoLogon/Documents/GitHub/GAM537_A1/A1/Saved/Level_1_BuiltData124DF49940792E91530822841D070EAE.tmp' to '../../../../../../Users/AutoLogon/Documents/GitHub/GAM537_A1/A1/Content/ThirdPersonBP/Maps/Level_1_BuiltData.uasset'
[2020.10.08-20.17.28:277][396]AssetCheck: New page: Asset Save: multiple assets
[2020.10.08-20.17.28:277][396]LogContentValidation: Display: Validating World /Game/ThirdPersonBP/Maps/Level_1.Level_1
[2020.10.08-20.17.28:277][396]LogContentValidation: Display: Validating MapBuildDataRegistry /Game/ThirdPersonBP/Maps/Level_1_BuiltData.Level_1_BuiltData
[2020.10.08-20.17.55:194][585]LogEditorViewport: Clicking on Actor (LMB): StaticMeshActor (Wall13)
[2020.10.08-20.18.24:615][915]LogEditorViewport: Clicking on Actor (LMB): StaticMeshActor (Wall15)
[2020.10.08-20.18.25:477][951]Cmd: EDIT COPY
[2020.10.08-20.18.25:666][958]Cmd: EDIT PASTE
[2020.10.08-20.18.28:075][ 63]Cmd: TRANSACTION UNDO
[2020.10.08-20.18.28:075][ 63]LogEditorTransaction: Undo Scale Actors
[2020.10.08-20.18.47:564][865]LogEditorViewport: Clicking Background
[2020.10.08-20.18.54:312][190]LogUObjectHash: Compacting FUObjectHashTables data took   0.97ms
[2020.10.08-20.18.54:360][190]LogSavePackage: Moving '../../../../../../Users/AutoLogon/Documents/GitHub/GAM537_A1/A1/Saved/Level_13905A3074ABB1FF299D025AE272B08A0.tmp' to '../../../../../../Users/AutoLogon/Documents/GitHub/GAM537_A1/A1/Content/ThirdPersonBP/Maps/Level_1.umap'
[2020.10.08-20.18.54:889][190]LogSavePackage: Moving '../../../../../../Users/AutoLogon/Documents/GitHub/GAM537_A1/A1/Saved/Level_1_BuiltData37928DEE4C466812EC7E319197A59B21.tmp' to '../../../../../../Users/AutoLogon/Documents/GitHub/GAM537_A1/A1/Content/ThirdPersonBP/Maps/Level_1_BuiltData.uasset'
[2020.10.08-20.18.54:913][190]AssetCheck: New page: Asset Save: multiple assets
[2020.10.08-20.18.54:913][190]LogContentValidation: Display: Validating World /Game/ThirdPersonBP/Maps/Level_1.Level_1
[2020.10.08-20.18.54:914][190]LogContentValidation: Display: Validating MapBuildDataRegistry /Game/ThirdPersonBP/Maps/Level_1_BuiltData.Level_1_BuiltData
[2020.10.08-20.20.53:739][580]LogEditorViewport: Clicking Background
[2020.10.08-20.20.54:276][602]LogUObjectHash: Compacting FUObjectHashTables data took   0.55ms
[2020.10.08-20.20.54:334][602]LogSavePackage: Moving '../../../../../../Users/AutoLogon/Documents/GitHub/GAM537_A1/A1/Saved/Level_1672C030941018BE83CA7B6A31A3ED31E.tmp' to '../../../../../../Users/AutoLogon/Documents/GitHub/GAM537_A1/A1/Content/ThirdPersonBP/Maps/Level_1.umap'
[2020.10.08-20.20.54:757][602]LogSavePackage: Moving '../../../../../../Users/AutoLogon/Documents/GitHub/GAM537_A1/A1/Saved/Level_1_BuiltDataAC8BAD3F4FFFE8338AC06D9FBEF113DB.tmp' to '../../../../../../Users/AutoLogon/Documents/GitHub/GAM537_A1/A1/Content/ThirdPersonBP/Maps/Level_1_BuiltData.uasset'
[2020.10.08-20.20.54:803][602]AssetCheck: New page: Asset Save: multiple assets
[2020.10.08-20.20.54:803][602]LogContentValidation: Display: Validating World /Game/ThirdPersonBP/Maps/Level_1.Level_1
[2020.10.08-20.20.54:804][602]LogContentValidation: Display: Validating MapBuildDataRegistry /Game/ThirdPersonBP/Maps/Level_1_BuiltData.Level_1_BuiltData
[2020.10.08-20.21.15:190][426]LogEditorViewport: Clicking Background
[2020.10.08-20.21.17:222][515]LogEditorViewport: Clicking on Actor (LMB): StaticMeshActor (Wall17)
[2020.10.08-20.21.24:754][810]LogEditorViewport: Clicking on Actor (LMB): StaticMeshActor (Wall16)
[2020.10.08-20.21.34:397][993]LogD3D11RHI: GetQueryData is taking a very long time (5.0 s)
[2020.10.08-20.21.39:397][993]LogD3D11RHI: GetQueryData is taking a very long time (10.0 s)
[2020.10.08-20.21.44:396][993]LogD3D11RHI: GetQueryData is taking a very long time (15.0 s)
[2020.10.08-20.21.49:396][993]LogD3D11RHI: GetQueryData is taking a very long time (20.0 s)
[2020.10.08-20.21.54:398][993]LogD3D11RHI: GetQueryData is taking a very long time (25.0 s)
[2020.10.08-20.21.59:406][993]LogD3D11RHI: GetQueryData is taking a very long time (30.0 s)
[2020.10.08-20.21.59:406][993]LogD3D11RHI: Timed out while waiting for GPU to catch up. (30.0 s) (ErrorCode 00000001)
[2020.10.08-20.21.59:406][993]LogWindows: Windows GetLastError: The operation completed successfully. (0)
[2020.10.08-20.22.03:140][993]LogOutputDevice: Warning: 

Script Stack (0 frames):

[2020.10.08-20.22.03:140][993]LogWindows: Windows GetLastError: The operation completed successfully. (0)
[2020.10.08-20.22.03:151][993]LogWindows: Error: === Critical error: ===
[2020.10.08-20.22.03:151][993]LogWindows: Error: 
[2020.10.08-20.22.03:151][993]LogWindows: Error: Fatal error: [File:D:/Build/++UE4+Licensee/Sync/Engine/Source/Runtime/RenderCore/Private/RenderingThread.cpp] [Line: 855] 
[2020.10.08-20.22.03:152][993]LogWindows: Error: Rendering thread exception:
[2020.10.08-20.22.03:152][993]LogWindows: Error: Assertion failed: GD3D11RHI->GetQueryData(Query->Resource, &Query->Result, sizeof(Query->Result), Query->QueryType, true, false) [File:D:/Build/++UE4+Licensee/Sync/Engine/Source/Runtime/Windows/D3D11RHI/Private/D3D11Query.cpp] [Line: 45] 
[2020.10.08-20.22.03:152][993]LogWindows: Error: 
[2020.10.08-20.22.03:152][993]LogWindows: Error: 
[2020.10.08-20.22.03:152][993]LogWindows: Error: 
[2020.10.08-20.22.03:152][993]LogWindows: Error: [Callstack] 0x00007ff9e782a719 KERNELBASE.dll!UnknownFunction []
[2020.10.08-20.22.03:152][993]LogWindows: Error: [Callstack] 0x00007ff99617e9e6 UE4Editor-Core.dll!UnknownFunction []
[2020.10.08-20.22.03:152][993]LogWindows: Error: [Callstack] 0x00007ff996181dc8 UE4Editor-Core.dll!UnknownFunction []
[2020.10.08-20.22.03:152][993]LogWindows: Error: [Callstack] 0x00007ff995f0e53d UE4Editor-Core.dll!UnknownFunction []
[2020.10.08-20.22.03:152][993]LogWindows: Error: [Callstack] 0x00007ff995e997b5 UE4Editor-Core.dll!UnknownFunction []
[2020.10.08-20.22.03:152][993]LogWindows: Error: [Callstack] 0x00007ff995e9baf0 UE4Editor-Core.dll!UnknownFunction []
[2020.10.08-20.22.03:152][993]LogWindows: Error: [Callstack] 0x00007ff98064027e UE4Editor-D3D11RHI.dll!UnknownFunction []
[2020.10.08-20.22.03:152][993]LogWindows: Error: [Callstack] 0x00007ff98064f7ef UE4Editor-D3D11RHI.dll!UnknownFunction []
[2020.10.08-20.22.03:152][993]LogWindows: Error: [Callstack] 0x00007ff9cdcb088e UE4Editor-RHI.dll!UnknownFunction []
[2020.10.08-20.22.03:152][993]LogWindows: Error: [Callstack] 0x00007ff692226e16 UE4Editor.exe!UnknownFunction []
[2020.10.08-20.22.03:152][993]LogWindows: Error: [Callstack] 0x00007ff692229682 UE4Editor.exe!UnknownFunction []
[2020.10.08-20.22.03:152][993]LogWindows: Error: [Callstack] 0x00007ff995cb87d8 UE4Editor-Core.dll!UnknownFunction []
[2020.10.08-20.22.03:152][993]LogWindows: Error: [Callstack] 0x00007ff995cb8aa3 UE4Editor-Core.dll!UnknownFunction []
[2020.10.08-20.22.03:152][993]LogWindows: Error: [Callstack] 0x00007ff9a6def892 UE4Editor-RenderCore.dll!UnknownFunction []
[2020.10.08-20.22.03:152][993]LogWindows: Error: [Callstack] 0x00007ff9a6df53d4 UE4Editor-RenderCore.dll!UnknownFunction []
[2020.10.08-20.22.03:152][993]LogWindows: Error: [Callstack] 0x00007ff9961a025b UE4Editor-Core.dll!UnknownFunction []
[2020.10.08-20.22.03:152][993]LogWindows: Error: [Callstack] 0x00007ff996197c30 UE4Editor-Core.dll!UnknownFunction []
[2020.10.08-20.22.03:152][993]LogWindows: Error: [Callstack] 0x00007ff9e9c67bd4 KERNEL32.DLL!UnknownFunction []
[2020.10.08-20.22.03:152][993]LogWindows: Error: [Callstack] 0x00007ff9ea60ce51 ntdll.dll!UnknownFunction []
[2020.10.08-20.22.03:152][993]LogWindows: Error: 
[2020.10.08-20.22.03:152][993]LogWindows: Error: 
[2020.10.08-20.22.03:153][993]LogWindows: Error: 
[2020.10.08-20.22.03:153][993]LogWindows: Error: 
[2020.10.08-20.22.03:191][993]LogExit: Executing StaticShutdownAfterError
[2020.10.08-20.22.03:196][993]LogWindows: FPlatformMisc::RequestExit(1)
[2020.10.08-20.22.03:196][993]LogCore: Engine exit requested (reason: Win RequestExit)
[2020.10.08-20.22.03:207][993]Log file closed, 10/08/20 16:22:03
