Log file open, 10/08/20 20:36:10
LogInit: Display: Running engine for game: A1
LogPlatformFile: Not using cached read wrapper
LogTaskGraph: Started task graph with 5 named threads and 11 total threads with 3 sets of task threads.
LogStats: Stats thread started at 0.285563
LogD3D11RHI: Loaded GFSDK_Aftermath_Lib.x64.dll
LogICUInternationalization: ICU TimeZone Detection - Raw Offset: -5:00, Platform Override: ''
LogPluginManager: Mounting plugin Paper2D
LogPluginManager: Mounting plugin AISupport
LogPluginManager: Mounting plugin LightPropagationVolume
LogPluginManager: Mounting plugin CameraShakePreviewer
LogPluginManager: Mounting plugin ActorLayerUtilities
LogPluginManager: Mounting plugin AnimationSharing
LogPluginManager: Mounting plugin CLionSourceCodeAccess
LogPluginManager: Mounting plugin CodeLiteSourceCodeAccess
LogPluginManager: Mounting plugin GitSourceControl
LogPluginManager: Mounting plugin KDevelopSourceCodeAccess
LogPluginManager: Mounting plugin NullSourceCodeAccess
LogPluginManager: Mounting plugin PerforceSourceControl
LogPluginManager: Mounting plugin PlasticSourceControl
LogPluginManager: Mounting plugin RiderSourceCodeAccess
LogPluginManager: Mounting plugin SubversionSourceControl
LogPluginManager: Mounting plugin UObjectPlugin
LogPluginManager: Mounting plugin VisualStudioCodeSourceCodeAccess
LogPluginManager: Mounting plugin VisualStudioSourceCodeAccess
LogPluginManager: Mounting plugin XCodeSourceCodeAccess
LogPluginManager: Mounting plugin AssetManagerEditor
LogPluginManager: Mounting plugin CryptoKeys
LogPluginManager: Mounting plugin CurveEditorTools
LogPluginManager: Mounting plugin DataValidation
LogPluginManager: Mounting plugin EditorScriptingUtilities
LogPluginManager: Mounting plugin FacialAnimation
LogPluginManager: Mounting plugin GameplayTagsEditor
LogPluginManager: Mounting plugin GeometryMode
LogPluginManager: Mounting plugin MacGraphicsSwitching
LogPluginManager: Mounting plugin MaterialAnalyzer
LogPluginManager: Mounting plugin MobileLauncherProfileWizard
LogPluginManager: Mounting plugin PluginBrowser
LogPluginManager: Mounting plugin SpeedTreeImporter
LogPluginManager: Mounting plugin DatasmithContent
LogPluginManager: Mounting plugin VariantManagerContent
LogPluginManager: Mounting plugin AlembicImporter
LogPluginManager: Mounting plugin AutomationUtils
LogPluginManager: Mounting plugin BackChannel
LogPluginManager: Mounting plugin ChaosCloth
LogPluginManager: Mounting plugin ChaosClothEditor
LogPluginManager: Mounting plugin ChaosEditor
LogPluginManager: Mounting plugin ChaosNiagara
LogPluginManager: Mounting plugin ChaosSolverPlugin
LogPluginManager: Mounting plugin CharacterAI
LogPluginManager: Mounting plugin GeometryCache
LogPluginManager: Mounting plugin GeometryCollectionPlugin
LogPluginManager: Mounting plugin GeometryProcessing
LogPluginManager: Mounting plugin PlanarCut
LogPluginManager: Mounting plugin PlatformCrypto
LogPluginManager: Mounting plugin ProxyLODPlugin
LogPluginManager: Mounting plugin SkeletalReduction
LogPluginManager: Mounting plugin Niagara
LogPluginManager: Mounting plugin MagicLeap
LogPluginManager: Mounting plugin MagicLeapLightEstimation
LogPluginManager: Mounting plugin MagicLeapMedia
LogPluginManager: Mounting plugin MagicLeapPassableWorld
LogPluginManager: Mounting plugin MLSDK
LogPluginManager: Mounting plugin AndroidMedia
LogPluginManager: Mounting plugin AvfMedia
LogPluginManager: Mounting plugin ImgMedia
LogPluginManager: Mounting plugin MediaCompositing
LogPluginManager: Mounting plugin MediaPlayerEditor
LogPluginManager: Mounting plugin WebMMedia
LogPluginManager: Mounting plugin WmfMedia
LogPluginManager: Mounting plugin MeshPainting
LogPluginManager: Mounting plugin TcpMessaging
LogPluginManager: Mounting plugin UdpMessaging
LogPluginManager: Mounting plugin ActorSequence
LogPluginManager: Mounting plugin LevelSequenceEditor
LogPluginManager: Mounting plugin MatineeToLevelSequence
LogPluginManager: Mounting plugin MovieRenderPipeline
LogPluginManager: Mounting plugin TemplateSequence
LogPluginManager: Mounting plugin NetcodeUnitTest
LogPluginManager: Mounting plugin NUTUnrealEngine4
LogPluginManager: Mounting plugin OnlineSubsystemGooglePlay
LogPluginManager: Mounting plugin OnlineSubsystemIOS
LogPluginManager: Mounting plugin OnlineSubsystem
LogPluginManager: Mounting plugin OnlineSubsystemNull
LogPluginManager: Mounting plugin OnlineSubsystemUtils
LogPluginManager: Mounting plugin LauncherChunkInstaller
LogPluginManager: Mounting plugin AndroidDeviceProfileSelector
LogPluginManager: Mounting plugin AndroidMoviePlayer
LogPluginManager: Mounting plugin AndroidPermission
LogPluginManager: Mounting plugin AppleImageUtils
LogPluginManager: Mounting plugin AppleMoviePlayer
LogPluginManager: Mounting plugin ArchVisCharacter
LogPluginManager: Mounting plugin AssetTags
LogPluginManager: Mounting plugin AudioCapture
LogPluginManager: Mounting plugin CableComponent
LogPluginManager: Mounting plugin CustomMeshComponent
LogPluginManager: Mounting plugin EditableMesh
LogPluginManager: Mounting plugin ExampleDeviceProfileSelector
LogPluginManager: Mounting plugin GoogleCloudMessaging
LogPluginManager: Mounting plugin GooglePAD
LogPluginManager: Mounting plugin IOSDeviceProfileSelector
LogPluginManager: Mounting plugin LinuxDeviceProfileSelector
LogPluginManager: Mounting plugin LocationServicesBPLibrary
LogPluginManager: Mounting plugin MobilePatchingUtils
LogPluginManager: Mounting plugin OculusVR
LogPluginManager: Mounting plugin PhysXVehicles
LogPluginManager: Mounting plugin PostSplashScreen
LogPluginManager: Mounting plugin ProceduralMeshComponent
LogPluginManager: Mounting plugin RuntimePhysXCooking
LogPluginManager: Mounting plugin SignificanceManager
LogPluginManager: Mounting plugin SoundFields
LogPluginManager: Mounting plugin SteamVR
LogPluginManager: Mounting plugin Synthesis
LogPluginManager: Mounting plugin WebMMoviePlayer
LogPluginManager: Mounting plugin WindowsMoviePlayer
LogPluginManager: Mounting plugin ScreenshotTools
LogInit: Using libcurl 7.55.1-DEV
LogInit:  - built for x86_64-pc-win32
LogInit:  - supports SSL with OpenSSL/1.1.1
LogInit:  - supports HTTP deflate (compression) using libz 1.2.8
LogInit:  - other features:
LogInit:      CURL_VERSION_SSL
LogInit:      CURL_VERSION_LIBZ
LogInit:      CURL_VERSION_IPV6
LogInit:      CURL_VERSION_ASYNCHDNS
LogInit:      CURL_VERSION_LARGEFILE
LogInit:      CURL_VERSION_IDN
LogInit:  CurlRequestOptions (configurable via config and command line):
LogInit:  - bVerifyPeer = true  - Libcurl will verify peer certificate
LogInit:  - bUseHttpProxy = false  - Libcurl will NOT use HTTP proxy
LogInit:  - bDontReuseConnections = false  - Libcurl will reuse connections
LogInit:  - MaxHostConnections = 16  - Libcurl will limit the number of connections to a host
LogInit:  - LocalHostAddr = Default
LogInit:  - BufferSize = 65536
LogOnline: OSS: Creating online subsystem instance for: NULL
LogInit: WinSock: version 1.1 (2.2), MaxSocks=32767, MaxUdp=65467
LogOnline: OSS: TryLoadSubsystemAndSetDefault: Loaded subsystem for module [NULL]
LogInit: Build: ++UE4+Release-4.25-CL-13942748
LogInit: Engine Version: 4.25.3-13942748+++UE4+Release-4.25
LogInit: Compatible Engine Version: 4.25.0-13144385+++UE4+Release-4.25
LogInit: Net CL: 13144385
LogInit: OS: Windows 10 (Release 1909) (), CPU: Intel(R) Core(TM) i3-6006U CPU @ 2.00GHz, GPU: Intel(R) HD Graphics 520
LogInit: Compiled (64-bit): Jul 25 2020 02:07:48
LogInit: Compiled with Visual C++: 19.24.28315.00
LogInit: Build Configuration: Development
LogInit: Branch Name: ++UE4+Release-4.25
LogInit: Command Line:  -EpicPortal -epicusername=reginaexmachina -epicuserid=d311196ebf5f4137a51cf8f921a1c2e6 -epiclocale=en
LogInit: Base Directory: C:/Program Files/Epic Games/UE_4.25/Engine/Binaries/Win64/
LogInit: Allocator: TBB
LogInit: Installed Engine Build: 1
LogDevObjectVersion: Number of dev versions registered: 26
LogDevObjectVersion:   Dev-Blueprints (B0D832E4-1F89-4F0D-ACCF-7EB736FD4AA2): 10
LogDevObjectVersion:   Dev-Build (E1C64328-A22C-4D53-A36C-8E866417BD8C): 0
LogDevObjectVersion:   Dev-Core (375EC13C-06E4-48FB-B500-84F0262A717E): 4
LogDevObjectVersion:   Dev-Editor (E4B068ED-F494-42E9-A231-DA0B2E46BB41): 38
LogDevObjectVersion:   Dev-Framework (CFFC743F-43B0-4480-9391-14DF171D2073): 37
LogDevObjectVersion:   Dev-Mobile (B02B49B5-BB20-44E9-A304-32B752E40360): 2
LogDevObjectVersion:   Dev-Networking (A4E4105C-59A1-49B5-A7C5-40C4547EDFEE): 0
LogDevObjectVersion:   Dev-Online (39C831C9-5AE6-47DC-9A44-9C173E1C8E7C): 0
LogDevObjectVersion:   Dev-Physics (78F01B33-EBEA-4F98-B9B4-84EACCB95AA2): 4
LogDevObjectVersion:   Dev-Platform (6631380F-2D4D-43E0-8009-CF276956A95A): 0
LogDevObjectVersion:   Dev-Rendering (12F88B9F-8875-4AFC-A67C-D90C383ABD29): 43
LogDevObjectVersion:   Dev-Sequencer (7B5AE74C-D270-4C10-A958-57980B212A5A): 12
LogDevObjectVersion:   Dev-VR (D7296918-1DD6-4BDD-9DE2-64A83CC13884): 3
LogDevObjectVersion:   Dev-LoadTimes (C2A15278-BFE7-4AFE-6C17-90FF531DF755): 1
LogDevObjectVersion:   Private-Geometry (6EACA3D4-40EC-4CC1-B786-8BED09428FC5): 3
LogDevObjectVersion:   Dev-AnimPhys (29E575DD-E0A3-4627-9D10-D276232CDCEA): 17
LogDevObjectVersion:   Dev-Anim (AF43A65D-7FD3-4947-9873-3E8ED9C1BB05): 7
LogDevObjectVersion:   Dev-ReflectionCapture (6B266CEC-1EC7-4B8F-A30B-E4D90942FC07): 1
LogDevObjectVersion:   Dev-Automation (0DF73D61-A23F-47EA-B727-89E90C41499A): 1
LogDevObjectVersion:   FortniteMain (601D1886-AC64-4F84-AA16-D3DE0DEAC7D6): 31
LogDevObjectVersion:   Dev-Enterprise (9DFFBCD6-494F-0158-E221-12823C92A888): 10
LogDevObjectVersion:   Dev-Niagara (F2AED0AC-9AFE-416F-8664-AA7FFA26D6FC): 1
LogDevObjectVersion:   Dev-Destruction (174F1F0B-B4C6-45A5-B13F-2EE8D0FB917D): 10
LogDevObjectVersion:   Dev-Physics-Ext (35F94A83-E258-406C-A318-09F59610247C): 37
LogDevObjectVersion:   Dev-PhysicsMaterial-Chaos (B68FC16E-8B1B-42E2-B453-215C058844FE): 1
LogDevObjectVersion:   Dev-CineCamera (B2E18506-4273-CFC2-A54E-F4BB758BBA07): 1
LogInit: Presizing for max 25165824 objects, including 0 objects not considered by GC, pre-allocating 0 bytes for permanent pool.
LogConfig: Applying CVar settings from Section [/Script/Engine.StreamingSettings] File [C:/Users/AutoLogon/Documents/GitHub/GAM537_A1/A1/Saved/Config/Windows/Engine.ini]
LogConfig: Setting CVar [[s.MinBulkDataSizeForAsyncLoading:131072]]
LogConfig: Setting CVar [[s.AsyncLoadingThreadEnabled:0]]
LogConfig: Setting CVar [[s.EventDrivenLoaderEnabled:1]]
LogConfig: Setting CVar [[s.WarnIfTimeLimitExceeded:0]]
LogConfig: Setting CVar [[s.TimeLimitExceededMultiplier:1.5]]
LogConfig: Setting CVar [[s.TimeLimitExceededMinTime:0.005]]
LogConfig: Setting CVar [[s.UseBackgroundLevelStreaming:1]]
LogConfig: Setting CVar [[s.PriorityAsyncLoadingExtraTime:15.0]]
LogConfig: Setting CVar [[s.LevelStreamingActorsUpdateTimeLimit:5.0]]
LogConfig: Setting CVar [[s.PriorityLevelStreamingActorsUpdateExtraTime:5.0]]
LogConfig: Setting CVar [[s.LevelStreamingComponentsRegistrationGranularity:10]]
LogConfig: Setting CVar [[s.UnregisterComponentsTimeLimit:1.0]]
LogConfig: Setting CVar [[s.LevelStreamingComponentsUnregistrationGranularity:5]]
LogConfig: Setting CVar [[s.FlushStreamingOnExit:1]]
LogInit: Object subsystem initialized
LogConfig: Setting CVar [[con.DebugEarlyDefault:1]]
LogConfig: Setting CVar [[r.setres:1280x720]]
[2020.10.09-00.36.11:802][  0]LogConfig: Setting CVar [[r.VSync:0]]
[2020.10.09-00.36.11:802][  0]LogConfig: Setting CVar [[r.RHICmdBypass:0]]
[2020.10.09-00.36.11:802][  0]LogConfig: Applying CVar settings from Section [/Script/Engine.RendererSettings] File [C:/Users/AutoLogon/Documents/GitHub/GAM537_A1/A1/Saved/Config/Windows/Engine.ini]
[2020.10.09-00.36.11:802][  0]LogConfig: Setting CVar [[r.GPUCrashDebugging:0]]
[2020.10.09-00.36.11:802][  0]LogConfig: Applying CVar settings from Section [/Script/Engine.RendererOverrideSettings] File [C:/Users/AutoLogon/Documents/GitHub/GAM537_A1/A1/Saved/Config/Windows/Engine.ini]
[2020.10.09-00.36.11:802][  0]LogConfig: Applying CVar settings from Section [/Script/Engine.StreamingSettings] File [C:/Users/AutoLogon/Documents/GitHub/GAM537_A1/A1/Saved/Config/Windows/Engine.ini]
[2020.10.09-00.36.11:802][  0]LogConfig: Setting CVar [[s.MinBulkDataSizeForAsyncLoading:131072]]
[2020.10.09-00.36.11:802][  0]LogConfig: Setting CVar [[s.AsyncLoadingThreadEnabled:0]]
[2020.10.09-00.36.11:802][  0]LogConfig: Setting CVar [[s.EventDrivenLoaderEnabled:1]]
[2020.10.09-00.36.11:802][  0]LogConfig: Setting CVar [[s.WarnIfTimeLimitExceeded:0]]
[2020.10.09-00.36.11:803][  0]LogConfig: Setting CVar [[s.TimeLimitExceededMultiplier:1.5]]
[2020.10.09-00.36.11:803][  0]LogConfig: Setting CVar [[s.TimeLimitExceededMinTime:0.005]]
[2020.10.09-00.36.11:803][  0]LogConfig: Setting CVar [[s.UseBackgroundLevelStreaming:1]]
[2020.10.09-00.36.11:803][  0]LogConfig: Setting CVar [[s.PriorityAsyncLoadingExtraTime:15.0]]
[2020.10.09-00.36.11:803][  0]LogConfig: Setting CVar [[s.LevelStreamingActorsUpdateTimeLimit:5.0]]
[2020.10.09-00.36.11:803][  0]LogConfig: Setting CVar [[s.PriorityLevelStreamingActorsUpdateExtraTime:5.0]]
[2020.10.09-00.36.11:803][  0]LogConfig: Setting CVar [[s.LevelStreamingComponentsRegistrationGranularity:10]]
[2020.10.09-00.36.11:803][  0]LogConfig: Setting CVar [[s.UnregisterComponentsTimeLimit:1.0]]
[2020.10.09-00.36.11:803][  0]LogConfig: Setting CVar [[s.LevelStreamingComponentsUnregistrationGranularity:5]]
[2020.10.09-00.36.11:803][  0]LogConfig: Setting CVar [[s.FlushStreamingOnExit:1]]
[2020.10.09-00.36.11:803][  0]LogConfig: Applying CVar settings from Section [/Script/Engine.GarbageCollectionSettings] File [C:/Users/AutoLogon/Documents/GitHub/GAM537_A1/A1/Saved/Config/Windows/Engine.ini]
[2020.10.09-00.36.11:803][  0]LogConfig: Setting CVar [[gc.MaxObjectsNotConsideredByGC:1]]
[2020.10.09-00.36.11:803][  0]LogConfig: Setting CVar [[gc.SizeOfPermanentObjectPool:0]]
[2020.10.09-00.36.11:803][  0]LogConfig: Setting CVar [[gc.FlushStreamingOnGC:0]]
[2020.10.09-00.36.11:803][  0]LogConfig: Setting CVar [[gc.NumRetriesBeforeForcingGC:10]]
[2020.10.09-00.36.11:803][  0]LogConfig: Setting CVar [[gc.AllowParallelGC:1]]
[2020.10.09-00.36.11:803][  0]LogConfig: Setting CVar [[gc.TimeBetweenPurgingPendingKillObjects:61.1]]
[2020.10.09-00.36.11:803][  0]LogConfig: Setting CVar [[gc.MaxObjectsInEditor:25165824]]
[2020.10.09-00.36.11:803][  0]LogConfig: Setting CVar [[gc.IncrementalBeginDestroyEnabled:1]]
[2020.10.09-00.36.11:803][  0]LogConfig: Setting CVar [[gc.CreateGCClusters:1]]
[2020.10.09-00.36.11:803][  0]LogConfig: Setting CVar [[gc.MinGCClusterSize:5]]
[2020.10.09-00.36.11:803][  0]LogConfig: Setting CVar [[gc.ActorClusteringEnabled:0]]
[2020.10.09-00.36.11:803][  0]LogConfig: Setting CVar [[gc.BlueprintClusteringEnabled:0]]
[2020.10.09-00.36.11:803][  0]LogConfig: Setting CVar [[gc.UseDisregardForGCOnDedicatedServers:0]]
[2020.10.09-00.36.11:803][  0]LogConfig: Applying CVar settings from Section [/Script/Engine.NetworkSettings] File [C:/Users/AutoLogon/Documents/GitHub/GAM537_A1/A1/Saved/Config/Windows/Engine.ini]
[2020.10.09-00.36.11:803][  0]LogConfig: Applying CVar settings from Section [/Script/UnrealEd.CookerSettings] File [C:/Users/AutoLogon/Documents/GitHub/GAM537_A1/A1/Saved/Config/Windows/Engine.ini]
[2020.10.09-00.36.11:807][  0]LogConfig: Applying CVar settings from Section [ViewDistanceQuality@3] File [C:/Users/AutoLogon/Documents/GitHub/GAM537_A1/A1/Saved/Config/Windows/Scalability.ini]
[2020.10.09-00.36.11:807][  0]LogConfig: Setting CVar [[r.SkeletalMeshLODBias:0]]
[2020.10.09-00.36.11:807][  0]LogConfig: Setting CVar [[r.ViewDistanceScale:1.0]]
[2020.10.09-00.36.11:807][  0]LogConfig: Applying CVar settings from Section [AntiAliasingQuality@3] File [C:/Users/AutoLogon/Documents/GitHub/GAM537_A1/A1/Saved/Config/Windows/Scalability.ini]
[2020.10.09-00.36.11:807][  0]LogConfig: Setting CVar [[r.PostProcessAAQuality:4]]
[2020.10.09-00.36.11:807][  0]LogConfig: Applying CVar settings from Section [ShadowQuality@3] File [C:/Users/AutoLogon/Documents/GitHub/GAM537_A1/A1/Saved/Config/Windows/Scalability.ini]
[2020.10.09-00.36.11:807][  0]LogConfig: Setting CVar [[r.LightFunctionQuality:1]]
[2020.10.09-00.36.11:807][  0]LogConfig: Setting CVar [[r.ShadowQuality:5]]
[2020.10.09-00.36.11:807][  0]LogConfig: Setting CVar [[r.Shadow.CSM.MaxCascades:10]]
[2020.10.09-00.36.11:807][  0]LogConfig: Setting CVar [[r.Shadow.MaxResolution:2048]]
[2020.10.09-00.36.11:807][  0]LogConfig: Setting CVar [[r.Shadow.MaxCSMResolution:2048]]
[2020.10.09-00.36.11:807][  0]LogConfig: Setting CVar [[r.Shadow.RadiusThreshold:0.01]]
[2020.10.09-00.36.11:807][  0]LogConfig: Setting CVar [[r.Shadow.DistanceScale:1.0]]
[2020.10.09-00.36.11:807][  0]LogConfig: Setting CVar [[r.Shadow.CSM.TransitionScale:1.0]]
[2020.10.09-00.36.11:807][  0]LogConfig: Setting CVar [[r.Shadow.PreShadowResolutionFactor:1.0]]
[2020.10.09-00.36.11:807][  0]LogConfig: Setting CVar [[r.DistanceFieldShadowing:1]]
[2020.10.09-00.36.11:808][  0]LogConfig: Setting CVar [[r.DistanceFieldAO:1]]
[2020.10.09-00.36.11:808][  0]LogConfig: Setting CVar [[r.AOQuality:2]]
[2020.10.09-00.36.11:808][  0]LogConfig: Setting CVar [[r.VolumetricFog:1]]
[2020.10.09-00.36.11:808][  0]LogConfig: Setting CVar [[r.VolumetricFog.GridPixelSize:8]]
[2020.10.09-00.36.11:808][  0]LogConfig: Setting CVar [[r.VolumetricFog.GridSizeZ:128]]
[2020.10.09-00.36.11:808][  0]LogConfig: Setting CVar [[r.VolumetricFog.HistoryMissSupersampleCount:4]]
[2020.10.09-00.36.11:808][  0]LogConfig: Setting CVar [[r.LightMaxDrawDistanceScale:1]]
[2020.10.09-00.36.11:808][  0]LogConfig: Setting CVar [[r.CapsuleShadows:1]]
[2020.10.09-00.36.11:808][  0]LogConfig: Applying CVar settings from Section [PostProcessQuality@3] File [C:/Users/AutoLogon/Documents/GitHub/GAM537_A1/A1/Saved/Config/Windows/Scalability.ini]
[2020.10.09-00.36.11:808][  0]LogConfig: Setting CVar [[r.MotionBlurQuality:4]]
[2020.10.09-00.36.11:808][  0]LogConfig: Setting CVar [[r.AmbientOcclusionMipLevelFactor:0.4]]
[2020.10.09-00.36.11:808][  0]LogConfig: Setting CVar [[r.AmbientOcclusionMaxQuality:100]]
[2020.10.09-00.36.11:808][  0]LogConfig: Setting CVar [[r.AmbientOcclusionLevels:-1]]
[2020.10.09-00.36.11:808][  0]LogConfig: Setting CVar [[r.AmbientOcclusionRadiusScale:1.0]]
[2020.10.09-00.36.11:808][  0]LogConfig: Setting CVar [[r.DepthOfFieldQuality:2]]
[2020.10.09-00.36.11:808][  0]LogConfig: Setting CVar [[r.RenderTargetPoolMin:400]]
[2020.10.09-00.36.11:808][  0]LogConfig: Setting CVar [[r.LensFlareQuality:2]]
[2020.10.09-00.36.11:808][  0]LogConfig: Setting CVar [[r.SceneColorFringeQuality:1]]
[2020.10.09-00.36.11:808][  0]LogConfig: Setting CVar [[r.EyeAdaptationQuality:2]]
[2020.10.09-00.36.11:808][  0]LogConfig: Setting CVar [[r.BloomQuality:5]]
[2020.10.09-00.36.11:808][  0]LogConfig: Setting CVar [[r.FastBlurThreshold:100]]
[2020.10.09-00.36.11:808][  0]LogConfig: Setting CVar [[r.Upscale.Quality:3]]
[2020.10.09-00.36.11:808][  0]LogConfig: Setting CVar [[r.Tonemapper.GrainQuantization:1]]
[2020.10.09-00.36.11:808][  0]LogConfig: Setting CVar [[r.LightShaftQuality:1]]
[2020.10.09-00.36.11:809][  0]LogConfig: Setting CVar [[r.Filter.SizeScale:1]]
[2020.10.09-00.36.11:809][  0]LogConfig: Setting CVar [[r.Tonemapper.Quality:5]]
[2020.10.09-00.36.11:809][  0]LogConfig: Setting CVar [[r.DOF.Gather.AccumulatorQuality:1        ; higher gathering accumulator quality]]
[2020.10.09-00.36.11:809][  0]LogConfig: Setting CVar [[r.DOF.Gather.PostfilterMethod:1          ; Median3x3 postfilering method]]
[2020.10.09-00.36.11:809][  0]LogConfig: Setting CVar [[r.DOF.Gather.EnableBokehSettings:0       ; no bokeh simulation when gathering]]
[2020.10.09-00.36.11:809][  0]LogConfig: Setting CVar [[r.DOF.Gather.RingCount:4                 ; medium number of samples when gathering]]
[2020.10.09-00.36.11:809][  0]LogConfig: Setting CVar [[r.DOF.Scatter.ForegroundCompositing:1    ; additive foreground scattering]]
[2020.10.09-00.36.11:809][  0]LogConfig: Setting CVar [[r.DOF.Scatter.BackgroundCompositing:2    ; additive background scattering]]
[2020.10.09-00.36.11:809][  0]LogConfig: Setting CVar [[r.DOF.Scatter.EnableBokehSettings:1      ; bokeh simulation when scattering]]
[2020.10.09-00.36.11:809][  0]LogConfig: Setting CVar [[r.DOF.Scatter.MaxSpriteRatio:0.1         ; only a maximum of 10% of scattered bokeh]]
[2020.10.09-00.36.11:809][  0]LogConfig: Setting CVar [[r.DOF.Recombine.Quality:1                ; cheap slight out of focus]]
[2020.10.09-00.36.11:809][  0]LogConfig: Setting CVar [[r.DOF.Recombine.EnableBokehSettings:0    ; no bokeh simulation on slight out of focus]]
[2020.10.09-00.36.11:809][  0]LogConfig: Setting CVar [[r.DOF.TemporalAAQuality:1                ; more stable temporal accumulation]]
[2020.10.09-00.36.11:809][  0]LogConfig: Setting CVar [[r.DOF.Kernel.MaxForegroundRadius:0.025]]
[2020.10.09-00.36.11:809][  0]LogConfig: Setting CVar [[r.DOF.Kernel.MaxBackgroundRadius:0.025]]
[2020.10.09-00.36.11:809][  0]LogConfig: Applying CVar settings from Section [TextureQuality@3] File [C:/Users/AutoLogon/Documents/GitHub/GAM537_A1/A1/Saved/Config/Windows/Scalability.ini]
[2020.10.09-00.36.11:809][  0]LogConfig: Setting CVar [[r.Streaming.MipBias:0]]
[2020.10.09-00.36.11:809][  0]LogConfig: Setting CVar [[r.Streaming.AmortizeCPUToGPUCopy:0]]
[2020.10.09-00.36.11:809][  0]LogConfig: Setting CVar [[r.Streaming.MaxNumTexturesToStreamPerFrame:0]]
[2020.10.09-00.36.11:809][  0]LogConfig: Setting CVar [[r.Streaming.Boost:1]]
[2020.10.09-00.36.11:809][  0]LogConfig: Setting CVar [[r.MaxAnisotropy:8]]
[2020.10.09-00.36.11:809][  0]LogConfig: Setting CVar [[r.VT.MaxAnisotropy:8]]
[2020.10.09-00.36.11:809][  0]LogConfig: Setting CVar [[r.Streaming.LimitPoolSizeToVRAM:0]]
[2020.10.09-00.36.11:809][  0]LogConfig: Setting CVar [[r.Streaming.PoolSize:1000]]
[2020.10.09-00.36.11:810][  0]LogConfig: Setting CVar [[r.Streaming.MaxEffectiveScreenSize:0]]
[2020.10.09-00.36.11:810][  0]LogConfig: Applying CVar settings from Section [EffectsQuality@3] File [C:/Users/AutoLogon/Documents/GitHub/GAM537_A1/A1/Saved/Config/Windows/Scalability.ini]
[2020.10.09-00.36.11:810][  0]LogConfig: Setting CVar [[r.TranslucencyLightingVolumeDim:64]]
[2020.10.09-00.36.11:810][  0]LogConfig: Setting CVar [[r.RefractionQuality:2]]
[2020.10.09-00.36.11:810][  0]LogConfig: Setting CVar [[r.SSR.Quality:3]]
[2020.10.09-00.36.11:810][  0]LogConfig: Setting CVar [[r.SSR.HalfResSceneColor:0]]
[2020.10.09-00.36.11:810][  0]LogConfig: Setting CVar [[r.SceneColorFormat:4]]
[2020.10.09-00.36.11:810][  0]LogConfig: Setting CVar [[r.DetailMode:2]]
[2020.10.09-00.36.11:810][  0]LogConfig: Setting CVar [[r.TranslucencyVolumeBlur:1]]
[2020.10.09-00.36.11:810][  0]LogConfig: Setting CVar [[r.MaterialQualityLevel:1 ; High quality]]
[2020.10.09-00.36.11:810][  0]LogConfig: Setting CVar [[r.SSS.Scale:1]]
[2020.10.09-00.36.11:810][  0]LogConfig: Setting CVar [[r.SSS.SampleSet:2]]
[2020.10.09-00.36.11:810][  0]LogConfig: Setting CVar [[r.SSS.Quality:1]]
[2020.10.09-00.36.11:810][  0]LogConfig: Setting CVar [[r.SSS.HalfRes:0]]
[2020.10.09-00.36.11:810][  0]LogConfig: Setting CVar [[r.SSGI.Quality:3]]
[2020.10.09-00.36.11:810][  0]LogConfig: Setting CVar [[r.EmitterSpawnRateScale:1.0]]
[2020.10.09-00.36.11:810][  0]LogConfig: Setting CVar [[r.ParticleLightQuality:2]]
[2020.10.09-00.36.11:810][  0]LogConfig: Setting CVar [[r.SkyAtmosphere.AerialPerspectiveLUT.FastApplyOnOpaque:1 ; Always have FastSkyLUT 1 in this case to avoid wrong sky]]
[2020.10.09-00.36.11:810][  0]LogConfig: Setting CVar [[r.SkyAtmosphere.AerialPerspectiveLUT.SampleCountPerSlice:1]]
[2020.10.09-00.36.11:810][  0]LogConfig: Setting CVar [[r.SkyAtmosphere.AerialPerspectiveLUT.DepthResolution:16.0]]
[2020.10.09-00.36.11:810][  0]LogConfig: Setting CVar [[r.SkyAtmosphere.FastSkyLUT:1]]
[2020.10.09-00.36.11:810][  0]LogConfig: Setting CVar [[r.SkyAtmosphere.FastSkyLUT.SampleCountMin:4.0]]
[2020.10.09-00.36.11:810][  0]LogConfig: Setting CVar [[r.SkyAtmosphere.FastSkyLUT.SampleCountMax:32.0]]
[2020.10.09-00.36.11:810][  0]LogConfig: Setting CVar [[r.SkyAtmosphere.SampleCountMin:4.0]]
[2020.10.09-00.36.11:810][  0]LogConfig: Setting CVar [[r.SkyAtmosphere.SampleCountMax:32.0]]
[2020.10.09-00.36.11:810][  0]LogConfig: Setting CVar [[r.SkyAtmosphere.TransmittanceLUT.UseSmallFormat:0]]
[2020.10.09-00.36.11:810][  0]LogConfig: Setting CVar [[r.SkyAtmosphere.TransmittanceLUT.SampleCount:10.0]]
[2020.10.09-00.36.11:810][  0]LogConfig: Setting CVar [[r.SkyAtmosphere.MultiScatteringLUT.SampleCount:15.0]]
[2020.10.09-00.36.11:810][  0]LogConfig: Applying CVar settings from Section [FoliageQuality@3] File [C:/Users/AutoLogon/Documents/GitHub/GAM537_A1/A1/Saved/Config/Windows/Scalability.ini]
[2020.10.09-00.36.11:811][  0]LogConfig: Setting CVar [[foliage.DensityScale:1.0]]
[2020.10.09-00.36.11:811][  0]LogConfig: Setting CVar [[grass.DensityScale:1.0]]
[2020.10.09-00.36.11:811][  0]LogConfig: Applying CVar settings from Section [ShadingQuality@3] File [C:/Users/AutoLogon/Documents/GitHub/GAM537_A1/A1/Saved/Config/Windows/Scalability.ini]
[2020.10.09-00.36.11:811][  0]LogConfig: Setting CVar [[r.HairStrands.SkyLighting.SampleCount:16]]
[2020.10.09-00.36.11:811][  0]LogConfig: Setting CVar [[r.HairStrands.SkyLighting.JitterIntegration:0]]
[2020.10.09-00.36.11:811][  0]LogConfig: Setting CVar [[r.HairStrands.SkyAO.SampleCount:16]]
[2020.10.09-00.36.11:811][  0]LogConfig: Setting CVar [[r.HairStrands.DeepShadow.SuperSampling:0]]
[2020.10.09-00.36.11:811][  0]LogConfig: Setting CVar [[r.HairStrands.VisibilityPPLL:0]]
[2020.10.09-00.36.11:811][  0]LogConfig: Setting CVar [[r.HairStrands.RasterizationScale:0.5]]
[2020.10.09-00.36.11:811][  0]LogConfig: Setting CVar [[r.HairStrands.VelocityRasterizationScale:1]]
[2020.10.09-00.36.11:811][  0]LogInit: Selected Device Profile: [Windows]
[2020.10.09-00.36.11:811][  0]LogInit: Applying CVar settings loaded from the selected device profile: [Windows]
[2020.10.09-00.36.11:811][  0]LogHAL: Display: Platform has ~ 8 GB [8281792512 / 8589934592 / 8], which maps to Default [LargestMinGB=32, LargerMinGB=12, DefaultMinGB=8, SmallerMinGB=6, SmallestMinGB=0)
[2020.10.09-00.36.11:811][  0]LogInit: Going up to parent DeviceProfile []
[2020.10.09-00.36.11:811][  0]LogConfig: Applying CVar settings from Section [ViewDistanceQuality@3] File [C:/Users/AutoLogon/Documents/GitHub/GAM537_A1/A1/Saved/Config/Windows/Scalability.ini]
[2020.10.09-00.36.11:811][  0]LogConfig: Setting CVar [[r.SkeletalMeshLODBias:0]]
[2020.10.09-00.36.11:811][  0]LogConfig: Setting CVar [[r.ViewDistanceScale:1.0]]
[2020.10.09-00.36.11:811][  0]LogConfig: Applying CVar settings from Section [AntiAliasingQuality@3] File [C:/Users/AutoLogon/Documents/GitHub/GAM537_A1/A1/Saved/Config/Windows/Scalability.ini]
[2020.10.09-00.36.11:811][  0]LogConfig: Setting CVar [[r.PostProcessAAQuality:4]]
[2020.10.09-00.36.11:811][  0]LogConfig: Applying CVar settings from Section [ShadowQuality@3] File [C:/Users/AutoLogon/Documents/GitHub/GAM537_A1/A1/Saved/Config/Windows/Scalability.ini]
[2020.10.09-00.36.11:812][  0]LogConfig: Setting CVar [[r.LightFunctionQuality:1]]
[2020.10.09-00.36.11:812][  0]LogConfig: Setting CVar [[r.ShadowQuality:5]]
[2020.10.09-00.36.11:812][  0]LogConfig: Setting CVar [[r.Shadow.CSM.MaxCascades:10]]
[2020.10.09-00.36.11:812][  0]LogConfig: Setting CVar [[r.Shadow.MaxResolution:2048]]
[2020.10.09-00.36.11:812][  0]LogConfig: Setting CVar [[r.Shadow.MaxCSMResolution:2048]]
[2020.10.09-00.36.11:812][  0]LogConfig: Setting CVar [[r.Shadow.RadiusThreshold:0.01]]
[2020.10.09-00.36.11:812][  0]LogConfig: Setting CVar [[r.Shadow.DistanceScale:1.0]]
[2020.10.09-00.36.11:812][  0]LogConfig: Setting CVar [[r.Shadow.CSM.TransitionScale:1.0]]
[2020.10.09-00.36.11:812][  0]LogConfig: Setting CVar [[r.Shadow.PreShadowResolutionFactor:1.0]]
[2020.10.09-00.36.11:812][  0]LogConfig: Setting CVar [[r.DistanceFieldShadowing:1]]
[2020.10.09-00.36.11:812][  0]LogConfig: Setting CVar [[r.DistanceFieldAO:1]]
[2020.10.09-00.36.11:812][  0]LogConfig: Setting CVar [[r.AOQuality:2]]
[2020.10.09-00.36.11:812][  0]LogConfig: Setting CVar [[r.VolumetricFog:1]]
[2020.10.09-00.36.11:812][  0]LogConfig: Setting CVar [[r.VolumetricFog.GridPixelSize:8]]
[2020.10.09-00.36.11:812][  0]LogConfig: Setting CVar [[r.VolumetricFog.GridSizeZ:128]]
[2020.10.09-00.36.11:812][  0]LogConfig: Setting CVar [[r.VolumetricFog.HistoryMissSupersampleCount:4]]
[2020.10.09-00.36.11:812][  0]LogConfig: Setting CVar [[r.LightMaxDrawDistanceScale:1]]
[2020.10.09-00.36.11:812][  0]LogConfig: Setting CVar [[r.CapsuleShadows:1]]
[2020.10.09-00.36.11:812][  0]LogConfig: Applying CVar settings from Section [PostProcessQuality@3] File [C:/Users/AutoLogon/Documents/GitHub/GAM537_A1/A1/Saved/Config/Windows/Scalability.ini]
[2020.10.09-00.36.11:812][  0]LogConfig: Setting CVar [[r.MotionBlurQuality:4]]
[2020.10.09-00.36.11:812][  0]LogConfig: Setting CVar [[r.AmbientOcclusionMipLevelFactor:0.4]]
[2020.10.09-00.36.11:812][  0]LogConfig: Setting CVar [[r.AmbientOcclusionMaxQuality:100]]
[2020.10.09-00.36.11:812][  0]LogConfig: Setting CVar [[r.AmbientOcclusionLevels:-1]]
[2020.10.09-00.36.11:812][  0]LogConfig: Setting CVar [[r.AmbientOcclusionRadiusScale:1.0]]
[2020.10.09-00.36.11:813][  0]LogConfig: Setting CVar [[r.DepthOfFieldQuality:2]]
[2020.10.09-00.36.11:813][  0]LogConfig: Setting CVar [[r.RenderTargetPoolMin:400]]
[2020.10.09-00.36.11:813][  0]LogConfig: Setting CVar [[r.LensFlareQuality:2]]
[2020.10.09-00.36.11:813][  0]LogConfig: Setting CVar [[r.SceneColorFringeQuality:1]]
[2020.10.09-00.36.11:813][  0]LogConfig: Setting CVar [[r.EyeAdaptationQuality:2]]
[2020.10.09-00.36.11:813][  0]LogConfig: Setting CVar [[r.BloomQuality:5]]
[2020.10.09-00.36.11:813][  0]LogConfig: Setting CVar [[r.FastBlurThreshold:100]]
[2020.10.09-00.36.11:813][  0]LogConfig: Setting CVar [[r.Upscale.Quality:3]]
[2020.10.09-00.36.11:813][  0]LogConfig: Setting CVar [[r.Tonemapper.GrainQuantization:1]]
[2020.10.09-00.36.11:813][  0]LogConfig: Setting CVar [[r.LightShaftQuality:1]]
[2020.10.09-00.36.11:813][  0]LogConfig: Setting CVar [[r.Filter.SizeScale:1]]
[2020.10.09-00.36.11:813][  0]LogConfig: Setting CVar [[r.Tonemapper.Quality:5]]
[2020.10.09-00.36.11:813][  0]LogConfig: Setting CVar [[r.DOF.Gather.AccumulatorQuality:1        ; higher gathering accumulator quality]]
[2020.10.09-00.36.11:813][  0]LogConfig: Setting CVar [[r.DOF.Gather.PostfilterMethod:1          ; Median3x3 postfilering method]]
[2020.10.09-00.36.11:813][  0]LogConfig: Setting CVar [[r.DOF.Gather.EnableBokehSettings:0       ; no bokeh simulation when gathering]]
[2020.10.09-00.36.11:813][  0]LogConfig: Setting CVar [[r.DOF.Gather.RingCount:4                 ; medium number of samples when gathering]]
[2020.10.09-00.36.11:813][  0]LogConfig: Setting CVar [[r.DOF.Scatter.ForegroundCompositing:1    ; additive foreground scattering]]
[2020.10.09-00.36.11:813][  0]LogConfig: Setting CVar [[r.DOF.Scatter.BackgroundCompositing:2    ; additive background scattering]]
[2020.10.09-00.36.11:813][  0]LogConfig: Setting CVar [[r.DOF.Scatter.EnableBokehSettings:1      ; bokeh simulation when scattering]]
[2020.10.09-00.36.11:813][  0]LogConfig: Setting CVar [[r.DOF.Scatter.MaxSpriteRatio:0.1         ; only a maximum of 10% of scattered bokeh]]
[2020.10.09-00.36.11:813][  0]LogConfig: Setting CVar [[r.DOF.Recombine.Quality:1                ; cheap slight out of focus]]
[2020.10.09-00.36.11:813][  0]LogConfig: Setting CVar [[r.DOF.Recombine.EnableBokehSettings:0    ; no bokeh simulation on slight out of focus]]
[2020.10.09-00.36.11:813][  0]LogConfig: Setting CVar [[r.DOF.TemporalAAQuality:1                ; more stable temporal accumulation]]
[2020.10.09-00.36.11:813][  0]LogConfig: Setting CVar [[r.DOF.Kernel.MaxForegroundRadius:0.025]]
[2020.10.09-00.36.11:813][  0]LogConfig: Setting CVar [[r.DOF.Kernel.MaxBackgroundRadius:0.025]]
[2020.10.09-00.36.11:814][  0]LogConfig: Applying CVar settings from Section [TextureQuality@3] File [C:/Users/AutoLogon/Documents/GitHub/GAM537_A1/A1/Saved/Config/Windows/Scalability.ini]
[2020.10.09-00.36.11:814][  0]LogConfig: Setting CVar [[r.Streaming.MipBias:0]]
[2020.10.09-00.36.11:814][  0]LogConfig: Setting CVar [[r.Streaming.AmortizeCPUToGPUCopy:0]]
[2020.10.09-00.36.11:814][  0]LogConfig: Setting CVar [[r.Streaming.MaxNumTexturesToStreamPerFrame:0]]
[2020.10.09-00.36.11:814][  0]LogConfig: Setting CVar [[r.Streaming.Boost:1]]
[2020.10.09-00.36.11:814][  0]LogConfig: Setting CVar [[r.MaxAnisotropy:8]]
[2020.10.09-00.36.11:814][  0]LogConfig: Setting CVar [[r.VT.MaxAnisotropy:8]]
[2020.10.09-00.36.11:814][  0]LogConfig: Setting CVar [[r.Streaming.LimitPoolSizeToVRAM:0]]
[2020.10.09-00.36.11:814][  0]LogConfig: Setting CVar [[r.Streaming.PoolSize:1000]]
[2020.10.09-00.36.11:814][  0]LogConfig: Setting CVar [[r.Streaming.MaxEffectiveScreenSize:0]]
[2020.10.09-00.36.11:814][  0]LogConfig: Applying CVar settings from Section [EffectsQuality@3] File [C:/Users/AutoLogon/Documents/GitHub/GAM537_A1/A1/Saved/Config/Windows/Scalability.ini]
[2020.10.09-00.36.11:814][  0]LogConfig: Setting CVar [[r.TranslucencyLightingVolumeDim:64]]
[2020.10.09-00.36.11:814][  0]LogConfig: Setting CVar [[r.RefractionQuality:2]]
[2020.10.09-00.36.11:814][  0]LogConfig: Setting CVar [[r.SSR.Quality:3]]
[2020.10.09-00.36.11:814][  0]LogConfig: Setting CVar [[r.SSR.HalfResSceneColor:0]]
[2020.10.09-00.36.11:814][  0]LogConfig: Setting CVar [[r.SceneColorFormat:4]]
[2020.10.09-00.36.11:814][  0]LogConfig: Setting CVar [[r.DetailMode:2]]
[2020.10.09-00.36.11:814][  0]LogConfig: Setting CVar [[r.TranslucencyVolumeBlur:1]]
[2020.10.09-00.36.11:814][  0]LogConfig: Setting CVar [[r.MaterialQualityLevel:1 ; High quality]]
[2020.10.09-00.36.11:814][  0]LogConfig: Setting CVar [[r.SSS.Scale:1]]
[2020.10.09-00.36.11:814][  0]LogConfig: Setting CVar [[r.SSS.SampleSet:2]]
[2020.10.09-00.36.11:814][  0]LogConfig: Setting CVar [[r.SSS.Quality:1]]
[2020.10.09-00.36.11:814][  0]LogConfig: Setting CVar [[r.SSS.HalfRes:0]]
[2020.10.09-00.36.11:814][  0]LogConfig: Setting CVar [[r.SSGI.Quality:3]]
[2020.10.09-00.36.11:815][  0]LogConfig: Setting CVar [[r.EmitterSpawnRateScale:1.0]]
[2020.10.09-00.36.11:815][  0]LogConfig: Setting CVar [[r.ParticleLightQuality:2]]
[2020.10.09-00.36.11:815][  0]LogConfig: Setting CVar [[r.SkyAtmosphere.AerialPerspectiveLUT.FastApplyOnOpaque:1 ; Always have FastSkyLUT 1 in this case to avoid wrong sky]]
[2020.10.09-00.36.11:815][  0]LogConfig: Setting CVar [[r.SkyAtmosphere.AerialPerspectiveLUT.SampleCountPerSlice:1]]
[2020.10.09-00.36.11:815][  0]LogConfig: Setting CVar [[r.SkyAtmosphere.AerialPerspectiveLUT.DepthResolution:16.0]]
[2020.10.09-00.36.11:815][  0]LogConfig: Setting CVar [[r.SkyAtmosphere.FastSkyLUT:1]]
[2020.10.09-00.36.11:815][  0]LogConfig: Setting CVar [[r.SkyAtmosphere.FastSkyLUT.SampleCountMin:4.0]]
[2020.10.09-00.36.11:815][  0]LogConfig: Setting CVar [[r.SkyAtmosphere.FastSkyLUT.SampleCountMax:32.0]]
[2020.10.09-00.36.11:815][  0]LogConfig: Setting CVar [[r.SkyAtmosphere.SampleCountMin:4.0]]
[2020.10.09-00.36.11:815][  0]LogConfig: Setting CVar [[r.SkyAtmosphere.SampleCountMax:32.0]]
[2020.10.09-00.36.11:815][  0]LogConfig: Setting CVar [[r.SkyAtmosphere.TransmittanceLUT.UseSmallFormat:0]]
[2020.10.09-00.36.11:815][  0]LogConfig: Setting CVar [[r.SkyAtmosphere.TransmittanceLUT.SampleCount:10.0]]
[2020.10.09-00.36.11:815][  0]LogConfig: Setting CVar [[r.SkyAtmosphere.MultiScatteringLUT.SampleCount:15.0]]
[2020.10.09-00.36.11:815][  0]LogConfig: Applying CVar settings from Section [FoliageQuality@3] File [C:/Users/AutoLogon/Documents/GitHub/GAM537_A1/A1/Saved/Config/Windows/Scalability.ini]
[2020.10.09-00.36.11:815][  0]LogConfig: Setting CVar [[foliage.DensityScale:1.0]]
[2020.10.09-00.36.11:815][  0]LogConfig: Setting CVar [[grass.DensityScale:1.0]]
[2020.10.09-00.36.11:815][  0]LogConfig: Applying CVar settings from Section [ShadingQuality@3] File [C:/Users/AutoLogon/Documents/GitHub/GAM537_A1/A1/Saved/Config/Windows/Scalability.ini]
[2020.10.09-00.36.11:815][  0]LogConfig: Setting CVar [[r.HairStrands.SkyLighting.SampleCount:16]]
[2020.10.09-00.36.11:815][  0]LogConfig: Setting CVar [[r.HairStrands.SkyLighting.JitterIntegration:0]]
[2020.10.09-00.36.11:815][  0]LogConfig: Setting CVar [[r.HairStrands.SkyAO.SampleCount:16]]
[2020.10.09-00.36.11:816][  0]LogConfig: Setting CVar [[r.HairStrands.DeepShadow.SuperSampling:0]]
[2020.10.09-00.36.11:816][  0]LogConfig: Setting CVar [[r.HairStrands.VisibilityPPLL:0]]
[2020.10.09-00.36.11:816][  0]LogConfig: Setting CVar [[r.HairStrands.RasterizationScale:0.5]]
[2020.10.09-00.36.11:816][  0]LogConfig: Setting CVar [[r.HairStrands.VelocityRasterizationScale:1]]
[2020.10.09-00.36.11:816][  0]LogConfig: Applying CVar settings from Section [Startup] File [../../../Engine/Config/ConsoleVariables.ini]
[2020.10.09-00.36.11:823][  0]LogConfig: Setting CVar [[net.UseAdaptiveNetUpdateFrequency:0]]
[2020.10.09-00.36.11:823][  0]LogConfig: Setting CVar [[p.chaos.AllowCreatePhysxBodies:1]]
[2020.10.09-00.36.11:823][  0]LogConfig: Setting CVar [[fx.SkipVectorVMBackendOptimizations:1]]
[2020.10.09-00.36.11:823][  0]LogConfig: Applying CVar settings from Section [ConsoleVariables] File [C:/Users/AutoLogon/Documents/GitHub/GAM537_A1/A1/Saved/Config/Windows/Engine.ini]
[2020.10.09-00.36.11:823][  0]LogInit: Computer: NHLOAN-L-2453
[2020.10.09-00.36.11:823][  0]LogInit: User: AutoLogon
[2020.10.09-00.36.11:823][  0]LogInit: CPU Page size=4096, Cores=2
[2020.10.09-00.36.11:823][  0]LogInit: High frequency timer resolution =10.000000 MHz
[2020.10.09-00.36.11:824][  0]LogMemory: Memory total: Physical=7.7GB (8GB approx)
[2020.10.09-00.36.11:824][  0]LogMemory: Platform Memory Stats for Windows
[2020.10.09-00.36.11:824][  0]LogMemory: Process Physical Memory: 112.68 MB used, 112.68 MB peak
[2020.10.09-00.36.11:824][  0]LogMemory: Process Virtual Memory: 94.88 MB used, 94.88 MB peak
[2020.10.09-00.36.11:824][  0]LogMemory: Physical Memory: 3522.04 MB used,  4376.10 MB free, 7898.13 MB total
[2020.10.09-00.36.11:824][  0]LogMemory: Virtual Memory: 5122.73 MB used,  134212608.00 MB free, 134217728.00 MB total
[2020.10.09-00.36.11:834][  0]LogWindows: WindowsPlatformFeatures enabled
[2020.10.09-00.36.11:901][  0]LogInit: Physics initialised using underlying interface: PhysX
[2020.10.09-00.36.11:903][  0]LogInit: Using OS detected language (en-US).
[2020.10.09-00.36.11:903][  0]LogInit: Using OS detected locale (en-US).
[2020.10.09-00.36.11:909][  0]LogTextLocalizationManager: No specific localization for 'en-US' exists, so the 'en' localization will be used.
[2020.10.09-00.36.12:419][  0]LogInit: Setting process to per monitor DPI aware
[2020.10.09-00.36.12:515][  0]LogSlate: New Slate User Created.  User Index 0, Is Virtual User: 0
[2020.10.09-00.36.12:516][  0]LogSlate: Slate User Registered.  User Index 0, Is Virtual User: 0
[2020.10.09-00.36.17:399][  0]LogHMD: Failed to initialize OpenVR with code 110
[2020.10.09-00.36.17:399][  0]LogD3D11RHI: D3D11 min allowed feature level: 11_0
[2020.10.09-00.36.17:399][  0]LogD3D11RHI: D3D11 max allowed feature level: 11_0
[2020.10.09-00.36.17:399][  0]LogD3D11RHI: D3D11 adapters:
[2020.10.09-00.36.17:591][  0]LogD3D11RHI:    0. 'Intel(R) HD Graphics 520' (Feature Level 11_0)
[2020.10.09-00.36.17:591][  0]LogD3D11RHI:       128/0/3949 MB DedicatedVideo/DedicatedSystem/SharedSystem, Outputs:1, VendorId:0x8086
[2020.10.09-00.36.17:597][  0]LogD3D11RHI:    1. 'Microsoft Basic Render Driver' (Feature Level 11_0)
[2020.10.09-00.36.17:597][  0]LogD3D11RHI:       0/0/3949 MB DedicatedVideo/DedicatedSystem/SharedSystem, Outputs:0, VendorId:0x1414
[2020.10.09-00.36.17:597][  0]LogD3D11RHI: Chosen D3D11 Adapter: 0
[2020.10.09-00.36.17:612][  0]LogD3D11RHI: Creating new Direct3DDevice
[2020.10.09-00.36.17:612][  0]LogD3D11RHI:     GPU DeviceId: 0x1916 (for the marketing name, search the web for "GPU Device Id")
[2020.10.09-00.36.17:612][  0]LogWindows: EnumDisplayDevices:
[2020.10.09-00.36.17:613][  0]LogWindows:    0. 'Intel(R) HD Graphics 520' (P:1 D:1)
[2020.10.09-00.36.17:613][  0]LogWindows:    1. 'Intel(R) HD Graphics 520' (P:0 D:0)
[2020.10.09-00.36.17:613][  0]LogWindows:    2. 'Intel(R) HD Graphics 520' (P:0 D:0)
[2020.10.09-00.36.17:614][  0]LogWindows: DebugString: FoundDriverCount:3 
[2020.10.09-00.36.17:614][  0]LogD3D11RHI:     Adapter Name: Intel(R) HD Graphics 520
[2020.10.09-00.36.17:614][  0]LogD3D11RHI:   Driver Version: 27.20.100.7990 (internal:27.20.100.7990, unified:27.20.100.7990)
[2020.10.09-00.36.17:614][  0]LogD3D11RHI:      Driver Date: 6-5-2020
[2020.10.09-00.36.17:614][  0]LogRHI: Texture pool is 1471 MB (70% of 2102 MB)
[2020.10.09-00.36.17:802][  0]LogD3D11RHI: RHI does not have support for 64 bit atomics
[2020.10.09-00.36.17:804][  0]LogD3D11RHI: [IntelMetricsDiscovery] Started
[2020.10.09-00.36.17:804][  0]LogD3D11RHI: Async texture creation enabled
[2020.10.09-00.36.17:804][  0]LogD3D11RHI: Array index from any shader is supported
[2020.10.09-00.36.17:817][  0]LogD3D11RHI: GPU Timing Frequency: 12.000048 (Debug: 2 0)
[2020.10.09-00.36.18:520][  0]LogTargetPlatformManager: Display: Loaded TargetPlatform 'AllDesktop'
[2020.10.09-00.36.18:569][  0]LogTargetPlatformManager: Display: Loaded TargetPlatform 'Android'
[2020.10.09-00.36.18:569][  0]LogTargetPlatformManager: Display: Loaded TargetPlatform 'Android_ASTC'
[2020.10.09-00.36.18:569][  0]LogTargetPlatformManager: Display: Loaded TargetPlatform 'Android_DXT'
[2020.10.09-00.36.18:569][  0]LogTargetPlatformManager: Display: Loaded TargetPlatform 'Android_ETC2'
[2020.10.09-00.36.18:569][  0]LogTargetPlatformManager: Display: Loaded TargetPlatform 'AndroidClient'
[2020.10.09-00.36.18:569][  0]LogTargetPlatformManager: Display: Loaded TargetPlatform 'Android_ASTCClient'
[2020.10.09-00.36.18:569][  0]LogTargetPlatformManager: Display: Loaded TargetPlatform 'Android_DXTClient'
[2020.10.09-00.36.18:569][  0]LogTargetPlatformManager: Display: Loaded TargetPlatform 'Android_ETC2Client'
[2020.10.09-00.36.18:569][  0]LogTargetPlatformManager: Display: Loaded TargetPlatform 'Android_Multi'
[2020.10.09-00.36.18:569][  0]LogTargetPlatformManager: Display: Loaded TargetPlatform 'Android_MultiClient'
[2020.10.09-00.36.18:624][  0]LogTargetPlatformManager: Display: Loaded TargetPlatform 'IOSClient'
[2020.10.09-00.36.18:624][  0]LogTargetPlatformManager: Display: Loaded TargetPlatform 'IOS'
[2020.10.09-00.36.18:654][  0]LogTargetPlatformManager: Display: Loaded TargetPlatform 'Linux'
[2020.10.09-00.36.18:673][  0]LogTargetPlatformManager: Display: Loaded TargetPlatform 'LinuxNoEditor'
[2020.10.09-00.36.18:691][  0]LogTargetPlatformManager: Display: Loaded TargetPlatform 'LinuxClient'
[2020.10.09-00.36.18:709][  0]LogTargetPlatformManager: Display: Loaded TargetPlatform 'LinuxServer'
[2020.10.09-00.36.18:728][  0]LogTargetPlatformManager: Display: Loaded TargetPlatform 'LinuxAArch64NoEditor'
[2020.10.09-00.36.18:750][  0]LogTargetPlatformManager: Display: Loaded TargetPlatform 'LinuxAArch64Client'
[2020.10.09-00.36.18:770][  0]LogTargetPlatformManager: Display: Loaded TargetPlatform 'LinuxAArch64Server'
[2020.10.09-00.36.18:832][  0]LogTargetPlatformManager: Display: Loaded TargetPlatform 'Lumin'
[2020.10.09-00.36.18:832][  0]LogTargetPlatformManager: Display: Loaded TargetPlatform 'LuminClient'
[2020.10.09-00.36.18:868][  0]LogTargetPlatformManager: Display: Loaded TargetPlatform 'TVOSClient'
[2020.10.09-00.36.18:868][  0]LogTargetPlatformManager: Display: Loaded TargetPlatform 'TVOS'
[2020.10.09-00.36.18:888][  0]LogTargetPlatformManager: Display: Loaded TargetPlatform 'WindowsNoEditor'
[2020.10.09-00.36.18:908][  0]LogTargetPlatformManager: Display: Loaded TargetPlatform 'Windows'
[2020.10.09-00.36.18:925][  0]LogTargetPlatformManager: Display: Loaded TargetPlatform 'WindowsClient'
[2020.10.09-00.36.18:943][  0]LogTargetPlatformManager: Display: Loaded TargetPlatform 'WindowsServer'
[2020.10.09-00.36.18:943][  0]LogTargetPlatformManager: Display: Building Assets For Windows
[2020.10.09-00.36.18:958][  0]LogAudioDebug: Display: Lib vorbis DLL was dynamically loaded.
[2020.10.09-00.36.19:080][  0]LogShaderCompilers: Guid format shader working directory is -13 characters bigger than the processId version (../../../../../../Users/AutoLogon/Documents/GitHub/GAM537_A1/A1/Intermediate/Shaders/WorkingDirectory/2336/).
[2020.10.09-00.36.19:080][  0]LogShaderCompilers: Cleaned the shader compiler working directory 'C:/Users/AutoLogon/AppData/Local/Temp/UnrealShaderWorkingDir/BBBFB5E94BA9054737A091996FA71641/'.
[2020.10.09-00.36.19:082][  0]LogXGEController: Cannot use XGE Controller as Incredibuild is not installed on this machine.
[2020.10.09-00.36.19:082][  0]LogShaderCompilers: Cannot use XGE Shader Compiler as Incredibuild is not installed on this machine.
[2020.10.09-00.36.19:082][  0]LogShaderCompilers: Display: Using Local Shader Compiler.
[2020.10.09-00.36.23:468][  0]LogDerivedDataCache: Display: Max Cache Size: 512 MB
[2020.10.09-00.36.23:561][  0]LogDerivedDataCache: Loaded boot cache 0.09s 76MB C:/Users/AutoLogon/AppData/Local/UnrealEngine/4.25/DerivedDataCache/Boot.ddc.
[2020.10.09-00.36.23:561][  0]LogDerivedDataCache: Display: Loaded Boot cache: C:/Users/AutoLogon/AppData/Local/UnrealEngine/4.25/DerivedDataCache/Boot.ddc
[2020.10.09-00.36.23:562][  0]LogDerivedDataCache: FDerivedDataBackendGraph:  Pak pak cache file ../../../../../../Users/AutoLogon/Documents/GitHub/GAM537_A1/A1/DerivedDataCache/DDC.ddp not found, will not use a pak cache.
[2020.10.09-00.36.23:562][  0]LogDerivedDataCache: Unable to find inner node Pak for hierarchical cache Hierarchy.
[2020.10.09-00.36.23:562][  0]LogDerivedDataCache: FDerivedDataBackendGraph:  CompressedPak pak cache file ../../../../../../Users/AutoLogon/Documents/GitHub/GAM537_A1/A1/DerivedDataCache/Compressed.ddp not found, will not use a pak cache.
[2020.10.09-00.36.23:562][  0]LogDerivedDataCache: Unable to find inner node CompressedPak for hierarchical cache Hierarchy.
[2020.10.09-00.36.23:587][  0]LogDerivedDataCache: Display: Pak cache opened for reading ../../../Engine/DerivedDataCache/Compressed.ddp.
[2020.10.09-00.36.23:587][  0]LogDerivedDataCache: FDerivedDataBackendGraph:  EnterprisePak pak cache file ../../../Enterprise/DerivedDataCache/Compressed.ddp not found, will not use a pak cache.
[2020.10.09-00.36.23:587][  0]LogDerivedDataCache: Unable to find inner node EnterprisePak for hierarchical cache Hierarchy.
[2020.10.09-00.36.23:591][  0]LogDerivedDataCache: Using Local data cache path C:/Users/AutoLogon/AppData/Local/UnrealEngine/Common/DerivedDataCache: Writable
[2020.10.09-00.36.23:591][  0]LogDerivedDataCache: Shared data cache path not found in *engine.ini, will not use an Shared cache.
[2020.10.09-00.36.23:591][  0]LogDerivedDataCache: Unable to find inner node Shared for hierarchical cache Hierarchy.
[2020.10.09-00.36.23:749][  0]LogSlate: Using FreeType 2.10.0
[2020.10.09-00.36.23:773][  0]LogSlate: SlateFontServices - WITH_FREETYPE: 1, WITH_HARFBUZZ: 1
[2020.10.09-00.36.24:034][  0]LogAssetRegistry: FAssetRegistry took 0.0057 seconds to start up
[2020.10.09-00.36.24:791][  0]LogInit: Selected Device Profile: [Windows]
[2020.10.09-00.36.25:220][  0]LogMeshReduction: Using QuadricMeshReduction for automatic static mesh reduction
[2020.10.09-00.36.25:220][  0]LogMeshReduction: Using SimplygonMeshReduction for automatic skeletal mesh reduction
[2020.10.09-00.36.25:220][  0]LogMeshReduction: Using ProxyLODMeshReduction for automatic mesh merging
[2020.10.09-00.36.25:220][  0]LogMeshReduction: No distributed automatic mesh merging module available
[2020.10.09-00.36.25:220][  0]LogMeshMerging: No distributed automatic mesh merging module available
[2020.10.09-00.36.25:351][  0]LogNetVersion: A1 1.0.0, NetCL: 13144385, EngineNetVer: 14, GameNetVer: 0 (Checksum: 757551055)
[2020.10.09-00.36.28:685][  0]LogAISub: UAISubsystem::UAISubsystem AISubsystem (000001CF2E417080), frame # 0
[2020.10.09-00.36.28:685][  0]LogAISub: UAISubsystem::UAISubsystem AIPerceptionSystem (000001CF2E3CAAC0), frame # 0
[2020.10.09-00.36.28:687][  0]LogAISub: UAISubsystem::UAISubsystem EnvQueryManager (000001CF2E41DC00), frame # 0
[2020.10.09-00.36.28:838][  0]LogPackageLocalizationCache: Processed 19 localized package path(s) for 1 prioritized culture(s) in 0.130663 seconds
[2020.10.09-00.36.28:845][  0]LogUObjectArray: 15917 objects as part of root set at end of initial load.
[2020.10.09-00.36.28:846][  0]LogUObjectAllocator: 3965568 out of 0 bytes used by permanent object pool.
[2020.10.09-00.36.28:846][  0]LogUObjectArray: CloseDisregardForGC: 0/0 objects in disregard for GC pool
[2020.10.09-00.36.29:617][  0]LogTcpMessaging: Initializing TcpMessaging bridge
[2020.10.09-00.36.29:623][  0]LogUdpMessaging: Initializing bridge on interface 0.0.0.0:0 to multicast group 230.0.0.1:6666.
[2020.10.09-00.36.29:798][  0]SourceControl: Source control is disabled
[2020.10.09-00.36.29:798][  0]SourceControl: Source control is disabled
[2020.10.09-00.36.29:804][  0]SourceControl: Source control is disabled
[2020.10.09-00.36.29:809][  0]SourceControl: Source control is disabled
[2020.10.09-00.36.29:820][  0]SourceControl: Source control is disabled
[2020.10.09-00.36.29:839][  0]LogVSAccessor: Display: Unable to create Visual Studio setup instance: 80040154
[2020.10.09-00.36.29:840][  0]LogVSAccessor: Display: Unable to create Visual Studio setup instance: 80040154
[2020.10.09-00.36.30:218][  0]LogAndroidPermission: UAndroidPermissionCallbackProxy::GetInstance
[2020.10.09-00.36.30:246][  0]LogAudioCaptureCore: Display: No Audio Capture implementations found. Audio input will be silent.
[2020.10.09-00.36.30:246][  0]LogAudioCaptureCore: Display: No Audio Capture implementations found. Audio input will be silent.
[2020.10.09-00.36.30:342][  0]LogOcInput: OculusInput pre-init called
[2020.10.09-00.36.30:358][  0]LogWindows: Failed to load 'OVRPlugin.dll' (GetLastError=126)
[2020.10.09-00.36.30:358][  0]LogWindows: File 'OVRPlugin.dll' does not exist
[2020.10.09-00.36.30:469][  0]LogEngine: Initializing Engine...
[2020.10.09-00.36.30:472][  0]LogHMD: Failed to initialize OpenVR with code 110
[2020.10.09-00.36.30:472][  0]LogMagicLeap: Warning: VR disabled because ZI is not enabled.  To enable, in the editor, Edit -> Project Settings -> Plugins -> Magic Leap Plugin -> Enable Zero Iteration
[2020.10.09-00.36.30:473][  0]LogStats: UGameplayTagsManager::InitializeManager -  0.000 s
[2020.10.09-00.36.30:833][  0]LogInit: Initializing FReadOnlyCVARCache
[2020.10.09-00.36.30:845][  0]LogAIModule: Creating AISystem for world Untitled
[2020.10.09-00.36.30:845][  0]LogAISub: UAISubsystem::UAISubsystem EnvQueryManager (000001CF317C3C00), frame # 0
[2020.10.09-00.36.30:845][  0]LogAISub: UAISubsystem::UAISubsystem AIPerceptionSystem (000001CF31819BC0), frame # 0
[2020.10.09-00.36.30:916][  0]LogAudioMixer: Display: Audio Mixer Platform Settings:
[2020.10.09-00.36.30:916][  0]LogAudioMixer: Display: 	Sample Rate:						  48000
[2020.10.09-00.36.30:916][  0]LogAudioMixer: Display: 	Callback Buffer Frame Size Requested: 1024
[2020.10.09-00.36.30:916][  0]LogAudioMixer: Display: 	Callback Buffer Frame Size To Use:	  1024
[2020.10.09-00.36.30:916][  0]LogAudioMixer: Display: 	Number of buffers to queue:			  2
[2020.10.09-00.36.30:916][  0]LogAudioMixer: Display: 	Max Channels (voices):				  32
[2020.10.09-00.36.30:916][  0]LogAudioMixer: Display: 	Number of Async Source Workers:		  0
[2020.10.09-00.36.30:916][  0]LogAudio: Display: AudioDevice MaxSources: 32
[2020.10.09-00.36.30:917][  0]LogAudio: Display: Using built-in audio occlusion.
[2020.10.09-00.36.30:917][  0]LogAudioMixer: Display: Initializing audio mixer.
[2020.10.09-00.36.30:941][  0]LogAudioMixer: Display: 0: FrontLeft
[2020.10.09-00.36.30:941][  0]LogAudioMixer: Display: 1: FrontRight
[2020.10.09-00.36.32:076][  0]LogAudioMixer: Display: Using Audio Device Speakers / Headphones (3- Realtek Audio)
[2020.10.09-00.36.32:079][  0]LogAudioMixer: Display: Initializing Sound Submixes...
[2020.10.09-00.36.32:103][  0]LogAudioMixer: Display: Creating Master Submix 'MasterSubmixDefault'
[2020.10.09-00.36.32:103][  0]LogAudioMixer: Display: Creating Master Submix 'MasterReverbSubmixDefault'
[2020.10.09-00.36.32:104][  0]LogAudioMixer: Display: Creating Master Submix 'MasterEQSubmixDefault'
[2020.10.09-00.36.32:106][  0]LogInit: FAudioDevice initialized.
[2020.10.09-00.36.32:106][  0]LogNetVersion: Set ProjectVersion to 1.0.0.0. Version Checksum will be recalculated on next use.
[2020.10.09-00.36.32:229][  0]LogDerivedDataCache: Saved boot cache 0.12s 76MB C:/Users/AutoLogon/AppData/Local/UnrealEngine/4.25/DerivedDataCache/Boot.ddc.
[2020.10.09-00.36.32:232][  0]LogInit: Texture streaming: Enabled
[2020.10.09-00.36.32:264][  0]LogEngineSessionManager: EngineSessionManager initialized
[2020.10.09-00.36.32:264][  0]LogEditorSessionSummary: Verbose: Initializing EditorSessionSummaryWriter for editor session tracking
[2020.10.09-00.36.32:266][  0]LogEditorSessionSummary: EditorSessionSummaryWriter initialized
[2020.10.09-00.36.32:390][  0]LogInit: Transaction tracking system initialized
[2020.10.09-00.36.32:434][  0]BlueprintLog: New page: Editor Load
[2020.10.09-00.36.32:592][  0]LocalizationService: Localization service is disabled
[2020.10.09-00.36.32:741][  0]LogVSAccessor: Display: Unable to create Visual Studio setup instance: 80040154
[2020.10.09-00.36.32:742][  0]LogVSAccessor: Display: Unable to create Visual Studio setup instance: 80040154
[2020.10.09-00.36.33:152][  0]LogCook: Display: Max memory allowance for cook 16384mb min free memory 0mb
[2020.10.09-00.36.33:153][  0]LogCook: Display: Mobile HDR setting 1
[2020.10.09-00.36.33:226][  0]LogFileCache: Scanning file cache for directory 'C:/Users/AutoLogon/Documents/GitHub/GAM537_A1/A1/Content/' took 0.01s
[2020.10.09-00.36.34:409][  0]SourceControl: Source control is disabled
[2020.10.09-00.36.34:410][  0]LogUnrealEdMisc: Loading editor; pre map load, took 26.005
[2020.10.09-00.36.34:410][  0]Cmd: MAP LOAD FILE="../../../../../../Users/AutoLogon/Documents/GitHub/GAM537_A1/A1/Content/ThirdPersonBP/Maps/ThirdPersonExampleMap.umap" TEMPLATE=0 SHOWPROGRESS=1 FEATURELEVEL=3
[2020.10.09-00.36.34:410][  0]LogEditorServer: Warning: Can't find file '../../../../../../Users/AutoLogon/Documents/GitHub/GAM537_A1/A1/Content/ThirdPersonBP/Maps/ThirdPersonExampleMap.umap'
[2020.10.09-00.36.34:410][  0]Cmd: MAP CHECKDEP NOCLEARLOG
[2020.10.09-00.36.34:410][  0]MapCheck: Map check complete: 0 Error(s), 0 Warning(s), took 0.214ms to complete.
[2020.10.09-00.36.34:410][  0]LogFileHelpers: Loading map 'ThirdPersonExampleMap' took 0.001
[2020.10.09-00.36.34:413][  0]LogUnrealEdMisc: Total Editor Startup Time, took 26.009
[2020.10.09-00.36.34:581][  0]LogSlate: Updating window title bar state: overlay mode, drag disabled, window buttons hidden, title bar hidden
[2020.10.09-00.36.34:593][  0]LogSlate: Updating window title bar state: overlay mode, drag disabled, window buttons hidden, title bar hidden
[2020.10.09-00.36.34:604][  0]LogSlate: Updating window title bar state: overlay mode, drag disabled, window buttons hidden, title bar hidden
[2020.10.09-00.36.34:616][  0]LogSlate: Updating window title bar state: overlay mode, drag disabled, window buttons hidden, title bar hidden
[2020.10.09-00.36.34:628][  0]LogCollectionManager: Loaded 0 collections in 0.002418 seconds
[2020.10.09-00.36.34:653][  0]LogFileCache: Scanning file cache for directory 'C:/Users/AutoLogon/Documents/GitHub/GAM537_A1/A1/Saved/Collections/' took 0.00s
[2020.10.09-00.36.34:653][  0]LogFileCache: Scanning file cache for directory 'C:/Users/AutoLogon/Documents/GitHub/GAM537_A1/A1/Content/Developers/AutoLogon/Collections/' took 0.00s
[2020.10.09-00.36.34:653][  0]LogFileCache: Scanning file cache for directory 'C:/Users/AutoLogon/Documents/GitHub/GAM537_A1/A1/Content/Collections/' took 0.00s
[2020.10.09-00.36.34:653][  0]LogContentBrowser: Native class hierarchy populated in 0.0144 seconds. Added 3427 classes and 821 folders.
[2020.10.09-00.36.34:657][  0]LogContentBrowser: Native class hierarchy updated for 'WidgetCarousel' in 0.0004 seconds. Added 0 classes and 0 folders.
[2020.10.09-00.36.34:958][  0]LogContentBrowser: Native class hierarchy updated for 'AddContentDialog' in 0.0006 seconds. Added 0 classes and 0 folders.
[2020.10.09-00.36.34:960][  0]LogContentBrowser: Native class hierarchy updated for 'SceneOutliner' in 0.0004 seconds. Added 2 classes and 0 folders.
[2020.10.09-00.36.35:008][  0]LogContentBrowser: Native class hierarchy updated for 'HierarchicalLODOutliner' in 0.0004 seconds. Added 0 classes and 0 folders.
[2020.10.09-00.36.35:008][  0]LogLoad: (Engine Initialization) Total time: 26.60 seconds
[2020.10.09-00.36.35:008][  0]LogLoad: (Engine Initialization) Total Blueprint compile time: 0.00 seconds
[2020.10.09-00.36.35:085][  0]LogContentStreaming: Texture pool size now 1000 MB
[2020.10.09-00.36.35:094][  0]LogSlate: Took 0.008686 seconds to synchronously load lazily loaded font '../../../Engine/Content/Slate/Fonts/Roboto-Regular.ttf' (155K)
[2020.10.09-00.36.35:106][  0]LogSlate: Took 0.008808 seconds to synchronously load lazily loaded font '../../../Engine/Content/Slate/Fonts/Roboto-Bold.ttf' (160K)
[2020.10.09-00.36.35:122][  0]LogSlate: Took 0.009495 seconds to synchronously load lazily loaded font '../../../Engine/Content/Editor/Slate/Fonts/FontAwesome.ttf' (139K)
[2020.10.09-00.36.35:579][  0]LogSlate: Took 0.018735 seconds to synchronously load lazily loaded font '../../../Engine/Content/Slate/Fonts/Roboto-Light.ttf' (167K)
[2020.10.09-00.36.35:656][  1]LogRenderer: Reallocating scene render targets to support 700x356 Format 10 NumSamples 1 (Frame:1).
[2020.10.09-00.36.35:656][  1]LogAssetRegistry: Asset discovery search completed in 11.6230 seconds
[2020.10.09-00.36.35:670][  1]LogCollectionManager: Fixed up redirectors for 0 collections in 0.000004 seconds (updated 0 objects)
[2020.10.09-00.37.23:233][384]LogSlate: Took 0.000312 seconds to synchronously load lazily loaded font '../../../Engine/Content/Slate/Fonts/Roboto-Light.ttf' (167K)
[2020.10.09-00.37.24:318][384]LogAssetEditorSubsystem: Opening Asset editor for World /Game/ThirdPersonBP/Maps/Level_1.Level_1
[2020.10.09-00.37.24:339][384]LogUObjectHash: Compacting FUObjectHashTables data took   1.41ms
[2020.10.09-00.37.24:343][384]Cmd: MAP LOAD FILE="../../../../../../Users/AutoLogon/Documents/GitHub/GAM537_A1/A1/Content/ThirdPersonBP/Maps/Level_1.umap" TEMPLATE=0 SHOWPROGRESS=1 FEATURELEVEL=3
[2020.10.09-00.37.24:343][384]LightingResults: New page: Lighting Build
[2020.10.09-00.37.24:344][384]LogContentBrowser: Native class hierarchy updated for 'StatsViewer' in 0.0006 seconds. Added 6 classes and 0 folders.
[2020.10.09-00.37.24:345][384]LoadErrors: New page: Loading map: Level_1.umap
[2020.10.09-00.37.24:345][384]LogWorld: UWorld::CleanupWorld for Untitled, bSessionEnded=true, bCleanupResources=true
[2020.10.09-00.37.24:345][384]LogSlate: InvalidateAllWidgets triggered.  All widgets were invalidated
[2020.10.09-00.37.24:345][384]MapCheck: New page: Map Check
[2020.10.09-00.37.24:345][384]LightingResults: New page: Lighting Build
[2020.10.09-00.37.24:359][384]LogAISub: UAISubsystem::~UAISubsystem EnvQueryManager (000001CF317C3C00), frame # 384
[2020.10.09-00.37.24:359][384]LogAISub: UAISubsystem::~UAISubsystem AIPerceptionSystem (000001CF31819BC0), frame # 384
[2020.10.09-00.37.24:361][384]LogUObjectHash: Compacting FUObjectHashTables data took   1.31ms
[2020.10.09-00.37.24:378][384]LogEditorServer: Finished looking for orphan Actors (0.000 secs)
[2020.10.09-00.37.24:378][384]LogAIModule: Creating AISystem for world Level_1
[2020.10.09-00.37.24:378][384]LogAISub: UAISubsystem::UAISubsystem EnvQueryManager (000001CF31849800), frame # 384
[2020.10.09-00.37.24:378][384]LogAISub: UAISubsystem::UAISubsystem AIPerceptionSystem (000001CF4B81D580), frame # 384
[2020.10.09-00.37.24:403][384]LogUObjectHash: Compacting FUObjectHashTables data took   1.15ms
[2020.10.09-00.37.24:455][384]Cmd: MAP CHECKDEP NOCLEARLOG
[2020.10.09-00.37.24:457][384]MapCheck: Map check complete: 0 Error(s), 0 Warning(s), took 2.2ms to complete.
[2020.10.09-00.37.24:457][384]LogFileHelpers: Loading map 'Level_1' took 0.115
[2020.10.09-00.37.31:362][591]LogTemp: Repeating last play command: Selected Viewport
[2020.10.09-00.37.31:385][591]LogPlayLevel: PlayLevel: No blueprints needed recompiling
[2020.10.09-00.37.31:388][591]PIE: New page: PIE session: Level_1 (Oct 8, 2020, 4:37:31 PM)
[2020.10.09-00.37.31:390][591]LogOnline: OSS: Creating online subsystem instance for: NULL
[2020.10.09-00.37.31:391][591]LogOnline: OSS: TryLoadSubsystemAndSetDefault: Loaded subsystem for module [NULL]
[2020.10.09-00.37.31:391][591]LogPlayLevel: Creating play world package: /Game/ThirdPersonBP/Maps/UEDPIE_0_Level_1
[2020.10.09-00.37.31:420][591]LogPlayLevel: PIE: StaticDuplicateObject took: (0.027991s)
[2020.10.09-00.37.31:422][591]LogAIModule: Creating AISystem for world Level_1
[2020.10.09-00.37.31:422][591]LogAISub: UAISubsystem::UAISubsystem EnvQueryManager (000001CF596EFE00), frame # 591
[2020.10.09-00.37.31:422][591]LogAISub: UAISubsystem::UAISubsystem AIPerceptionSystem (000001CF27643240), frame # 591
[2020.10.09-00.37.31:422][591]LogPlayLevel: PIE: World Init took: (0.001952s)
[2020.10.09-00.37.31:422][591]LogPlayLevel: PIE: Created PIE world by copying editor world from /Game/ThirdPersonBP/Maps/Level_1.Level_1 to /Game/ThirdPersonBP/Maps/UEDPIE_0_Level_1.Level_1 (0.030618s)
[2020.10.09-00.37.31:438][591]LogUObjectHash: Compacting FUObjectHashTables data took   1.01ms
[2020.10.09-00.37.31:442][591]LogAudioMixer: Display: Audio Mixer Platform Settings:
[2020.10.09-00.37.31:442][591]LogAudioMixer: Display: 	Sample Rate:						  48000
[2020.10.09-00.37.31:442][591]LogAudioMixer: Display: 	Callback Buffer Frame Size Requested: 1024
[2020.10.09-00.37.31:442][591]LogAudioMixer: Display: 	Callback Buffer Frame Size To Use:	  1024
[2020.10.09-00.37.31:442][591]LogAudioMixer: Display: 	Number of buffers to queue:			  2
[2020.10.09-00.37.31:442][591]LogAudioMixer: Display: 	Max Channels (voices):				  32
[2020.10.09-00.37.31:442][591]LogAudioMixer: Display: 	Number of Async Source Workers:		  0
[2020.10.09-00.37.31:443][591]LogAudio: Display: AudioDevice MaxSources: 32
[2020.10.09-00.37.31:443][591]LogAudio: Display: Using built-in audio occlusion.
[2020.10.09-00.37.31:443][591]LogAudioMixer: Display: Initializing audio mixer.
[2020.10.09-00.37.31:447][591]LogAudioMixer: Display: 0: FrontLeft
[2020.10.09-00.37.31:447][591]LogAudioMixer: Display: 1: FrontRight
[2020.10.09-00.37.31:567][591]LogAudioMixer: Display: Using Audio Device Speakers / Headphones (3- Realtek Audio)
[2020.10.09-00.37.31:567][591]LogAudioMixer: Display: Initializing Sound Submixes...
[2020.10.09-00.37.31:567][591]LogAudioMixer: Display: Creating Master Submix 'MasterSubmixDefault'
[2020.10.09-00.37.31:567][591]LogAudioMixer: Display: Creating Master Submix 'MasterReverbSubmixDefault'
[2020.10.09-00.37.31:568][591]LogAudioMixer: Display: Creating Master Submix 'MasterEQSubmixDefault'
[2020.10.09-00.37.31:595][591]LogInit: FAudioDevice initialized.
[2020.10.09-00.37.31:628][591]LogLoad: Game class is 'ThirdPersonGameMode_C'
[2020.10.09-00.37.31:632][591]LogWorld: Bringing World /Game/ThirdPersonBP/Maps/UEDPIE_0_Level_1.Level_1 up for play (max tick rate 60) at 2020.10.08-20.37.31
[2020.10.09-00.37.31:633][591]LogWorld: Bringing up level for play took: 0.003788
[2020.10.09-00.37.31:633][591]LogOnline: OSS: Creating online subsystem instance for: :Context_1
[2020.10.09-00.37.31:644][591]LogContentBrowser: Native class hierarchy updated for 'MovieSceneCapture' in 0.0007 seconds. Added 20 classes and 0 folders.
[2020.10.09-00.37.31:647][591]PIE: Server logged in
[2020.10.09-00.37.31:649][591]PIE: Play in editor total start time 0.264 seconds.
[2020.10.09-00.37.53:994][190]LogNet: Browse: /Game/ThirdPersonBP/Maps/Level_2
[2020.10.09-00.37.53:997][190]LogLoad: LoadMap: /Game/ThirdPersonBP/Maps/Level_2
[2020.10.09-00.37.53:997][190]LogWorld: BeginTearingDown for /Game/ThirdPersonBP/Maps/UEDPIE_0_Level_1
[2020.10.09-00.37.53:999][190]LogWorld: UWorld::CleanupWorld for Level_1, bSessionEnded=true, bCleanupResources=true
[2020.10.09-00.37.54:000][190]LogSlate: InvalidateAllWidgets triggered.  All widgets were invalidated
[2020.10.09-00.37.54:036][190]LogAISub: UAISubsystem::~UAISubsystem AIPerceptionSystem (000001CF27643240), frame # 1190
[2020.10.09-00.37.54:036][190]LogAISub: UAISubsystem::~UAISubsystem EnvQueryManager (000001CF596EFE00), frame # 1190
[2020.10.09-00.37.54:040][190]LogUObjectHash: Compacting FUObjectHashTables data took   2.65ms
[2020.10.09-00.37.54:257][190]LogAIModule: Creating AISystem for world Level_2
[2020.10.09-00.37.54:257][190]LogAISub: UAISubsystem::UAISubsystem EnvQueryManager (000001CF4B844200), frame # 1190
[2020.10.09-00.37.54:257][190]LogAISub: UAISubsystem::UAISubsystem AIPerceptionSystem (000001CF2749CE00), frame # 1190
[2020.10.09-00.37.54:257][190]LogLoad: Game class is 'ThirdPersonGameMode_C'
[2020.10.09-00.37.54:263][190]LogWorld: Bringing World /Game/ThirdPersonBP/Maps/UEDPIE_0_Level_2.Level_2 up for play (max tick rate 60) at 2020.10.08-20.37.54
[2020.10.09-00.37.54:263][190]LogWorld: Bringing up level for play took: 0.004957
[2020.10.09-00.37.54:266][190]LogLoad: Took 0.269026 seconds to LoadMap(/Game/ThirdPersonBP/Maps/Level_2)
[2020.10.09-00.38.01:280][382]LogSlate: Updating window title bar state: overlay mode, drag disabled, window buttons hidden, title bar hidden
[2020.10.09-00.38.01:280][382]LogWorld: BeginTearingDown for /Game/ThirdPersonBP/Maps/UEDPIE_0_Level_2
[2020.10.09-00.38.01:281][382]LogWorld: UWorld::CleanupWorld for Level_2, bSessionEnded=true, bCleanupResources=true
[2020.10.09-00.38.01:283][382]LogSlate: InvalidateAllWidgets triggered.  All widgets were invalidated
[2020.10.09-00.38.01:329][382]LogPlayLevel: Display: Shutting down PIE online subsystems
[2020.10.09-00.38.01:331][382]LogSlate: InvalidateAllWidgets triggered.  All widgets were invalidated
[2020.10.09-00.38.01:379][382]LogSlate: Updating window title bar state: overlay mode, drag disabled, window buttons hidden, title bar hidden
[2020.10.09-00.38.01:380][382]LogAISub: UAISubsystem::~UAISubsystem AIPerceptionSystem (000001CF2749CE00), frame # 1382
[2020.10.09-00.38.01:380][382]LogAISub: UAISubsystem::~UAISubsystem EnvQueryManager (000001CF4B844200), frame # 1382
[2020.10.09-00.38.01:381][382]LogUObjectHash: Compacting FUObjectHashTables data took   1.01ms
[2020.10.09-00.38.01:420][383]LogPlayLevel: Display: Destroying online subsystem :Context_1
[2020.10.09-00.38.05:552][521]LogAssetEditorSubsystem: Opening Asset editor for World /Game/ThirdPersonBP/Maps/Level_2.Level_2
[2020.10.09-00.38.05:566][521]LogUObjectHash: Compacting FUObjectHashTables data took   1.30ms
[2020.10.09-00.38.05:567][521]Cmd: MAP LOAD FILE="../../../../../../Users/AutoLogon/Documents/GitHub/GAM537_A1/A1/Content/ThirdPersonBP/Maps/Level_2.umap" TEMPLATE=0 SHOWPROGRESS=1 FEATURELEVEL=3
[2020.10.09-00.38.05:568][521]LightingResults: New page: Lighting Build
[2020.10.09-00.38.05:568][521]LoadErrors: New page: Loading map: Level_2.umap
[2020.10.09-00.38.05:570][521]LogWorld: UWorld::CleanupWorld for Level_1, bSessionEnded=true, bCleanupResources=true
[2020.10.09-00.38.05:570][521]LogSlate: InvalidateAllWidgets triggered.  All widgets were invalidated
[2020.10.09-00.38.05:570][521]MapCheck: New page: Map Check
[2020.10.09-00.38.05:570][521]LightingResults: New page: Lighting Build
[2020.10.09-00.38.05:584][521]LogAISub: UAISubsystem::~UAISubsystem AIPerceptionSystem (000001CF4B81D580), frame # 1521
[2020.10.09-00.38.05:584][521]LogAISub: UAISubsystem::~UAISubsystem EnvQueryManager (000001CF31849800), frame # 1521
[2020.10.09-00.38.05:586][521]LogUObjectHash: Compacting FUObjectHashTables data took   1.63ms
[2020.10.09-00.38.05:599][521]LogEditorServer: Finished looking for orphan Actors (0.000 secs)
[2020.10.09-00.38.05:599][521]LogAIModule: Creating AISystem for world Level_2
[2020.10.09-00.38.05:599][521]LogAISub: UAISubsystem::UAISubsystem EnvQueryManager (000001CF31848200), frame # 1521
[2020.10.09-00.38.05:599][521]LogAISub: UAISubsystem::UAISubsystem AIPerceptionSystem (000001CF4BB74900), frame # 1521
[2020.10.09-00.38.05:617][521]LogUObjectHash: Compacting FUObjectHashTables data took   0.96ms
[2020.10.09-00.38.05:654][521]Cmd: MAP CHECKDEP NOCLEARLOG
[2020.10.09-00.38.05:654][521]MapCheck: Map check complete: 0 Error(s), 0 Warning(s), took 0.292ms to complete.
[2020.10.09-00.38.05:655][521]LogFileHelpers: Loading map 'Level_2' took 0.087
[2020.10.09-00.38.08:658][611]LogEditorViewport: Clicking on Actor (LMB): StaticMeshActor (Wall7)
[2020.10.09-00.38.18:245][  0]LogEditorViewport: Clicking Background
[2020.10.09-00.38.19:277][ 60]LogEditorViewport: Clicking on Actor (LMB): StaticMeshActor (Wall15)
[2020.10.09-00.38.37:836][859]LogUObjectHash: Compacting FUObjectHashTables data took   0.99ms
[2020.10.09-00.38.37:911][859]LogSavePackage: Moving '../../../../../../Users/AutoLogon/Documents/GitHub/GAM537_A1/A1/Saved/Level_23A696A3C494EFB21FDDF12A183CB9CBE.tmp' to '../../../../../../Users/AutoLogon/Documents/GitHub/GAM537_A1/A1/Content/ThirdPersonBP/Maps/Level_2.umap'
[2020.10.09-00.38.38:495][859]LogSavePackage: Moving '../../../../../../Users/AutoLogon/Documents/GitHub/GAM537_A1/A1/Saved/Level_2_BuiltDataF0A1E56643BC33A247310FA5E5AA0ED0.tmp' to '../../../../../../Users/AutoLogon/Documents/GitHub/GAM537_A1/A1/Content/ThirdPersonBP/Maps/Level_2_BuiltData.uasset'
[2020.10.09-00.38.38:576][859]AssetCheck: New page: Asset Save: multiple assets
[2020.10.09-00.38.38:576][859]LogContentValidation: Display: Validating World /Game/ThirdPersonBP/Maps/Level_2.Level_2
[2020.10.09-00.38.38:576][859]LogContentValidation: Display: Validating MapBuildDataRegistry /Game/ThirdPersonBP/Maps/Level_2_BuiltData.Level_2_BuiltData
[2020.10.09-00.38.57:970][496]LogEditorViewport: Clicking on Actor (LMB): StaticMeshActor (Floor)
[2020.10.09-00.39.01:281][663]LogEditorViewport: Clicking on Actor (LMB): StaticMeshActor (Floor)
[2020.10.09-00.39.02:188][709]LogEditorViewport: Clicking on Actor (LMB): StaticMeshActor (Floor)
[2020.10.09-00.39.03:048][753]LogEditorViewport: Clicking on Actor (LMB): StaticMeshActor (Floor)
[2020.10.09-00.39.04:475][809]LogEditorViewport: Clicking on Actor (LMB): StaticMeshActor (Wall13)
[2020.10.09-00.39.07:646][964]LogEditorViewport: Clicking Background
[2020.10.09-00.39.16:679][490]LogUObjectHash: Compacting FUObjectHashTables data took   1.04ms
[2020.10.09-00.39.16:728][490]LogSavePackage: Moving '../../../../../../Users/AutoLogon/Documents/GitHub/GAM537_A1/A1/Saved/Level_2258BAED444FFC8C3218086B6564B9936.tmp' to '../../../../../../Users/AutoLogon/Documents/GitHub/GAM537_A1/A1/Content/ThirdPersonBP/Maps/Level_2.umap'
[2020.10.09-00.39.17:162][490]LogSavePackage: Moving '../../../../../../Users/AutoLogon/Documents/GitHub/GAM537_A1/A1/Saved/Level_2_BuiltData2DA4A9CA4BDA220EBE41C8989D054C38.tmp' to '../../../../../../Users/AutoLogon/Documents/GitHub/GAM537_A1/A1/Content/ThirdPersonBP/Maps/Level_2_BuiltData.uasset'
[2020.10.09-00.39.17:188][490]AssetCheck: New page: Asset Save: multiple assets
[2020.10.09-00.39.17:188][490]LogContentValidation: Display: Validating World /Game/ThirdPersonBP/Maps/Level_2.Level_2
[2020.10.09-00.39.17:188][490]LogContentValidation: Display: Validating MapBuildDataRegistry /Game/ThirdPersonBP/Maps/Level_2_BuiltData.Level_2_BuiltData
[2020.10.09-00.39.20:570][688]LogEditorViewport: Clicking on Actor (LMB): StaticMeshActor (Wall16)
[2020.10.09-00.39.21:581][740]Cmd: EDIT COPY
[2020.10.09-00.39.21:812][752]Cmd: EDIT PASTE
[2020.10.09-00.39.26:304][995]LogUObjectHash: Compacting FUObjectHashTables data took   0.89ms
[2020.10.09-00.39.26:350][995]LogSavePackage: Moving '../../../../../../Users/AutoLogon/Documents/GitHub/GAM537_A1/A1/Saved/Level_22B0D5AF9423FD7CA9199F5A8CE06D4F0.tmp' to '../../../../../../Users/AutoLogon/Documents/GitHub/GAM537_A1/A1/Content/ThirdPersonBP/Maps/Level_2.umap'
[2020.10.09-00.39.26:789][995]LogSavePackage: Moving '../../../../../../Users/AutoLogon/Documents/GitHub/GAM537_A1/A1/Saved/Level_2_BuiltData63702DFD43C4B692E86C91B572D44C0E.tmp' to '../../../../../../Users/AutoLogon/Documents/GitHub/GAM537_A1/A1/Content/ThirdPersonBP/Maps/Level_2_BuiltData.uasset'
[2020.10.09-00.39.26:806][995]AssetCheck: New page: Asset Save: multiple assets
[2020.10.09-00.39.26:806][995]LogContentValidation: Display: Validating World /Game/ThirdPersonBP/Maps/Level_2.Level_2
[2020.10.09-00.39.26:806][995]LogContentValidation: Display: Validating MapBuildDataRegistry /Game/ThirdPersonBP/Maps/Level_2_BuiltData.Level_2_BuiltData
[2020.10.09-00.39.36:679][556]LogUObjectHash: Compacting FUObjectHashTables data took   0.74ms
[2020.10.09-00.39.36:725][556]LogSavePackage: Moving '../../../../../../Users/AutoLogon/Documents/GitHub/GAM537_A1/A1/Saved/Level_25F049B004563E06BAADD90869CF57B47.tmp' to '../../../../../../Users/AutoLogon/Documents/GitHub/GAM537_A1/A1/Content/ThirdPersonBP/Maps/Level_2.umap'
[2020.10.09-00.39.37:151][556]LogSavePackage: Moving '../../../../../../Users/AutoLogon/Documents/GitHub/GAM537_A1/A1/Saved/Level_2_BuiltData622583824F7A4E3A3C1AA097255A9FF1.tmp' to '../../../../../../Users/AutoLogon/Documents/GitHub/GAM537_A1/A1/Content/ThirdPersonBP/Maps/Level_2_BuiltData.uasset'
[2020.10.09-00.39.37:171][556]AssetCheck: New page: Asset Save: multiple assets
[2020.10.09-00.39.37:171][556]LogContentValidation: Display: Validating World /Game/ThirdPersonBP/Maps/Level_2.Level_2
[2020.10.09-00.39.37:171][556]LogContentValidation: Display: Validating MapBuildDataRegistry /Game/ThirdPersonBP/Maps/Level_2_BuiltData.Level_2_BuiltData
[2020.10.09-00.39.52:434][415]LogEditorViewport: Clicking Background
[2020.10.09-00.39.54:489][533]LogUObjectHash: Compacting FUObjectHashTables data took   0.35ms
[2020.10.09-00.39.54:534][533]LogSavePackage: Moving '../../../../../../Users/AutoLogon/Documents/GitHub/GAM537_A1/A1/Saved/Level_245D6C3184EF297576359D3B4D7CBC736.tmp' to '../../../../../../Users/AutoLogon/Documents/GitHub/GAM537_A1/A1/Content/ThirdPersonBP/Maps/Level_2.umap'
[2020.10.09-00.39.54:961][533]LogSavePackage: Moving '../../../../../../Users/AutoLogon/Documents/GitHub/GAM537_A1/A1/Saved/Level_2_BuiltDataAD019C884ABBE8151B99D7A065CFF6C4.tmp' to '../../../../../../Users/AutoLogon/Documents/GitHub/GAM537_A1/A1/Content/ThirdPersonBP/Maps/Level_2_BuiltData.uasset'
[2020.10.09-00.39.54:978][533]AssetCheck: New page: Asset Save: multiple assets
[2020.10.09-00.39.54:978][533]LogContentValidation: Display: Validating World /Game/ThirdPersonBP/Maps/Level_2.Level_2
[2020.10.09-00.39.54:978][533]LogContentValidation: Display: Validating MapBuildDataRegistry /Game/ThirdPersonBP/Maps/Level_2_BuiltData.Level_2_BuiltData
[2020.10.09-00.39.56:353][615]LogEditorViewport: Clicking on Actor (LMB): StaticMeshActor (Wall15)
[2020.10.09-00.40.15:339][698]LogEditorViewport: Clicking Background
[2020.10.09-00.40.17:997][856]LogEditorViewport: Clicking on Actor (LMB): StaticMeshActor (Wall15)
[2020.10.09-00.40.25:283][979]LogD3D11RHI: GetQueryData is taking a very long time (5.0 s)
[2020.10.09-00.40.30:282][979]LogD3D11RHI: GetQueryData is taking a very long time (10.0 s)
[2020.10.09-00.40.35:282][979]LogD3D11RHI: GetQueryData is taking a very long time (15.0 s)
[2020.10.09-00.40.40:282][979]LogD3D11RHI: GetQueryData is taking a very long time (20.0 s)
[2020.10.09-00.40.45:283][979]LogD3D11RHI: GetQueryData is taking a very long time (25.0 s)
[2020.10.09-00.40.50:283][979]LogD3D11RHI: GetQueryData is taking a very long time (30.0 s)
[2020.10.09-00.40.50:283][979]LogD3D11RHI: Timed out while waiting for GPU to catch up. (30.0 s) (ErrorCode 00000001)
[2020.10.09-00.40.50:299][979]LogWindows: Windows GetLastError: The operation completed successfully. (0)
[2020.10.09-00.40.53:982][979]LogOutputDevice: Warning: 

Script Stack (0 frames):

[2020.10.09-00.40.53:982][979]LogWindows: Windows GetLastError: The operation completed successfully. (0)
[2020.10.09-00.40.53:990][979]LogWindows: Error: === Critical error: ===
[2020.10.09-00.40.53:990][979]LogWindows: Error: 
[2020.10.09-00.40.53:990][979]LogWindows: Error: Fatal error: [File:D:/Build/++UE4+Licensee/Sync/Engine/Source/Runtime/RenderCore/Private/RenderingThread.cpp] [Line: 855] 
[2020.10.09-00.40.53:990][979]LogWindows: Error: Rendering thread exception:
[2020.10.09-00.40.53:990][979]LogWindows: Error: Assertion failed: GD3D11RHI->GetQueryData(Query->Resource, &Query->Result, sizeof(Query->Result), Query->QueryType, true, false) [File:D:/Build/++UE4+Licensee/Sync/Engine/Source/Runtime/Windows/D3D11RHI/Private/D3D11Query.cpp] [Line: 45] 
[2020.10.09-00.40.53:990][979]LogWindows: Error: 
[2020.10.09-00.40.53:990][979]LogWindows: Error: 
[2020.10.09-00.40.53:990][979]LogWindows: Error: 
[2020.10.09-00.40.53:990][979]LogWindows: Error: [Callstack] 0x00007ff9e782a719 KERNELBASE.dll!UnknownFunction []
[2020.10.09-00.40.53:990][979]LogWindows: Error: [Callstack] 0x00007ff99617e9e6 UE4Editor-Core.dll!UnknownFunction []
[2020.10.09-00.40.53:990][979]LogWindows: Error: [Callstack] 0x00007ff996181dc8 UE4Editor-Core.dll!UnknownFunction []
[2020.10.09-00.40.53:990][979]LogWindows: Error: [Callstack] 0x00007ff995f0e53d UE4Editor-Core.dll!UnknownFunction []
[2020.10.09-00.40.53:990][979]LogWindows: Error: [Callstack] 0x00007ff995e997b5 UE4Editor-Core.dll!UnknownFunction []
[2020.10.09-00.40.53:990][979]LogWindows: Error: [Callstack] 0x00007ff995e9baf0 UE4Editor-Core.dll!UnknownFunction []
[2020.10.09-00.40.53:990][979]LogWindows: Error: [Callstack] 0x00007ff97ff3027e UE4Editor-D3D11RHI.dll!UnknownFunction []
[2020.10.09-00.40.53:991][979]LogWindows: Error: [Callstack] 0x00007ff97ff3f7ef UE4Editor-D3D11RHI.dll!UnknownFunction []
[2020.10.09-00.40.53:991][979]LogWindows: Error: [Callstack] 0x00007ff9cdcb088e UE4Editor-RHI.dll!UnknownFunction []
[2020.10.09-00.40.53:991][979]LogWindows: Error: [Callstack] 0x00007ff692226e16 UE4Editor.exe!UnknownFunction []
[2020.10.09-00.40.53:991][979]LogWindows: Error: [Callstack] 0x00007ff692229682 UE4Editor.exe!UnknownFunction []
[2020.10.09-00.40.53:991][979]LogWindows: Error: [Callstack] 0x00007ff995cb87d8 UE4Editor-Core.dll!UnknownFunction []
[2020.10.09-00.40.53:991][979]LogWindows: Error: [Callstack] 0x00007ff995cb8aa3 UE4Editor-Core.dll!UnknownFunction []
[2020.10.09-00.40.53:991][979]LogWindows: Error: [Callstack] 0x00007ff9a6def892 UE4Editor-RenderCore.dll!UnknownFunction []
[2020.10.09-00.40.53:991][979]LogWindows: Error: [Callstack] 0x00007ff9a6df53d4 UE4Editor-RenderCore.dll!UnknownFunction []
[2020.10.09-00.40.53:991][979]LogWindows: Error: [Callstack] 0x00007ff9961a025b UE4Editor-Core.dll!UnknownFunction []
[2020.10.09-00.40.53:991][979]LogWindows: Error: [Callstack] 0x00007ff996197c30 UE4Editor-Core.dll!UnknownFunction []
[2020.10.09-00.40.53:991][979]LogWindows: Error: [Callstack] 0x00007ff9e9c67bd4 KERNEL32.DLL!UnknownFunction []
[2020.10.09-00.40.53:991][979]LogWindows: Error: [Callstack] 0x00007ff9ea60ce51 ntdll.dll!UnknownFunction []
[2020.10.09-00.40.53:991][979]LogWindows: Error: 
[2020.10.09-00.40.53:991][979]LogWindows: Error: 
[2020.10.09-00.40.53:991][979]LogWindows: Error: 
[2020.10.09-00.40.53:991][979]LogWindows: Error: 
[2020.10.09-00.40.54:021][979]LogExit: Executing StaticShutdownAfterError
[2020.10.09-00.40.54:025][979]LogWindows: FPlatformMisc::RequestExit(1)
[2020.10.09-00.40.54:025][979]LogCore: Engine exit requested (reason: Win RequestExit)
[2020.10.09-00.40.54:035][979]Log file closed, 10/08/20 20:40:54
